[     567ms] [WARNING] [React Grab] v0.0.98 is outdated (latest: v0.1.13) @ http://localhost:5173/node_modules/.vite/deps/react-grab.js?v=81c79f6a:3589
[     658ms] [WARNING] i18next is maintained with support from locize.com — consider powering your project with managed localization (AI, CDN, integrations): https://locize.com @ http://localhost:5173/node_modules/.vite/deps/chunk-RCACHFWD.js?v=81c79f6a:1744
[     690ms] [WARNING] i18next::languageUtils: rejecting language code not found in supportedLngs: zh @ http://localhost:5173/node_modules/.vite/deps/chunk-RCACHFWD.js?v=81c79f6a:204
[     691ms] [WARNING] i18next::languageUtils: rejecting language code not found in supportedLngs: zh @ http://localhost:5173/node_modules/.vite/deps/chunk-RCACHFWD.js?v=81c79f6a:204
[     709ms] [WARNING] i18next::languageUtils: rejecting language code not found in supportedLngs: zh @ http://localhost:5173/node_modules/.vite/deps/chunk-RCACHFWD.js?v=81c79f6a:204
[     748ms] [WARNING] i18next::languageUtils: rejecting language code not found in supportedLngs: zh @ http://localhost:5173/node_modules/.vite/deps/chunk-RCACHFWD.js?v=81c79f6a:204
[     749ms] [WARNING] i18next::languageUtils: rejecting language code not found in supportedLngs: zh @ http://localhost:5173/node_modules/.vite/deps/chunk-RCACHFWD.js?v=81c79f6a:204
[     761ms] [WARNING] i18next::languageUtils: rejecting language code not found in supportedLngs: zh @ http://localhost:5173/node_modules/.vite/deps/chunk-RCACHFWD.js?v=81c79f6a:204
[     771ms] [WARNING] i18next::languageUtils: rejecting language code not found in supportedLngs: zh @ http://localhost:5173/node_modules/.vite/deps/chunk-RCACHFWD.js?v=81c79f6a:204
[     785ms] [WARNING] i18next::languageUtils: rejecting language code not found in supportedLngs: zh @ http://localhost:5173/node_modules/.vite/deps/chunk-RCACHFWD.js?v=81c79f6a:204
[     791ms] [WARNING] i18next::languageUtils: rejecting language code not found in supportedLngs: zh @ http://localhost:5173/node_modules/.vite/deps/chunk-RCACHFWD.js?v=81c79f6a:204
[     792ms] [WARNING] i18next::languageUtils: rejecting language code not found in supportedLngs: zh @ http://localhost:5173/node_modules/.vite/deps/chunk-RCACHFWD.js?v=81c79f6a:204
[     792ms] [WARNING] i18next::languageUtils: rejecting language code not found in supportedLngs: zh @ http://localhost:5173/node_modules/.vite/deps/chunk-RCACHFWD.js?v=81c79f6a:204
[     792ms] [WARNING] i18next::languageUtils: rejecting language code not found in supportedLngs: zh @ http://localhost:5173/node_modules/.vite/deps/chunk-RCACHFWD.js?v=81c79f6a:204
[     793ms] [WARNING] i18next::languageUtils: rejecting language code not found in supportedLngs: zh @ http://localhost:5173/node_modules/.vite/deps/chunk-RCACHFWD.js?v=81c79f6a:204
[     793ms] [WARNING] i18next::languageUtils: rejecting language code not found in supportedLngs: zh @ http://localhost:5173/node_modules/.vite/deps/chunk-RCACHFWD.js?v=81c79f6a:204
[     793ms] [WARNING] i18next::languageUtils: rejecting language code not found in supportedLngs: zh @ http://localhost:5173/node_modules/.vite/deps/chunk-RCACHFWD.js?v=81c79f6a:204
[     794ms] [WARNING] i18next::languageUtils: rejecting language code not found in supportedLngs: zh @ http://localhost:5173/node_modules/.vite/deps/chunk-RCACHFWD.js?v=81c79f6a:204
[     794ms] [WARNING] i18next::languageUtils: rejecting language code not found in supportedLngs: zh @ http://localhost:5173/node_modules/.vite/deps/chunk-RCACHFWD.js?v=81c79f6a:204
[     794ms] [WARNING] i18next::languageUtils: rejecting language code not found in supportedLngs: zh @ http://localhost:5173/node_modules/.vite/deps/chunk-RCACHFWD.js?v=81c79f6a:204
[     794ms] [WARNING] i18next::languageUtils: rejecting language code not found in supportedLngs: zh @ http://localhost:5173/node_modules/.vite/deps/chunk-RCACHFWD.js?v=81c79f6a:204
[     801ms] [WARNING] i18next::languageUtils: rejecting language code not found in supportedLngs: zh @ http://localhost:5173/node_modules/.vite/deps/chunk-RCACHFWD.js?v=81c79f6a:204
[     802ms] [WARNING] i18next::languageUtils: rejecting language code not found in supportedLngs: zh @ http://localhost:5173/node_modules/.vite/deps/chunk-RCACHFWD.js?v=81c79f6a:204
[     806ms] [WARNING] i18next::languageUtils: rejecting language code not found in supportedLngs: zh @ http://localhost:5173/node_modules/.vite/deps/chunk-RCACHFWD.js?v=81c79f6a:204
[     810ms] [WARNING] i18next::languageUtils: rejecting language code not found in supportedLngs: zh @ http://localhost:5173/node_modules/.vite/deps/chunk-RCACHFWD.js?v=81c79f6a:204
[     810ms] [WARNING] i18next::languageUtils: rejecting language code not found in supportedLngs: zh @ http://localhost:5173/node_modules/.vite/deps/chunk-RCACHFWD.js?v=81c79f6a:204
[     810ms] [WARNING] i18next::languageUtils: rejecting language code not found in supportedLngs: zh @ http://localhost:5173/node_modules/.vite/deps/chunk-RCACHFWD.js?v=81c79f6a:204
[     811ms] [WARNING] i18next::languageUtils: rejecting language code not found in supportedLngs: zh @ http://localhost:5173/node_modules/.vite/deps/chunk-RCACHFWD.js?v=81c79f6a:204
[     811ms] [WARNING] i18next::languageUtils: rejecting language code not found in supportedLngs: zh @ http://localhost:5173/node_modules/.vite/deps/chunk-RCACHFWD.js?v=81c79f6a:204
[     811ms] [WARNING] i18next::languageUtils: rejecting language code not found in supportedLngs: zh @ http://localhost:5173/node_modules/.vite/deps/chunk-RCACHFWD.js?v=81c79f6a:204
[     811ms] [WARNING] i18next::languageUtils: rejecting language code not found in supportedLngs: zh @ http://localhost:5173/node_modules/.vite/deps/chunk-RCACHFWD.js?v=81c79f6a:204
[     812ms] [WARNING] i18next::languageUtils: rejecting language code not found in supportedLngs: zh @ http://localhost:5173/node_modules/.vite/deps/chunk-RCACHFWD.js?v=81c79f6a:204
[     812ms] [WARNING] i18next::languageUtils: rejecting language code not found in supportedLngs: zh @ http://localhost:5173/node_modules/.vite/deps/chunk-RCACHFWD.js?v=81c79f6a:204
[     812ms] [WARNING] i18next::languageUtils: rejecting language code not found in supportedLngs: zh @ http://localhost:5173/node_modules/.vite/deps/chunk-RCACHFWD.js?v=81c79f6a:204
[     812ms] [WARNING] i18next::languageUtils: rejecting language code not found in supportedLngs: zh @ http://localhost:5173/node_modules/.vite/deps/chunk-RCACHFWD.js?v=81c79f6a:204
[     812ms] [WARNING] i18next::languageUtils: rejecting language code not found in supportedLngs: zh @ http://localhost:5173/node_modules/.vite/deps/chunk-RCACHFWD.js?v=81c79f6a:204
[     817ms] [WARNING] i18next::languageUtils: rejecting language code not found in supportedLngs: zh @ http://localhost:5173/node_modules/.vite/deps/chunk-RCACHFWD.js?v=81c79f6a:204
[     818ms] [WARNING] i18next::languageUtils: rejecting language code not found in supportedLngs: zh @ http://localhost:5173/node_modules/.vite/deps/chunk-RCACHFWD.js?v=81c79f6a:204
[     821ms] [WARNING] i18next::languageUtils: rejecting language code not found in supportedLngs: zh @ http://localhost:5173/node_modules/.vite/deps/chunk-RCACHFWD.js?v=81c79f6a:204
[     825ms] [WARNING] i18next::languageUtils: rejecting language code not found in supportedLngs: zh @ http://localhost:5173/node_modules/.vite/deps/chunk-RCACHFWD.js?v=81c79f6a:204
[     825ms] [WARNING] i18next::languageUtils: rejecting language code not found in supportedLngs: zh @ http://localhost:5173/node_modules/.vite/deps/chunk-RCACHFWD.js?v=81c79f6a:204
[     825ms] [WARNING] i18next::languageUtils: rejecting language code not found in supportedLngs: zh @ http://localhost:5173/node_modules/.vite/deps/chunk-RCACHFWD.js?v=81c79f6a:204
[     826ms] [WARNING] i18next::languageUtils: rejecting language code not found in supportedLngs: zh @ http://localhost:5173/node_modules/.vite/deps/chunk-RCACHFWD.js?v=81c79f6a:204
[     826ms] [WARNING] i18next::languageUtils: rejecting language code not found in supportedLngs: zh @ http://localhost:5173/node_modules/.vite/deps/chunk-RCACHFWD.js?v=81c79f6a:204
[     826ms] [WARNING] i18next::languageUtils: rejecting language code not found in supportedLngs: zh @ http://localhost:5173/node_modules/.vite/deps/chunk-RCACHFWD.js?v=81c79f6a:204
[     827ms] [WARNING] i18next::languageUtils: rejecting language code not found in supportedLngs: zh @ http://localhost:5173/node_modules/.vite/deps/chunk-RCACHFWD.js?v=81c79f6a:204
[     827ms] [WARNING] i18next::languageUtils: rejecting language code not found in supportedLngs: zh @ http://localhost:5173/node_modules/.vite/deps/chunk-RCACHFWD.js?v=81c79f6a:204
[     827ms] [WARNING] i18next::languageUtils: rejecting language code not found in supportedLngs: zh @ http://localhost:5173/node_modules/.vite/deps/chunk-RCACHFWD.js?v=81c79f6a:204
[     827ms] [WARNING] i18next::languageUtils: rejecting language code not found in supportedLngs: zh @ http://localhost:5173/node_modules/.vite/deps/chunk-RCACHFWD.js?v=81c79f6a:204
[     827ms] [WARNING] i18next::languageUtils: rejecting language code not found in supportedLngs: zh @ http://localhost:5173/node_modules/.vite/deps/chunk-RCACHFWD.js?v=81c79f6a:204
[     828ms] [WARNING] i18next::languageUtils: rejecting language code not found in supportedLngs: zh @ http://localhost:5173/node_modules/.vite/deps/chunk-RCACHFWD.js?v=81c79f6a:204
[     832ms] [WARNING] i18next::languageUtils: rejecting language code not found in supportedLngs: zh @ http://localhost:5173/node_modules/.vite/deps/chunk-RCACHFWD.js?v=81c79f6a:204
[     832ms] [WARNING] i18next::languageUtils: rejecting language code not found in supportedLngs: zh @ http://localhost:5173/node_modules/.vite/deps/chunk-RCACHFWD.js?v=81c79f6a:204
[     835ms] [WARNING] i18next::languageUtils: rejecting language code not found in supportedLngs: zh @ http://localhost:5173/node_modules/.vite/deps/chunk-RCACHFWD.js?v=81c79f6a:204
[     835ms] [WARNING] i18next::languageUtils: rejecting language code not found in supportedLngs: zh @ http://localhost:5173/node_modules/.vite/deps/chunk-RCACHFWD.js?v=81c79f6a:204
[    1045ms] [WARNING] i18next::languageUtils: rejecting language code not found in supportedLngs: zh @ http://localhost:5173/node_modules/.vite/deps/chunk-RCACHFWD.js?v=81c79f6a:204
[    1045ms] [WARNING] i18next::languageUtils: rejecting language code not found in supportedLngs: zh @ http://localhost:5173/node_modules/.vite/deps/chunk-RCACHFWD.js?v=81c79f6a:204
[    1049ms] [WARNING] i18next::languageUtils: rejecting language code not found in supportedLngs: zh @ http://localhost:5173/node_modules/.vite/deps/chunk-RCACHFWD.js?v=81c79f6a:204
[    1049ms] [WARNING] i18next::languageUtils: rejecting language code not found in supportedLngs: zh @ http://localhost:5173/node_modules/.vite/deps/chunk-RCACHFWD.js?v=81c79f6a:204
[    1049ms] [WARNING] i18next::languageUtils: rejecting language code not found in supportedLngs: zh @ http://localhost:5173/node_modules/.vite/deps/chunk-RCACHFWD.js?v=81c79f6a:204
[    1049ms] [WARNING] i18next::languageUtils: rejecting language code not found in supportedLngs: zh @ http://localhost:5173/node_modules/.vite/deps/chunk-RCACHFWD.js?v=81c79f6a:204
[    1049ms] [WARNING] i18next::languageUtils: rejecting language code not found in supportedLngs: zh @ http://localhost:5173/node_modules/.vite/deps/chunk-RCACHFWD.js?v=81c79f6a:204
[    1049ms] [WARNING] i18next::languageUtils: rejecting language code not found in supportedLngs: zh @ http://localhost:5173/node_modules/.vite/deps/chunk-RCACHFWD.js?v=81c79f6a:204
[    1050ms] [WARNING] i18next::languageUtils: rejecting language code not found in supportedLngs: zh @ http://localhost:5173/node_modules/.vite/deps/chunk-RCACHFWD.js?v=81c79f6a:204
[    1050ms] [WARNING] i18next::languageUtils: rejecting language code not found in supportedLngs: zh @ http://localhost:5173/node_modules/.vite/deps/chunk-RCACHFWD.js?v=81c79f6a:204
[    1050ms] [WARNING] i18next::languageUtils: rejecting language code not found in supportedLngs: zh @ http://localhost:5173/node_modules/.vite/deps/chunk-RCACHFWD.js?v=81c79f6a:204
[    1050ms] [WARNING] i18next::languageUtils: rejecting language code not found in supportedLngs: zh @ http://localhost:5173/node_modules/.vite/deps/chunk-RCACHFWD.js?v=81c79f6a:204
[    1051ms] [WARNING] i18next::languageUtils: rejecting language code not found in supportedLngs: zh @ http://localhost:5173/node_modules/.vite/deps/chunk-RCACHFWD.js?v=81c79f6a:204
[    1051ms] [WARNING] i18next::languageUtils: rejecting language code not found in supportedLngs: zh @ http://localhost:5173/node_modules/.vite/deps/chunk-RCACHFWD.js?v=81c79f6a:204
[    1051ms] [WARNING] i18next::languageUtils: rejecting language code not found in supportedLngs: zh @ http://localhost:5173/node_modules/.vite/deps/chunk-RCACHFWD.js?v=81c79f6a:204
[    1051ms] [WARNING] i18next::languageUtils: rejecting language code not found in supportedLngs: zh @ http://localhost:5173/node_modules/.vite/deps/chunk-RCACHFWD.js?v=81c79f6a:204
[    1057ms] [WARNING] i18next::languageUtils: rejecting language code not found in supportedLngs: zh @ http://localhost:5173/node_modules/.vite/deps/chunk-RCACHFWD.js?v=81c79f6a:204
[    1057ms] [WARNING] i18next::languageUtils: rejecting language code not found in supportedLngs: zh @ http://localhost:5173/node_modules/.vite/deps/chunk-RCACHFWD.js?v=81c79f6a:204
[    1057ms] [WARNING] i18next::languageUtils: rejecting language code not found in supportedLngs: zh @ http://localhost:5173/node_modules/.vite/deps/chunk-RCACHFWD.js?v=81c79f6a:204
[    1057ms] [WARNING] i18next::languageUtils: rejecting language code not found in supportedLngs: zh @ http://localhost:5173/node_modules/.vite/deps/chunk-RCACHFWD.js?v=81c79f6a:204
[    1058ms] [WARNING] i18next::languageUtils: rejecting language code not found in supportedLngs: zh @ http://localhost:5173/node_modules/.vite/deps/chunk-RCACHFWD.js?v=81c79f6a:204
[    1058ms] [WARNING] i18next::languageUtils: rejecting language code not found in supportedLngs: zh @ http://localhost:5173/node_modules/.vite/deps/chunk-RCACHFWD.js?v=81c79f6a:204
[    1058ms] [WARNING] i18next::languageUtils: rejecting language code not found in supportedLngs: zh @ http://localhost:5173/node_modules/.vite/deps/chunk-RCACHFWD.js?v=81c79f6a:204
[    1058ms] [WARNING] i18next::languageUtils: rejecting language code not found in supportedLngs: zh @ http://localhost:5173/node_modules/.vite/deps/chunk-RCACHFWD.js?v=81c79f6a:204
[    1059ms] [WARNING] i18next::languageUtils: rejecting language code not found in supportedLngs: zh @ http://localhost:5173/node_modules/.vite/deps/chunk-RCACHFWD.js?v=81c79f6a:204
[    1059ms] [WARNING] i18next::languageUtils: rejecting language code not found in supportedLngs: zh @ http://localhost:5173/node_modules/.vite/deps/chunk-RCACHFWD.js?v=81c79f6a:204
[    1059ms] [WARNING] i18next::languageUtils: rejecting language code not found in supportedLngs: zh @ http://localhost:5173/node_modules/.vite/deps/chunk-RCACHFWD.js?v=81c79f6a:204
[    1059ms] [WARNING] i18next::languageUtils: rejecting language code not found in supportedLngs: zh @ http://localhost:5173/node_modules/.vite/deps/chunk-RCACHFWD.js?v=81c79f6a:204
[    1060ms] [WARNING] i18next::languageUtils: rejecting language code not found in supportedLngs: zh @ http://localhost:5173/node_modules/.vite/deps/chunk-RCACHFWD.js?v=81c79f6a:204
[    1060ms] [WARNING] i18next::languageUtils: rejecting language code not found in supportedLngs: zh @ http://localhost:5173/node_modules/.vite/deps/chunk-RCACHFWD.js?v=81c79f6a:204
[    1060ms] [WARNING] i18next::languageUtils: rejecting language code not found in supportedLngs: zh @ http://localhost:5173/node_modules/.vite/deps/chunk-RCACHFWD.js?v=81c79f6a:204
[    1060ms] [WARNING] i18next::languageUtils: rejecting language code not found in supportedLngs: zh @ http://localhost:5173/node_modules/.vite/deps/chunk-RCACHFWD.js?v=81c79f6a:204
[    1074ms] [WARNING] i18next::languageUtils: rejecting language code not found in supportedLngs: zh @ http://localhost:5173/node_modules/.vite/deps/chunk-RCACHFWD.js?v=81c79f6a:204
[    1074ms] [WARNING] i18next::languageUtils: rejecting language code not found in supportedLngs: zh @ http://localhost:5173/node_modules/.vite/deps/chunk-RCACHFWD.js?v=81c79f6a:204
[    1077ms] [WARNING] i18next::languageUtils: rejecting language code not found in supportedLngs: zh @ http://localhost:5173/node_modules/.vite/deps/chunk-RCACHFWD.js?v=81c79f6a:204
[    1078ms] [WARNING] i18next::languageUtils: rejecting language code not found in supportedLngs: zh @ http://localhost:5173/node_modules/.vite/deps/chunk-RCACHFWD.js?v=81c79f6a:204
[    1080ms] [WARNING] The width(-1) and height(-1) of chart should be greater than 0,
       please check the style of container, or the props width(100%) and height(100%),
       or add a minWidth(0) or minHeight(undefined) or use aspect(undefined) to control the
       height and width. @ http://localhost:5173/node_modules/.vite/deps/recharts.js?v=81c79f6a:8838
[    1080ms] [WARNING] The width(-1) and height(-1) of chart should be greater than 0,
       please check the style of container, or the props width(100%) and height(100%),
       or add a minWidth(0) or minHeight(undefined) or use aspect(undefined) to control the
       height and width. @ http://localhost:5173/node_modules/.vite/deps/recharts.js?v=81c79f6a:8838
[    1081ms] [WARNING] i18next::languageUtils: rejecting language code not found in supportedLngs: zh @ http://localhost:5173/node_modules/.vite/deps/chunk-RCACHFWD.js?v=81c79f6a:204
[    1081ms] [WARNING] i18next::languageUtils: rejecting language code not found in supportedLngs: zh @ http://localhost:5173/node_modules/.vite/deps/chunk-RCACHFWD.js?v=81c79f6a:204
[    1081ms] [WARNING] i18next::languageUtils: rejecting language code not found in supportedLngs: zh @ http://localhost:5173/node_modules/.vite/deps/chunk-RCACHFWD.js?v=81c79f6a:204
[    1082ms] [WARNING] i18next::languageUtils: rejecting language code not found in supportedLngs: zh @ http://localhost:5173/node_modules/.vite/deps/chunk-RCACHFWD.js?v=81c79f6a:204
[    1082ms] [WARNING] i18next::languageUtils: rejecting language code not found in supportedLngs: zh @ http://localhost:5173/node_modules/.vite/deps/chunk-RCACHFWD.js?v=81c79f6a:204
[    1082ms] [WARNING] i18next::languageUtils: rejecting language code not found in supportedLngs: zh @ http://localhost:5173/node_modules/.vite/deps/chunk-RCACHFWD.js?v=81c79f6a:204
[    1082ms] [WARNING] i18next::languageUtils: rejecting language code not found in supportedLngs: zh @ http://localhost:5173/node_modules/.vite/deps/chunk-RCACHFWD.js?v=81c79f6a:204
[    1083ms] [WARNING] i18next::languageUtils: rejecting language code not found in supportedLngs: zh @ http://localhost:5173/node_modules/.vite/deps/chunk-RCACHFWD.js?v=81c79f6a:204
[    1083ms] [WARNING] i18next::languageUtils: rejecting language code not found in supportedLngs: zh @ http://localhost:5173/node_modules/.vite/deps/chunk-RCACHFWD.js?v=81c79f6a:204
[    1083ms] [WARNING] i18next::languageUtils: rejecting language code not found in supportedLngs: zh @ http://localhost:5173/node_modules/.vite/deps/chunk-RCACHFWD.js?v=81c79f6a:204
[    1083ms] [WARNING] i18next::languageUtils: rejecting language code not found in supportedLngs: zh @ http://localhost:5173/node_modules/.vite/deps/chunk-RCACHFWD.js?v=81c79f6a:204
[    1084ms] [WARNING] i18next::languageUtils: rejecting language code not found in supportedLngs: zh @ http://localhost:5173/node_modules/.vite/deps/chunk-RCACHFWD.js?v=81c79f6a:204
[    1084ms] [WARNING] i18next::languageUtils: rejecting language code not found in supportedLngs: zh @ http://localhost:5173/node_modules/.vite/deps/chunk-RCACHFWD.js?v=81c79f6a:204
[    1084ms] [WARNING] i18next::languageUtils: rejecting language code not found in supportedLngs: zh @ http://localhost:5173/node_modules/.vite/deps/chunk-RCACHFWD.js?v=81c79f6a:204
[    1085ms] [WARNING] The width(-1) and height(-1) of chart should be greater than 0,
       please check the style of container, or the props width(100%) and height(100%),
       or add a minWidth(0) or minHeight(undefined) or use aspect(undefined) to control the
       height and width. @ http://localhost:5173/node_modules/.vite/deps/recharts.js?v=81c79f6a:8838
[    1085ms] [WARNING] The width(-1) and height(-1) of chart should be greater than 0,
       please check the style of container, or the props width(100%) and height(100%),
       or add a minWidth(0) or minHeight(undefined) or use aspect(undefined) to control the
       height and width. @ http://localhost:5173/node_modules/.vite/deps/recharts.js?v=81c79f6a:8838
[    1087ms] [WARNING] The width(-1) and height(-1) of chart should be greater than 0,
       please check the style of container, or the props width(100%) and height(100%),
       or add a minWidth(0) or minHeight(undefined) or use aspect(undefined) to control the
       height and width. @ http://localhost:5173/node_modules/.vite/deps/recharts.js?v=81c79f6a:8838
[    1087ms] [WARNING] The width(-1) and height(-1) of chart should be greater than 0,
       please check the style of container, or the props width(100%) and height(100%),
       or add a minWidth(0) or minHeight(undefined) or use aspect(undefined) to control the
       height and width. @ http://localhost:5173/node_modules/.vite/deps/recharts.js?v=81c79f6a:8838
[    1088ms] [WARNING] i18next::languageUtils: rejecting language code not found in supportedLngs: zh @ http://localhost:5173/node_modules/.vite/deps/chunk-RCACHFWD.js?v=81c79f6a:204
[    1088ms] [WARNING] i18next::languageUtils: rejecting language code not found in supportedLngs: zh @ http://localhost:5173/node_modules/.vite/deps/chunk-RCACHFWD.js?v=81c79f6a:204
[    1088ms] [WARNING] i18next::languageUtils: rejecting language code not found in supportedLngs: zh @ http://localhost:5173/node_modules/.vite/deps/chunk-RCACHFWD.js?v=81c79f6a:204
[    1088ms] [WARNING] i18next::languageUtils: rejecting language code not found in supportedLngs: zh @ http://localhost:5173/node_modules/.vite/deps/chunk-RCACHFWD.js?v=81c79f6a:204
[    1089ms] [WARNING] i18next::languageUtils: rejecting language code not found in supportedLngs: zh @ http://localhost:5173/node_modules/.vite/deps/chunk-RCACHFWD.js?v=81c79f6a:204
[    1089ms] [WARNING] i18next::languageUtils: rejecting language code not found in supportedLngs: zh @ http://localhost:5173/node_modules/.vite/deps/chunk-RCACHFWD.js?v=81c79f6a:204
[    1089ms] [WARNING] The width(-1) and height(-1) of chart should be greater than 0,
       please check the style of container, or the props width(100%) and height(100%),
       or add a minWidth(0) or minHeight(undefined) or use aspect(undefined) to control the
       height and width. @ http://localhost:5173/node_modules/.vite/deps/recharts.js?v=81c79f6a:8838
[    1090ms] [WARNING] The width(-1) and height(-1) of chart should be greater than 0,
       please check the style of container, or the props width(100%) and height(100%),
       or add a minWidth(0) or minHeight(undefined) or use aspect(undefined) to control the
       height and width. @ http://localhost:5173/node_modules/.vite/deps/recharts.js?v=81c79f6a:8838
[    1090ms] [WARNING] i18next::languageUtils: rejecting language code not found in supportedLngs: zh @ http://localhost:5173/node_modules/.vite/deps/chunk-RCACHFWD.js?v=81c79f6a:204
[    1091ms] [WARNING] i18next::languageUtils: rejecting language code not found in supportedLngs: zh @ http://localhost:5173/node_modules/.vite/deps/chunk-RCACHFWD.js?v=81c79f6a:204
[    1091ms] [WARNING] The width(-1) and height(-1) of chart should be greater than 0,
       please check the style of container, or the props width(100%) and height(100%),
       or add a minWidth(0) or minHeight(undefined) or use aspect(undefined) to control the
       height and width. @ http://localhost:5173/node_modules/.vite/deps/recharts.js?v=81c79f6a:8838
[    1092ms] [WARNING] The width(-1) and height(-1) of chart should be greater than 0,
       please check the style of container, or the props width(100%) and height(100%),
       or add a minWidth(0) or minHeight(undefined) or use aspect(undefined) to control the
       height and width. @ http://localhost:5173/node_modules/.vite/deps/recharts.js?v=81c79f6a:8838
[    1092ms] [WARNING] i18next::languageUtils: rejecting language code not found in supportedLngs: zh @ http://localhost:5173/node_modules/.vite/deps/chunk-RCACHFWD.js?v=81c79f6a:204
[    1093ms] [WARNING] i18next::languageUtils: rejecting language code not found in supportedLngs: zh @ http://localhost:5173/node_modules/.vite/deps/chunk-RCACHFWD.js?v=81c79f6a:204
[    1094ms] [WARNING] The width(-1) and height(-1) of chart should be greater than 0,
       please check the style of container, or the props width(100%) and height(100%),
       or add a minWidth(0) or minHeight(undefined) or use aspect(undefined) to control the
       height and width. @ http://localhost:5173/node_modules/.vite/deps/recharts.js?v=81c79f6a:8838
[    1094ms] [WARNING] The width(-1) and height(-1) of chart should be greater than 0,
       please check the style of container, or the props width(100%) and height(100%),
       or add a minWidth(0) or minHeight(undefined) or use aspect(undefined) to control the
       height and width. @ http://localhost:5173/node_modules/.vite/deps/recharts.js?v=81c79f6a:8838
[    1095ms] [WARNING] i18next::languageUtils: rejecting language code not found in supportedLngs: zh @ http://localhost:5173/node_modules/.vite/deps/chunk-RCACHFWD.js?v=81c79f6a:204
[    1095ms] [WARNING] i18next::languageUtils: rejecting language code not found in supportedLngs: zh @ http://localhost:5173/node_modules/.vite/deps/chunk-RCACHFWD.js?v=81c79f6a:204
[    1095ms] [WARNING] i18next::languageUtils: rejecting language code not found in supportedLngs: zh @ http://localhost:5173/node_modules/.vite/deps/chunk-RCACHFWD.js?v=81c79f6a:204
[    1095ms] [WARNING] i18next::languageUtils: rejecting language code not found in supportedLngs: zh @ http://localhost:5173/node_modules/.vite/deps/chunk-RCACHFWD.js?v=81c79f6a:204
[    1095ms] [WARNING] i18next::languageUtils: rejecting language code not found in supportedLngs: zh @ http://localhost:5173/node_modules/.vite/deps/chunk-RCACHFWD.js?v=81c79f6a:204
[    1095ms] [WARNING] i18next::languageUtils: rejecting language code not found in supportedLngs: zh @ http://localhost:5173/node_modules/.vite/deps/chunk-RCACHFWD.js?v=81c79f6a:204
[    1096ms] [WARNING] i18next::languageUtils: rejecting language code not found in supportedLngs: zh @ http://localhost:5173/node_modules/.vite/deps/chunk-RCACHFWD.js?v=81c79f6a:204
[    1096ms] [WARNING] i18next::languageUtils: rejecting language code not found in supportedLngs: zh @ http://localhost:5173/node_modules/.vite/deps/chunk-RCACHFWD.js?v=81c79f6a:204
[    1371ms] [WARNING] i18next::languageUtils: rejecting language code not found in supportedLngs: zh @ http://localhost:5173/node_modules/.vite/deps/chunk-RCACHFWD.js?v=81c79f6a:204
[    1372ms] [WARNING] i18next::languageUtils: rejecting language code not found in supportedLngs: zh @ http://localhost:5173/node_modules/.vite/deps/chunk-RCACHFWD.js?v=81c79f6a:204
[    1375ms] [WARNING] i18next::languageUtils: rejecting language code not found in supportedLngs: zh @ http://localhost:5173/node_modules/.vite/deps/chunk-RCACHFWD.js?v=81c79f6a:204
[    1376ms] [WARNING] i18next::languageUtils: rejecting language code not found in supportedLngs: zh @ http://localhost:5173/node_modules/.vite/deps/chunk-RCACHFWD.js?v=81c79f6a:204
[    1376ms] [WARNING] i18next::languageUtils: rejecting language code not found in supportedLngs: zh @ http://localhost:5173/node_modules/.vite/deps/chunk-RCACHFWD.js?v=81c79f6a:204
[    1376ms] [WARNING] i18next::languageUtils: rejecting language code not found in supportedLngs: zh @ http://localhost:5173/node_modules/.vite/deps/chunk-RCACHFWD.js?v=81c79f6a:204
[    1376ms] [WARNING] i18next::languageUtils: rejecting language code not found in supportedLngs: zh @ http://localhost:5173/node_modules/.vite/deps/chunk-RCACHFWD.js?v=81c79f6a:204
[    1376ms] [WARNING] i18next::languageUtils: rejecting language code not found in supportedLngs: zh @ http://localhost:5173/node_modules/.vite/deps/chunk-RCACHFWD.js?v=81c79f6a:204
[    1376ms] [WARNING] i18next::languageUtils: rejecting language code not found in supportedLngs: zh @ http://localhost:5173/node_modules/.vite/deps/chunk-RCACHFWD.js?v=81c79f6a:204
[    1377ms] [WARNING] i18next::languageUtils: rejecting language code not found in supportedLngs: zh @ http://localhost:5173/node_modules/.vite/deps/chunk-RCACHFWD.js?v=81c79f6a:204
[    1377ms] [WARNING] i18next::languageUtils: rejecting language code not found in supportedLngs: zh @ http://localhost:5173/node_modules/.vite/deps/chunk-RCACHFWD.js?v=81c79f6a:204
[    1378ms] [WARNING] i18next::languageUtils: rejecting language code not found in supportedLngs: zh @ http://localhost:5173/node_modules/.vite/deps/chunk-RCACHFWD.js?v=81c79f6a:204
[    1378ms] [WARNING] i18next::languageUtils: rejecting language code not found in supportedLngs: zh @ http://localhost:5173/node_modules/.vite/deps/chunk-RCACHFWD.js?v=81c79f6a:204
[    1378ms] [WARNING] i18next::languageUtils: rejecting language code not found in supportedLngs: zh @ http://localhost:5173/node_modules/.vite/deps/chunk-RCACHFWD.js?v=81c79f6a:204
[    1378ms] [WARNING] i18next::languageUtils: rejecting language code not found in supportedLngs: zh @ http://localhost:5173/node_modules/.vite/deps/chunk-RCACHFWD.js?v=81c79f6a:204
[    1378ms] [WARNING] i18next::languageUtils: rejecting language code not found in supportedLngs: zh @ http://localhost:5173/node_modules/.vite/deps/chunk-RCACHFWD.js?v=81c79f6a:204
[    1390ms] [WARNING] i18next::languageUtils: rejecting language code not found in supportedLngs: zh @ http://localhost:5173/node_modules/.vite/deps/chunk-RCACHFWD.js?v=81c79f6a:204
[    1390ms] [WARNING] i18next::languageUtils: rejecting language code not found in supportedLngs: zh @ http://localhost:5173/node_modules/.vite/deps/chunk-RCACHFWD.js?v=81c79f6a:204
[    1390ms] [WARNING] i18next::languageUtils: rejecting language code not found in supportedLngs: zh @ http://localhost:5173/node_modules/.vite/deps/chunk-RCACHFWD.js?v=81c79f6a:204
[    1390ms] [WARNING] i18next::languageUtils: rejecting language code not found in supportedLngs: zh @ http://localhost:5173/node_modules/.vite/deps/chunk-RCACHFWD.js?v=81c79f6a:204
[    1391ms] [WARNING] i18next::languageUtils: rejecting language code not found in supportedLngs: zh @ http://localhost:5173/node_modules/.vite/deps/chunk-RCACHFWD.js?v=81c79f6a:204
[    1391ms] [WARNING] i18next::languageUtils: rejecting language code not found in supportedLngs: zh @ http://localhost:5173/node_modules/.vite/deps/chunk-RCACHFWD.js?v=81c79f6a:204
[    1391ms] [WARNING] i18next::languageUtils: rejecting language code not found in supportedLngs: zh @ http://localhost:5173/node_modules/.vite/deps/chunk-RCACHFWD.js?v=81c79f6a:204
[    1391ms] [WARNING] i18next::languageUtils: rejecting language code not found in supportedLngs: zh @ http://localhost:5173/node_modules/.vite/deps/chunk-RCACHFWD.js?v=81c79f6a:204
[    1391ms] [WARNING] i18next::languageUtils: rejecting language code not found in supportedLngs: zh @ http://localhost:5173/node_modules/.vite/deps/chunk-RCACHFWD.js?v=81c79f6a:204
[    1391ms] [WARNING] i18next::languageUtils: rejecting language code not found in supportedLngs: zh @ http://localhost:5173/node_modules/.vite/deps/chunk-RCACHFWD.js?v=81c79f6a:204
[    1392ms] [WARNING] i18next::languageUtils: rejecting language code not found in supportedLngs: zh @ http://localhost:5173/node_modules/.vite/deps/chunk-RCACHFWD.js?v=81c79f6a:204
[    1392ms] [WARNING] i18next::languageUtils: rejecting language code not found in supportedLngs: zh @ http://localhost:5173/node_modules/.vite/deps/chunk-RCACHFWD.js?v=81c79f6a:204
[    1392ms] [WARNING] i18next::languageUtils: rejecting language code not found in supportedLngs: zh @ http://localhost:5173/node_modules/.vite/deps/chunk-RCACHFWD.js?v=81c79f6a:204
[    1392ms] [WARNING] i18next::languageUtils: rejecting language code not found in supportedLngs: zh @ http://localhost:5173/node_modules/.vite/deps/chunk-RCACHFWD.js?v=81c79f6a:204
[    1392ms] [WARNING] i18next::languageUtils: rejecting language code not found in supportedLngs: zh @ http://localhost:5173/node_modules/.vite/deps/chunk-RCACHFWD.js?v=81c79f6a:204
[    1392ms] [WARNING] i18next::languageUtils: rejecting language code not found in supportedLngs: zh @ http://localhost:5173/node_modules/.vite/deps/chunk-RCACHFWD.js?v=81c79f6a:204
[    1397ms] [WARNING] i18next::languageUtils: rejecting language code not found in supportedLngs: zh @ http://localhost:5173/node_modules/.vite/deps/chunk-RCACHFWD.js?v=81c79f6a:204
[    1397ms] [WARNING] i18next::languageUtils: rejecting language code not found in supportedLngs: zh @ http://localhost:5173/node_modules/.vite/deps/chunk-RCACHFWD.js?v=81c79f6a:204
[    1399ms] [WARNING] i18next::languageUtils: rejecting language code not found in supportedLngs: zh @ http://localhost:5173/node_modules/.vite/deps/chunk-RCACHFWD.js?v=81c79f6a:204
[    1399ms] [WARNING] i18next::languageUtils: rejecting language code not found in supportedLngs: zh @ http://localhost:5173/node_modules/.vite/deps/chunk-RCACHFWD.js?v=81c79f6a:204
[    1413ms] [WARNING] i18next::languageUtils: rejecting language code not found in supportedLngs: zh @ http://localhost:5173/node_modules/.vite/deps/chunk-RCACHFWD.js?v=81c79f6a:204
[    1413ms] [WARNING] i18next::languageUtils: rejecting language code not found in supportedLngs: zh @ http://localhost:5173/node_modules/.vite/deps/chunk-RCACHFWD.js?v=81c79f6a:204
[    1414ms] [WARNING] i18next::languageUtils: rejecting language code not found in supportedLngs: zh @ http://localhost:5173/node_modules/.vite/deps/chunk-RCACHFWD.js?v=81c79f6a:204
[    1414ms] [WARNING] i18next::languageUtils: rejecting language code not found in supportedLngs: zh @ http://localhost:5173/node_modules/.vite/deps/chunk-RCACHFWD.js?v=81c79f6a:204
[    1414ms] [WARNING] i18next::languageUtils: rejecting language code not found in supportedLngs: zh @ http://localhost:5173/node_modules/.vite/deps/chunk-RCACHFWD.js?v=81c79f6a:204
[    1414ms] [WARNING] i18next::languageUtils: rejecting language code not found in supportedLngs: zh @ http://localhost:5173/node_modules/.vite/deps/chunk-RCACHFWD.js?v=81c79f6a:204
[    1414ms] [WARNING] i18next::languageUtils: rejecting language code not found in supportedLngs: zh @ http://localhost:5173/node_modules/.vite/deps/chunk-RCACHFWD.js?v=81c79f6a:204
[    1415ms] [WARNING] i18next::languageUtils: rejecting language code not found in supportedLngs: zh @ http://localhost:5173/node_modules/.vite/deps/chunk-RCACHFWD.js?v=81c79f6a:204
[    1415ms] [WARNING] i18next::languageUtils: rejecting language code not found in supportedLngs: zh @ http://localhost:5173/node_modules/.vite/deps/chunk-RCACHFWD.js?v=81c79f6a:204
[    1415ms] [WARNING] i18next::languageUtils: rejecting language code not found in supportedLngs: zh @ http://localhost:5173/node_modules/.vite/deps/chunk-RCACHFWD.js?v=81c79f6a:204
[    1415ms] [WARNING] i18next::languageUtils: rejecting language code not found in supportedLngs: zh @ http://localhost:5173/node_modules/.vite/deps/chunk-RCACHFWD.js?v=81c79f6a:204
[    1415ms] [WARNING] i18next::languageUtils: rejecting language code not found in supportedLngs: zh @ http://localhost:5173/node_modules/.vite/deps/chunk-RCACHFWD.js?v=81c79f6a:204
[    1416ms] [WARNING] i18next::languageUtils: rejecting language code not found in supportedLngs: zh @ http://localhost:5173/node_modules/.vite/deps/chunk-RCACHFWD.js?v=81c79f6a:204
[    1416ms] [WARNING] i18next::languageUtils: rejecting language code not found in supportedLngs: zh @ http://localhost:5173/node_modules/.vite/deps/chunk-RCACHFWD.js?v=81c79f6a:204
[    1425ms] [WARNING] i18next::languageUtils: rejecting language code not found in supportedLngs: zh @ http://localhost:5173/node_modules/.vite/deps/chunk-RCACHFWD.js?v=81c79f6a:204
[    1426ms] [WARNING] i18next::languageUtils: rejecting language code not found in supportedLngs: zh @ http://localhost:5173/node_modules/.vite/deps/chunk-RCACHFWD.js?v=81c79f6a:204
[    1426ms] [WARNING] i18next::languageUtils: rejecting language code not found in supportedLngs: zh @ http://localhost:5173/node_modules/.vite/deps/chunk-RCACHFWD.js?v=81c79f6a:204
[    1426ms] [WARNING] i18next::languageUtils: rejecting language code not found in supportedLngs: zh @ http://localhost:5173/node_modules/.vite/deps/chunk-RCACHFWD.js?v=81c79f6a:204
[    1426ms] [WARNING] i18next::languageUtils: rejecting language code not found in supportedLngs: zh @ http://localhost:5173/node_modules/.vite/deps/chunk-RCACHFWD.js?v=81c79f6a:204
[    1427ms] [WARNING] i18next::languageUtils: rejecting language code not found in supportedLngs: zh @ http://localhost:5173/node_modules/.vite/deps/chunk-RCACHFWD.js?v=81c79f6a:204
[    1432ms] [WARNING] i18next::languageUtils: rejecting language code not found in supportedLngs: zh @ http://localhost:5173/node_modules/.vite/deps/chunk-RCACHFWD.js?v=81c79f6a:204
[    1432ms] [WARNING] i18next::languageUtils: rejecting language code not found in supportedLngs: zh @ http://localhost:5173/node_modules/.vite/deps/chunk-RCACHFWD.js?v=81c79f6a:204
[    1438ms] [WARNING] i18next::languageUtils: rejecting language code not found in supportedLngs: zh @ http://localhost:5173/node_modules/.vite/deps/chunk-RCACHFWD.js?v=81c79f6a:204
[    1438ms] [WARNING] i18next::languageUtils: rejecting language code not found in supportedLngs: zh @ http://localhost:5173/node_modules/.vite/deps/chunk-RCACHFWD.js?v=81c79f6a:204
[    1446ms] [WARNING] i18next::languageUtils: rejecting language code not found in supportedLngs: zh @ http://localhost:5173/node_modules/.vite/deps/chunk-RCACHFWD.js?v=81c79f6a:204
[    1446ms] [WARNING] i18next::languageUtils: rejecting language code not found in supportedLngs: zh @ http://localhost:5173/node_modules/.vite/deps/chunk-RCACHFWD.js?v=81c79f6a:204
[    1446ms] [WARNING] i18next::languageUtils: rejecting language code not found in supportedLngs: zh @ http://localhost:5173/node_modules/.vite/deps/chunk-RCACHFWD.js?v=81c79f6a:204
[    1447ms] [WARNING] i18next::languageUtils: rejecting language code not found in supportedLngs: zh @ http://localhost:5173/node_modules/.vite/deps/chunk-RCACHFWD.js?v=81c79f6a:204
[    1447ms] [WARNING] i18next::languageUtils: rejecting language code not found in supportedLngs: zh @ http://localhost:5173/node_modules/.vite/deps/chunk-RCACHFWD.js?v=81c79f6a:204
[    1447ms] [WARNING] i18next::languageUtils: rejecting language code not found in supportedLngs: zh @ http://localhost:5173/node_modules/.vite/deps/chunk-RCACHFWD.js?v=81c79f6a:204
[    1447ms] [WARNING] i18next::languageUtils: rejecting language code not found in supportedLngs: zh @ http://localhost:5173/node_modules/.vite/deps/chunk-RCACHFWD.js?v=81c79f6a:204
[    1447ms] [WARNING] i18next::languageUtils: rejecting language code not found in supportedLngs: zh @ http://localhost:5173/node_modules/.vite/deps/chunk-RCACHFWD.js?v=81c79f6a:204
[    2467ms] [ERROR] Failed to load resource: net::ERR_CONNECTION_REFUSED @ http://localhost:4567/health:0
[   51438ms] [WARNING] i18next::languageUtils: rejecting language code not found in supportedLngs: zh @ http://localhost:5173/node_modules/.vite/deps/chunk-RCACHFWD.js?v=81c79f6a:204
[   51438ms] [WARNING] i18next::languageUtils: rejecting language code not found in supportedLngs: zh @ http://localhost:5173/node_modules/.vite/deps/chunk-RCACHFWD.js?v=81c79f6a:204
[   51438ms] [WARNING] i18next::languageUtils: rejecting language code not found in supportedLngs: zh @ http://localhost:5173/node_modules/.vite/deps/chunk-RCACHFWD.js?v=81c79f6a:204
[   51438ms] [WARNING] i18next::languageUtils: rejecting language code not found in supportedLngs: zh @ http://localhost:5173/node_modules/.vite/deps/chunk-RCACHFWD.js?v=81c79f6a:204
[   51438ms] [WARNING] i18next::languageUtils: rejecting language code not found in supportedLngs: zh @ http://localhost:5173/node_modules/.vite/deps/chunk-RCACHFWD.js?v=81c79f6a:204
[   51439ms] [WARNING] i18next::languageUtils: rejecting language code not found in supportedLngs: zh @ http://localhost:5173/node_modules/.vite/deps/chunk-RCACHFWD.js?v=81c79f6a:204
[   51439ms] [WARNING] i18next::languageUtils: rejecting language code not found in supportedLngs: zh @ http://localhost:5173/node_modules/.vite/deps/chunk-RCACHFWD.js?v=81c79f6a:204
[   51440ms] [WARNING] i18next::languageUtils: rejecting language code not found in supportedLngs: zh @ http://localhost:5173/node_modules/.vite/deps/chunk-RCACHFWD.js?v=81c79f6a:204
[   51440ms] [WARNING] i18next::languageUtils: rejecting language code not found in supportedLngs: zh @ http://localhost:5173/node_modules/.vite/deps/chunk-RCACHFWD.js?v=81c79f6a:204
[   51440ms] [WARNING] i18next::languageUtils: rejecting language code not found in supportedLngs: zh @ http://localhost:5173/node_modules/.vite/deps/chunk-RCACHFWD.js?v=81c79f6a:204
[   51441ms] [WARNING] i18next::languageUtils: rejecting language code not found in supportedLngs: zh @ http://localhost:5173/node_modules/.vite/deps/chunk-RCACHFWD.js?v=81c79f6a:204
[   51441ms] [WARNING] i18next::languageUtils: rejecting language code not found in supportedLngs: zh @ http://localhost:5173/node_modules/.vite/deps/chunk-RCACHFWD.js?v=81c79f6a:204
[   51446ms] [WARNING] i18next::languageUtils: rejecting language code not found in supportedLngs: zh @ http://localhost:5173/node_modules/.vite/deps/chunk-RCACHFWD.js?v=81c79f6a:204
[   51447ms] [WARNING] i18next::languageUtils: rejecting language code not found in supportedLngs: zh @ http://localhost:5173/node_modules/.vite/deps/chunk-RCACHFWD.js?v=81c79f6a:204
[   51450ms] [WARNING] i18next::languageUtils: rejecting language code not found in supportedLngs: zh @ http://localhost:5173/node_modules/.vite/deps/chunk-RCACHFWD.js?v=81c79f6a:204
[   51461ms] [WARNING] i18next::languageUtils: rejecting language code not found in supportedLngs: zh @ http://localhost:5173/node_modules/.vite/deps/chunk-RCACHFWD.js?v=81c79f6a:204
[   51462ms] [WARNING] i18next::languageUtils: rejecting language code not found in supportedLngs: zh @ http://localhost:5173/node_modules/.vite/deps/chunk-RCACHFWD.js?v=81c79f6a:204
[   51462ms] [WARNING] i18next::languageUtils: rejecting language code not found in supportedLngs: zh @ http://localhost:5173/node_modules/.vite/deps/chunk-RCACHFWD.js?v=81c79f6a:204
[   51462ms] [WARNING] i18next::languageUtils: rejecting language code not found in supportedLngs: zh @ http://localhost:5173/node_modules/.vite/deps/chunk-RCACHFWD.js?v=81c79f6a:204
[   51462ms] [WARNING] i18next::languageUtils: rejecting language code not found in supportedLngs: zh @ http://localhost:5173/node_modules/.vite/deps/chunk-RCACHFWD.js?v=81c79f6a:204
[   51462ms] [WARNING] i18next::languageUtils: rejecting language code not found in supportedLngs: zh @ http://localhost:5173/node_modules/.vite/deps/chunk-RCACHFWD.js?v=81c79f6a:204
[   51463ms] [WARNING] i18next::languageUtils: rejecting language code not found in supportedLngs: zh @ http://localhost:5173/node_modules/.vite/deps/chunk-RCACHFWD.js?v=81c79f6a:204
[   51463ms] [WARNING] i18next::languageUtils: rejecting language code not found in supportedLngs: zh @ http://localhost:5173/node_modules/.vite/deps/chunk-RCACHFWD.js?v=81c79f6a:204
[   51463ms] [WARNING] i18next::languageUtils: rejecting language code not found in supportedLngs: zh @ http://localhost:5173/node_modules/.vite/deps/chunk-RCACHFWD.js?v=81c79f6a:204
[   51464ms] [WARNING] i18next::languageUtils: rejecting language code not found in supportedLngs: zh @ http://localhost:5173/node_modules/.vite/deps/chunk-RCACHFWD.js?v=81c79f6a:204
[   51464ms] [WARNING] i18next::languageUtils: rejecting language code not found in supportedLngs: zh @ http://localhost:5173/node_modules/.vite/deps/chunk-RCACHFWD.js?v=81c79f6a:204
[   51464ms] [WARNING] i18next::languageUtils: rejecting language code not found in supportedLngs: zh @ http://localhost:5173/node_modules/.vite/deps/chunk-RCACHFWD.js?v=81c79f6a:204
[   51467ms] [WARNING] i18next::languageUtils: rejecting language code not found in supportedLngs: zh @ http://localhost:5173/node_modules/.vite/deps/chunk-RCACHFWD.js?v=81c79f6a:204
[   51468ms] [WARNING] i18next::languageUtils: rejecting language code not found in supportedLngs: zh @ http://localhost:5173/node_modules/.vite/deps/chunk-RCACHFWD.js?v=81c79f6a:204
[   51471ms] [WARNING] i18next::languageUtils: rejecting language code not found in supportedLngs: zh @ http://localhost:5173/node_modules/.vite/deps/chunk-RCACHFWD.js?v=81c79f6a:204
[   51471ms] [WARNING] i18next::languageUtils: rejecting language code not found in supportedLngs: zh @ http://localhost:5173/node_modules/.vite/deps/chunk-RCACHFWD.js?v=81c79f6a:204
[   51471ms] [WARNING] i18next::languageUtils: rejecting language code not found in supportedLngs: zh @ http://localhost:5173/node_modules/.vite/deps/chunk-RCACHFWD.js?v=81c79f6a:204
[   51472ms] [WARNING] i18next::languageUtils: rejecting language code not found in supportedLngs: zh @ http://localhost:5173/node_modules/.vite/deps/chunk-RCACHFWD.js?v=81c79f6a:204
[   51472ms] [WARNING] i18next::languageUtils: rejecting language code not found in supportedLngs: zh @ http://localhost:5173/node_modules/.vite/deps/chunk-RCACHFWD.js?v=81c79f6a:204
[   51472ms] [WARNING] i18next::languageUtils: rejecting language code not found in supportedLngs: zh @ http://localhost:5173/node_modules/.vite/deps/chunk-RCACHFWD.js?v=81c79f6a:204
[   51472ms] [WARNING] i18next::languageUtils: rejecting language code not found in supportedLngs: zh @ http://localhost:5173/node_modules/.vite/deps/chunk-RCACHFWD.js?v=81c79f6a:204
[   51472ms] [WARNING] i18next::languageUtils: rejecting language code not found in supportedLngs: zh @ http://localhost:5173/node_modules/.vite/deps/chunk-RCACHFWD.js?v=81c79f6a:204
[   51472ms] [WARNING] i18next::languageUtils: rejecting language code not found in supportedLngs: zh @ http://localhost:5173/node_modules/.vite/deps/chunk-RCACHFWD.js?v=81c79f6a:204
[   51473ms] [WARNING] i18next::languageUtils: rejecting language code not found in supportedLngs: zh @ http://localhost:5173/node_modules/.vite/deps/chunk-RCACHFWD.js?v=81c79f6a:204
[   51473ms] [WARNING] i18next::languageUtils: rejecting language code not found in supportedLngs: zh @ http://localhost:5173/node_modules/.vite/deps/chunk-RCACHFWD.js?v=81c79f6a:204
[   51473ms] [WARNING] i18next::languageUtils: rejecting language code not found in supportedLngs: zh @ http://localhost:5173/node_modules/.vite/deps/chunk-RCACHFWD.js?v=81c79f6a:204
[   51473ms] [WARNING] i18next::languageUtils: rejecting language code not found in supportedLngs: zh @ http://localhost:5173/node_modules/.vite/deps/chunk-RCACHFWD.js?v=81c79f6a:204
[   51473ms] [WARNING] i18next::languageUtils: rejecting language code not found in supportedLngs: zh @ http://localhost:5173/node_modules/.vite/deps/chunk-RCACHFWD.js?v=81c79f6a:204
[   51473ms] [WARNING] i18next::languageUtils: rejecting language code not found in supportedLngs: zh @ http://localhost:5173/node_modules/.vite/deps/chunk-RCACHFWD.js?v=81c79f6a:204
[   51473ms] [WARNING] i18next::languageUtils: rejecting language code not found in supportedLngs: zh @ http://localhost:5173/node_modules/.vite/deps/chunk-RCACHFWD.js?v=81c79f6a:204
[   51473ms] [WARNING] i18next::languageUtils: rejecting language code not found in supportedLngs: zh @ http://localhost:5173/node_modules/.vite/deps/chunk-RCACHFWD.js?v=81c79f6a:204
[   51474ms] [WARNING] i18next::languageUtils: rejecting language code not found in supportedLngs: zh @ http://localhost:5173/node_modules/.vite/deps/chunk-RCACHFWD.js?v=81c79f6a:204
[   51474ms] [WARNING] i18next::languageUtils: rejecting language code not found in supportedLngs: zh @ http://localhost:5173/node_modules/.vite/deps/chunk-RCACHFWD.js?v=81c79f6a:204
[   51474ms] [WARNING] i18next::languageUtils: rejecting language code not found in supportedLngs: zh @ http://localhost:5173/node_modules/.vite/deps/chunk-RCACHFWD.js?v=81c79f6a:204
[   51474ms] [WARNING] i18next::languageUtils: rejecting language code not found in supportedLngs: zh @ http://localhost:5173/node_modules/.vite/deps/chunk-RCACHFWD.js?v=81c79f6a:204
[   51474ms] [WARNING] i18next::languageUtils: rejecting language code not found in supportedLngs: zh @ http://localhost:5173/node_modules/.vite/deps/chunk-RCACHFWD.js?v=81c79f6a:204
[   51474ms] [WARNING] i18next::languageUtils: rejecting language code not found in supportedLngs: zh @ http://localhost:5173/node_modules/.vite/deps/chunk-RCACHFWD.js?v=81c79f6a:204
[   51474ms] [WARNING] i18next::languageUtils: rejecting language code not found in supportedLngs: zh @ http://localhost:5173/node_modules/.vite/deps/chunk-RCACHFWD.js?v=81c79f6a:204
[   51475ms] [WARNING] i18next::languageUtils: rejecting language code not found in supportedLngs: zh @ http://localhost:5173/node_modules/.vite/deps/chunk-RCACHFWD.js?v=81c79f6a:204
[   51475ms] [WARNING] i18next::languageUtils: rejecting language code not found in supportedLngs: zh @ http://localhost:5173/node_modules/.vite/deps/chunk-RCACHFWD.js?v=81c79f6a:204
[   51475ms] [WARNING] i18next::languageUtils: rejecting language code not found in supportedLngs: zh @ http://localhost:5173/node_modules/.vite/deps/chunk-RCACHFWD.js?v=81c79f6a:204
[   51475ms] [WARNING] i18next::languageUtils: rejecting language code not found in supportedLngs: zh @ http://localhost:5173/node_modules/.vite/deps/chunk-RCACHFWD.js?v=81c79f6a:204
[   51475ms] [WARNING] i18next::languageUtils: rejecting language code not found in supportedLngs: zh @ http://localhost:5173/node_modules/.vite/deps/chunk-RCACHFWD.js?v=81c79f6a:204
[   51475ms] [WARNING] i18next::languageUtils: rejecting language code not found in supportedLngs: zh @ http://localhost:5173/node_modules/.vite/deps/chunk-RCACHFWD.js?v=81c79f6a:204
[   51476ms] [WARNING] i18next::languageUtils: rejecting language code not found in supportedLngs: zh @ http://localhost:5173/node_modules/.vite/deps/chunk-RCACHFWD.js?v=81c79f6a:204
[   51476ms] [WARNING] i18next::languageUtils: rejecting language code not found in supportedLngs: zh @ http://localhost:5173/node_modules/.vite/deps/chunk-RCACHFWD.js?v=81c79f6a:204
[   51476ms] [WARNING] i18next::languageUtils: rejecting language code not found in supportedLngs: zh @ http://localhost:5173/node_modules/.vite/deps/chunk-RCACHFWD.js?v=81c79f6a:204
[   51476ms] [WARNING] i18next::languageUtils: rejecting language code not found in supportedLngs: zh @ http://localhost:5173/node_modules/.vite/deps/chunk-RCACHFWD.js?v=81c79f6a:204
