[     486ms] [WARNING] i18next is maintained with support from locize.com — consider powering your project with managed localization (AI, CDN, integrations): https://locize.com @ http://localhost:5173/node_modules/.vite/deps/chunk-RCACHFWD.js?v=69e9bbea:1744
[     515ms] [WARNING] i18next::languageUtils: rejecting language code not found in supportedLngs: zh @ http://localhost:5173/node_modules/.vite/deps/chunk-RCACHFWD.js?v=69e9bbea:204
[     515ms] [WARNING] i18next::languageUtils: rejecting language code not found in supportedLngs: zh @ http://localhost:5173/node_modules/.vite/deps/chunk-RCACHFWD.js?v=69e9bbea:204
[     532ms] [WARNING] i18next::languageUtils: rejecting language code not found in supportedLngs: zh @ http://localhost:5173/node_modules/.vite/deps/chunk-RCACHFWD.js?v=69e9bbea:204
[     567ms] [WARNING] i18next::languageUtils: rejecting language code not found in supportedLngs: zh @ http://localhost:5173/node_modules/.vite/deps/chunk-RCACHFWD.js?v=69e9bbea:204
[     568ms] [WARNING] i18next::languageUtils: rejecting language code not found in supportedLngs: zh @ http://localhost:5173/node_modules/.vite/deps/chunk-RCACHFWD.js?v=69e9bbea:204
[     585ms] [WARNING] i18next::languageUtils: rejecting language code not found in supportedLngs: zh @ http://localhost:5173/node_modules/.vite/deps/chunk-RCACHFWD.js?v=69e9bbea:204
[     593ms] [WARNING] i18next::languageUtils: rejecting language code not found in supportedLngs: zh @ http://localhost:5173/node_modules/.vite/deps/chunk-RCACHFWD.js?v=69e9bbea:204
[     608ms] [WARNING] i18next::languageUtils: rejecting language code not found in supportedLngs: zh @ http://localhost:5173/node_modules/.vite/deps/chunk-RCACHFWD.js?v=69e9bbea:204
[     613ms] [WARNING] i18next::languageUtils: rejecting language code not found in supportedLngs: zh @ http://localhost:5173/node_modules/.vite/deps/chunk-RCACHFWD.js?v=69e9bbea:204
[     613ms] [WARNING] i18next::languageUtils: rejecting language code not found in supportedLngs: zh @ http://localhost:5173/node_modules/.vite/deps/chunk-RCACHFWD.js?v=69e9bbea:204
[     613ms] [WARNING] i18next::languageUtils: rejecting language code not found in supportedLngs: zh @ http://localhost:5173/node_modules/.vite/deps/chunk-RCACHFWD.js?v=69e9bbea:204
[     615ms] [WARNING] i18next::languageUtils: rejecting language code not found in supportedLngs: zh @ http://localhost:5173/node_modules/.vite/deps/chunk-RCACHFWD.js?v=69e9bbea:204
[     615ms] [WARNING] i18next::languageUtils: rejecting language code not found in supportedLngs: zh @ http://localhost:5173/node_modules/.vite/deps/chunk-RCACHFWD.js?v=69e9bbea:204
[     616ms] [WARNING] i18next::languageUtils: rejecting language code not found in supportedLngs: zh @ http://localhost:5173/node_modules/.vite/deps/chunk-RCACHFWD.js?v=69e9bbea:204
[     616ms] [WARNING] i18next::languageUtils: rejecting language code not found in supportedLngs: zh @ http://localhost:5173/node_modules/.vite/deps/chunk-RCACHFWD.js?v=69e9bbea:204
[     616ms] [WARNING] i18next::languageUtils: rejecting language code not found in supportedLngs: zh @ http://localhost:5173/node_modules/.vite/deps/chunk-RCACHFWD.js?v=69e9bbea:204
[     616ms] [WARNING] i18next::languageUtils: rejecting language code not found in supportedLngs: zh @ http://localhost:5173/node_modules/.vite/deps/chunk-RCACHFWD.js?v=69e9bbea:204
[     616ms] [WARNING] i18next::languageUtils: rejecting language code not found in supportedLngs: zh @ http://localhost:5173/node_modules/.vite/deps/chunk-RCACHFWD.js?v=69e9bbea:204
[     617ms] [WARNING] i18next::languageUtils: rejecting language code not found in supportedLngs: zh @ http://localhost:5173/node_modules/.vite/deps/chunk-RCACHFWD.js?v=69e9bbea:204
[     632ms] [WARNING] i18next::languageUtils: rejecting language code not found in supportedLngs: zh @ http://localhost:5173/node_modules/.vite/deps/chunk-RCACHFWD.js?v=69e9bbea:204
[     632ms] [WARNING] i18next::languageUtils: rejecting language code not found in supportedLngs: zh @ http://localhost:5173/node_modules/.vite/deps/chunk-RCACHFWD.js?v=69e9bbea:204
[     636ms] [WARNING] i18next::languageUtils: rejecting language code not found in supportedLngs: zh @ http://localhost:5173/node_modules/.vite/deps/chunk-RCACHFWD.js?v=69e9bbea:204
[     639ms] [WARNING] i18next::languageUtils: rejecting language code not found in supportedLngs: zh @ http://localhost:5173/node_modules/.vite/deps/chunk-RCACHFWD.js?v=69e9bbea:204
[     639ms] [WARNING] i18next::languageUtils: rejecting language code not found in supportedLngs: zh @ http://localhost:5173/node_modules/.vite/deps/chunk-RCACHFWD.js?v=69e9bbea:204
[     639ms] [WARNING] i18next::languageUtils: rejecting language code not found in supportedLngs: zh @ http://localhost:5173/node_modules/.vite/deps/chunk-RCACHFWD.js?v=69e9bbea:204
[     639ms] [WARNING] i18next::languageUtils: rejecting language code not found in supportedLngs: zh @ http://localhost:5173/node_modules/.vite/deps/chunk-RCACHFWD.js?v=69e9bbea:204
[     639ms] [WARNING] i18next::languageUtils: rejecting language code not found in supportedLngs: zh @ http://localhost:5173/node_modules/.vite/deps/chunk-RCACHFWD.js?v=69e9bbea:204
[     640ms] [WARNING] i18next::languageUtils: rejecting language code not found in supportedLngs: zh @ http://localhost:5173/node_modules/.vite/deps/chunk-RCACHFWD.js?v=69e9bbea:204
[     640ms] [WARNING] i18next::languageUtils: rejecting language code not found in supportedLngs: zh @ http://localhost:5173/node_modules/.vite/deps/chunk-RCACHFWD.js?v=69e9bbea:204
[     640ms] [WARNING] i18next::languageUtils: rejecting language code not found in supportedLngs: zh @ http://localhost:5173/node_modules/.vite/deps/chunk-RCACHFWD.js?v=69e9bbea:204
[     640ms] [WARNING] i18next::languageUtils: rejecting language code not found in supportedLngs: zh @ http://localhost:5173/node_modules/.vite/deps/chunk-RCACHFWD.js?v=69e9bbea:204
[     640ms] [WARNING] i18next::languageUtils: rejecting language code not found in supportedLngs: zh @ http://localhost:5173/node_modules/.vite/deps/chunk-RCACHFWD.js?v=69e9bbea:204
[     641ms] [WARNING] i18next::languageUtils: rejecting language code not found in supportedLngs: zh @ http://localhost:5173/node_modules/.vite/deps/chunk-RCACHFWD.js?v=69e9bbea:204
[     641ms] [WARNING] i18next::languageUtils: rejecting language code not found in supportedLngs: zh @ http://localhost:5173/node_modules/.vite/deps/chunk-RCACHFWD.js?v=69e9bbea:204
[     646ms] [WARNING] i18next::languageUtils: rejecting language code not found in supportedLngs: zh @ http://localhost:5173/node_modules/.vite/deps/chunk-RCACHFWD.js?v=69e9bbea:204
[     646ms] [WARNING] i18next::languageUtils: rejecting language code not found in supportedLngs: zh @ http://localhost:5173/node_modules/.vite/deps/chunk-RCACHFWD.js?v=69e9bbea:204
[     649ms] [WARNING] i18next::languageUtils: rejecting language code not found in supportedLngs: zh @ http://localhost:5173/node_modules/.vite/deps/chunk-RCACHFWD.js?v=69e9bbea:204
[     652ms] [WARNING] i18next::languageUtils: rejecting language code not found in supportedLngs: zh @ http://localhost:5173/node_modules/.vite/deps/chunk-RCACHFWD.js?v=69e9bbea:204
[     652ms] [WARNING] i18next::languageUtils: rejecting language code not found in supportedLngs: zh @ http://localhost:5173/node_modules/.vite/deps/chunk-RCACHFWD.js?v=69e9bbea:204
[     652ms] [WARNING] i18next::languageUtils: rejecting language code not found in supportedLngs: zh @ http://localhost:5173/node_modules/.vite/deps/chunk-RCACHFWD.js?v=69e9bbea:204
[     653ms] [WARNING] i18next::languageUtils: rejecting language code not found in supportedLngs: zh @ http://localhost:5173/node_modules/.vite/deps/chunk-RCACHFWD.js?v=69e9bbea:204
[     653ms] [WARNING] i18next::languageUtils: rejecting language code not found in supportedLngs: zh @ http://localhost:5173/node_modules/.vite/deps/chunk-RCACHFWD.js?v=69e9bbea:204
[     653ms] [WARNING] i18next::languageUtils: rejecting language code not found in supportedLngs: zh @ http://localhost:5173/node_modules/.vite/deps/chunk-RCACHFWD.js?v=69e9bbea:204
[     653ms] [WARNING] i18next::languageUtils: rejecting language code not found in supportedLngs: zh @ http://localhost:5173/node_modules/.vite/deps/chunk-RCACHFWD.js?v=69e9bbea:204
[     654ms] [WARNING] i18next::languageUtils: rejecting language code not found in supportedLngs: zh @ http://localhost:5173/node_modules/.vite/deps/chunk-RCACHFWD.js?v=69e9bbea:204
[     654ms] [WARNING] i18next::languageUtils: rejecting language code not found in supportedLngs: zh @ http://localhost:5173/node_modules/.vite/deps/chunk-RCACHFWD.js?v=69e9bbea:204
[     654ms] [WARNING] i18next::languageUtils: rejecting language code not found in supportedLngs: zh @ http://localhost:5173/node_modules/.vite/deps/chunk-RCACHFWD.js?v=69e9bbea:204
[     654ms] [WARNING] i18next::languageUtils: rejecting language code not found in supportedLngs: zh @ http://localhost:5173/node_modules/.vite/deps/chunk-RCACHFWD.js?v=69e9bbea:204
[     654ms] [WARNING] i18next::languageUtils: rejecting language code not found in supportedLngs: zh @ http://localhost:5173/node_modules/.vite/deps/chunk-RCACHFWD.js?v=69e9bbea:204
[     659ms] [WARNING] i18next::languageUtils: rejecting language code not found in supportedLngs: zh @ http://localhost:5173/node_modules/.vite/deps/chunk-RCACHFWD.js?v=69e9bbea:204
[     659ms] [WARNING] i18next::languageUtils: rejecting language code not found in supportedLngs: zh @ http://localhost:5173/node_modules/.vite/deps/chunk-RCACHFWD.js?v=69e9bbea:204
[     662ms] [WARNING] i18next::languageUtils: rejecting language code not found in supportedLngs: zh @ http://localhost:5173/node_modules/.vite/deps/chunk-RCACHFWD.js?v=69e9bbea:204
[     662ms] [WARNING] i18next::languageUtils: rejecting language code not found in supportedLngs: zh @ http://localhost:5173/node_modules/.vite/deps/chunk-RCACHFWD.js?v=69e9bbea:204
[     706ms] [WARNING] [React Grab] v0.0.98 is outdated (latest: v0.1.11) @ http://localhost:5173/node_modules/.vite/deps/react-grab.js?v=51019f38:3589
[     860ms] [WARNING] i18next::languageUtils: rejecting language code not found in supportedLngs: zh @ http://localhost:5173/node_modules/.vite/deps/chunk-RCACHFWD.js?v=69e9bbea:204
[     861ms] [WARNING] i18next::languageUtils: rejecting language code not found in supportedLngs: zh @ http://localhost:5173/node_modules/.vite/deps/chunk-RCACHFWD.js?v=69e9bbea:204
[     864ms] [WARNING] i18next::languageUtils: rejecting language code not found in supportedLngs: zh @ http://localhost:5173/node_modules/.vite/deps/chunk-RCACHFWD.js?v=69e9bbea:204
[     864ms] [WARNING] i18next::languageUtils: rejecting language code not found in supportedLngs: zh @ http://localhost:5173/node_modules/.vite/deps/chunk-RCACHFWD.js?v=69e9bbea:204
[     871ms] [WARNING] i18next::languageUtils: rejecting language code not found in supportedLngs: zh @ http://localhost:5173/node_modules/.vite/deps/chunk-RCACHFWD.js?v=69e9bbea:204
[     872ms] [WARNING] i18next::languageUtils: rejecting language code not found in supportedLngs: zh @ http://localhost:5173/node_modules/.vite/deps/chunk-RCACHFWD.js?v=69e9bbea:204
[     885ms] [WARNING] i18next::languageUtils: rejecting language code not found in supportedLngs: zh @ http://localhost:5173/node_modules/.vite/deps/chunk-RCACHFWD.js?v=69e9bbea:204
[     885ms] [WARNING] i18next::languageUtils: rejecting language code not found in supportedLngs: zh @ http://localhost:5173/node_modules/.vite/deps/chunk-RCACHFWD.js?v=69e9bbea:204
[     885ms] [WARNING] i18next::languageUtils: rejecting language code not found in supportedLngs: zh @ http://localhost:5173/node_modules/.vite/deps/chunk-RCACHFWD.js?v=69e9bbea:204
[     886ms] [WARNING] i18next::languageUtils: rejecting language code not found in supportedLngs: zh @ http://localhost:5173/node_modules/.vite/deps/chunk-RCACHFWD.js?v=69e9bbea:204
[     886ms] [WARNING] i18next::languageUtils: rejecting language code not found in supportedLngs: zh @ http://localhost:5173/node_modules/.vite/deps/chunk-RCACHFWD.js?v=69e9bbea:204
[     886ms] [WARNING] i18next::languageUtils: rejecting language code not found in supportedLngs: zh @ http://localhost:5173/node_modules/.vite/deps/chunk-RCACHFWD.js?v=69e9bbea:204
[     886ms] [WARNING] i18next::languageUtils: rejecting language code not found in supportedLngs: zh @ http://localhost:5173/node_modules/.vite/deps/chunk-RCACHFWD.js?v=69e9bbea:204
[     887ms] [WARNING] i18next::languageUtils: rejecting language code not found in supportedLngs: zh @ http://localhost:5173/node_modules/.vite/deps/chunk-RCACHFWD.js?v=69e9bbea:204
[     887ms] [WARNING] i18next::languageUtils: rejecting language code not found in supportedLngs: zh @ http://localhost:5173/node_modules/.vite/deps/chunk-RCACHFWD.js?v=69e9bbea:204
[     887ms] [WARNING] i18next::languageUtils: rejecting language code not found in supportedLngs: zh @ http://localhost:5173/node_modules/.vite/deps/chunk-RCACHFWD.js?v=69e9bbea:204
[     887ms] [WARNING] i18next::languageUtils: rejecting language code not found in supportedLngs: zh @ http://localhost:5173/node_modules/.vite/deps/chunk-RCACHFWD.js?v=69e9bbea:204
[     887ms] [WARNING] i18next::languageUtils: rejecting language code not found in supportedLngs: zh @ http://localhost:5173/node_modules/.vite/deps/chunk-RCACHFWD.js?v=69e9bbea:204
[     887ms] [WARNING] i18next::languageUtils: rejecting language code not found in supportedLngs: zh @ http://localhost:5173/node_modules/.vite/deps/chunk-RCACHFWD.js?v=69e9bbea:204
[     888ms] [WARNING] i18next::languageUtils: rejecting language code not found in supportedLngs: zh @ http://localhost:5173/node_modules/.vite/deps/chunk-RCACHFWD.js?v=69e9bbea:204
[     893ms] [WARNING] i18next::languageUtils: rejecting language code not found in supportedLngs: zh @ http://localhost:5173/node_modules/.vite/deps/chunk-RCACHFWD.js?v=69e9bbea:204
[     893ms] [WARNING] i18next::languageUtils: rejecting language code not found in supportedLngs: zh @ http://localhost:5173/node_modules/.vite/deps/chunk-RCACHFWD.js?v=69e9bbea:204
[     893ms] [WARNING] i18next::languageUtils: rejecting language code not found in supportedLngs: zh @ http://localhost:5173/node_modules/.vite/deps/chunk-RCACHFWD.js?v=69e9bbea:204
[     893ms] [WARNING] i18next::languageUtils: rejecting language code not found in supportedLngs: zh @ http://localhost:5173/node_modules/.vite/deps/chunk-RCACHFWD.js?v=69e9bbea:204
[     894ms] [WARNING] i18next::languageUtils: rejecting language code not found in supportedLngs: zh @ http://localhost:5173/node_modules/.vite/deps/chunk-RCACHFWD.js?v=69e9bbea:204
[     894ms] [WARNING] i18next::languageUtils: rejecting language code not found in supportedLngs: zh @ http://localhost:5173/node_modules/.vite/deps/chunk-RCACHFWD.js?v=69e9bbea:204
[     894ms] [WARNING] i18next::languageUtils: rejecting language code not found in supportedLngs: zh @ http://localhost:5173/node_modules/.vite/deps/chunk-RCACHFWD.js?v=69e9bbea:204
[     894ms] [WARNING] i18next::languageUtils: rejecting language code not found in supportedLngs: zh @ http://localhost:5173/node_modules/.vite/deps/chunk-RCACHFWD.js?v=69e9bbea:204
[     894ms] [WARNING] i18next::languageUtils: rejecting language code not found in supportedLngs: zh @ http://localhost:5173/node_modules/.vite/deps/chunk-RCACHFWD.js?v=69e9bbea:204
[     895ms] [WARNING] i18next::languageUtils: rejecting language code not found in supportedLngs: zh @ http://localhost:5173/node_modules/.vite/deps/chunk-RCACHFWD.js?v=69e9bbea:204
[     895ms] [WARNING] i18next::languageUtils: rejecting language code not found in supportedLngs: zh @ http://localhost:5173/node_modules/.vite/deps/chunk-RCACHFWD.js?v=69e9bbea:204
[     895ms] [WARNING] i18next::languageUtils: rejecting language code not found in supportedLngs: zh @ http://localhost:5173/node_modules/.vite/deps/chunk-RCACHFWD.js?v=69e9bbea:204
[     896ms] [WARNING] i18next::languageUtils: rejecting language code not found in supportedLngs: zh @ http://localhost:5173/node_modules/.vite/deps/chunk-RCACHFWD.js?v=69e9bbea:204
[     896ms] [WARNING] i18next::languageUtils: rejecting language code not found in supportedLngs: zh @ http://localhost:5173/node_modules/.vite/deps/chunk-RCACHFWD.js?v=69e9bbea:204
[     906ms] [WARNING] i18next::languageUtils: rejecting language code not found in supportedLngs: zh @ http://localhost:5173/node_modules/.vite/deps/chunk-RCACHFWD.js?v=69e9bbea:204
[     907ms] [WARNING] i18next::languageUtils: rejecting language code not found in supportedLngs: zh @ http://localhost:5173/node_modules/.vite/deps/chunk-RCACHFWD.js?v=69e9bbea:204
[     909ms] [WARNING] i18next::languageUtils: rejecting language code not found in supportedLngs: zh @ http://localhost:5173/node_modules/.vite/deps/chunk-RCACHFWD.js?v=69e9bbea:204
[     910ms] [WARNING] i18next::languageUtils: rejecting language code not found in supportedLngs: zh @ http://localhost:5173/node_modules/.vite/deps/chunk-RCACHFWD.js?v=69e9bbea:204
[     912ms] [WARNING] The width(-1) and height(-1) of chart should be greater than 0,
       please check the style of container, or the props width(100%) and height(100%),
       or add a minWidth(0) or minHeight(undefined) or use aspect(undefined) to control the
       height and width. @ http://localhost:5173/node_modules/.vite/deps/recharts.js?v=50834b21:8838
[     912ms] [WARNING] The width(-1) and height(-1) of chart should be greater than 0,
       please check the style of container, or the props width(100%) and height(100%),
       or add a minWidth(0) or minHeight(undefined) or use aspect(undefined) to control the
       height and width. @ http://localhost:5173/node_modules/.vite/deps/recharts.js?v=50834b21:8838
[     913ms] [WARNING] i18next::languageUtils: rejecting language code not found in supportedLngs: zh @ http://localhost:5173/node_modules/.vite/deps/chunk-RCACHFWD.js?v=69e9bbea:204
[     914ms] [WARNING] i18next::languageUtils: rejecting language code not found in supportedLngs: zh @ http://localhost:5173/node_modules/.vite/deps/chunk-RCACHFWD.js?v=69e9bbea:204
[     914ms] [WARNING] i18next::languageUtils: rejecting language code not found in supportedLngs: zh @ http://localhost:5173/node_modules/.vite/deps/chunk-RCACHFWD.js?v=69e9bbea:204
[     914ms] [WARNING] i18next::languageUtils: rejecting language code not found in supportedLngs: zh @ http://localhost:5173/node_modules/.vite/deps/chunk-RCACHFWD.js?v=69e9bbea:204
[     914ms] [WARNING] i18next::languageUtils: rejecting language code not found in supportedLngs: zh @ http://localhost:5173/node_modules/.vite/deps/chunk-RCACHFWD.js?v=69e9bbea:204
[     915ms] [WARNING] i18next::languageUtils: rejecting language code not found in supportedLngs: zh @ http://localhost:5173/node_modules/.vite/deps/chunk-RCACHFWD.js?v=69e9bbea:204
[     915ms] [WARNING] i18next::languageUtils: rejecting language code not found in supportedLngs: zh @ http://localhost:5173/node_modules/.vite/deps/chunk-RCACHFWD.js?v=69e9bbea:204
[     915ms] [WARNING] i18next::languageUtils: rejecting language code not found in supportedLngs: zh @ http://localhost:5173/node_modules/.vite/deps/chunk-RCACHFWD.js?v=69e9bbea:204
[     915ms] [WARNING] i18next::languageUtils: rejecting language code not found in supportedLngs: zh @ http://localhost:5173/node_modules/.vite/deps/chunk-RCACHFWD.js?v=69e9bbea:204
[     916ms] [WARNING] i18next::languageUtils: rejecting language code not found in supportedLngs: zh @ http://localhost:5173/node_modules/.vite/deps/chunk-RCACHFWD.js?v=69e9bbea:204
[     916ms] [WARNING] i18next::languageUtils: rejecting language code not found in supportedLngs: zh @ http://localhost:5173/node_modules/.vite/deps/chunk-RCACHFWD.js?v=69e9bbea:204
[     916ms] [WARNING] i18next::languageUtils: rejecting language code not found in supportedLngs: zh @ http://localhost:5173/node_modules/.vite/deps/chunk-RCACHFWD.js?v=69e9bbea:204
[     916ms] [WARNING] i18next::languageUtils: rejecting language code not found in supportedLngs: zh @ http://localhost:5173/node_modules/.vite/deps/chunk-RCACHFWD.js?v=69e9bbea:204
[     917ms] [WARNING] i18next::languageUtils: rejecting language code not found in supportedLngs: zh @ http://localhost:5173/node_modules/.vite/deps/chunk-RCACHFWD.js?v=69e9bbea:204
[     917ms] [WARNING] The width(-1) and height(-1) of chart should be greater than 0,
       please check the style of container, or the props width(100%) and height(100%),
       or add a minWidth(0) or minHeight(undefined) or use aspect(undefined) to control the
       height and width. @ http://localhost:5173/node_modules/.vite/deps/recharts.js?v=50834b21:8838
[     918ms] [WARNING] The width(-1) and height(-1) of chart should be greater than 0,
       please check the style of container, or the props width(100%) and height(100%),
       or add a minWidth(0) or minHeight(undefined) or use aspect(undefined) to control the
       height and width. @ http://localhost:5173/node_modules/.vite/deps/recharts.js?v=50834b21:8838
[     919ms] [WARNING] The width(-1) and height(-1) of chart should be greater than 0,
       please check the style of container, or the props width(100%) and height(100%),
       or add a minWidth(0) or minHeight(undefined) or use aspect(undefined) to control the
       height and width. @ http://localhost:5173/node_modules/.vite/deps/recharts.js?v=50834b21:8838
[     919ms] [WARNING] The width(-1) and height(-1) of chart should be greater than 0,
       please check the style of container, or the props width(100%) and height(100%),
       or add a minWidth(0) or minHeight(undefined) or use aspect(undefined) to control the
       height and width. @ http://localhost:5173/node_modules/.vite/deps/recharts.js?v=50834b21:8838
[     920ms] [WARNING] i18next::languageUtils: rejecting language code not found in supportedLngs: zh @ http://localhost:5173/node_modules/.vite/deps/chunk-RCACHFWD.js?v=69e9bbea:204
[     920ms] [WARNING] i18next::languageUtils: rejecting language code not found in supportedLngs: zh @ http://localhost:5173/node_modules/.vite/deps/chunk-RCACHFWD.js?v=69e9bbea:204
[     920ms] [WARNING] i18next::languageUtils: rejecting language code not found in supportedLngs: zh @ http://localhost:5173/node_modules/.vite/deps/chunk-RCACHFWD.js?v=69e9bbea:204
[     920ms] [WARNING] i18next::languageUtils: rejecting language code not found in supportedLngs: zh @ http://localhost:5173/node_modules/.vite/deps/chunk-RCACHFWD.js?v=69e9bbea:204
[     921ms] [WARNING] i18next::languageUtils: rejecting language code not found in supportedLngs: zh @ http://localhost:5173/node_modules/.vite/deps/chunk-RCACHFWD.js?v=69e9bbea:204
[     921ms] [WARNING] i18next::languageUtils: rejecting language code not found in supportedLngs: zh @ http://localhost:5173/node_modules/.vite/deps/chunk-RCACHFWD.js?v=69e9bbea:204
[     921ms] [WARNING] The width(-1) and height(-1) of chart should be greater than 0,
       please check the style of container, or the props width(100%) and height(100%),
       or add a minWidth(0) or minHeight(undefined) or use aspect(undefined) to control the
       height and width. @ http://localhost:5173/node_modules/.vite/deps/recharts.js?v=50834b21:8838
[     922ms] [WARNING] The width(-1) and height(-1) of chart should be greater than 0,
       please check the style of container, or the props width(100%) and height(100%),
       or add a minWidth(0) or minHeight(undefined) or use aspect(undefined) to control the
       height and width. @ http://localhost:5173/node_modules/.vite/deps/recharts.js?v=50834b21:8838
[     922ms] [WARNING] i18next::languageUtils: rejecting language code not found in supportedLngs: zh @ http://localhost:5173/node_modules/.vite/deps/chunk-RCACHFWD.js?v=69e9bbea:204
[     923ms] [WARNING] i18next::languageUtils: rejecting language code not found in supportedLngs: zh @ http://localhost:5173/node_modules/.vite/deps/chunk-RCACHFWD.js?v=69e9bbea:204
[     924ms] [WARNING] The width(-1) and height(-1) of chart should be greater than 0,
       please check the style of container, or the props width(100%) and height(100%),
       or add a minWidth(0) or minHeight(undefined) or use aspect(undefined) to control the
       height and width. @ http://localhost:5173/node_modules/.vite/deps/recharts.js?v=50834b21:8838
[     924ms] [WARNING] The width(-1) and height(-1) of chart should be greater than 0,
       please check the style of container, or the props width(100%) and height(100%),
       or add a minWidth(0) or minHeight(undefined) or use aspect(undefined) to control the
       height and width. @ http://localhost:5173/node_modules/.vite/deps/recharts.js?v=50834b21:8838
[     925ms] [WARNING] i18next::languageUtils: rejecting language code not found in supportedLngs: zh @ http://localhost:5173/node_modules/.vite/deps/chunk-RCACHFWD.js?v=69e9bbea:204
[     925ms] [WARNING] i18next::languageUtils: rejecting language code not found in supportedLngs: zh @ http://localhost:5173/node_modules/.vite/deps/chunk-RCACHFWD.js?v=69e9bbea:204
[     926ms] [WARNING] The width(-1) and height(-1) of chart should be greater than 0,
       please check the style of container, or the props width(100%) and height(100%),
       or add a minWidth(0) or minHeight(undefined) or use aspect(undefined) to control the
       height and width. @ http://localhost:5173/node_modules/.vite/deps/recharts.js?v=50834b21:8838
[     926ms] [WARNING] The width(-1) and height(-1) of chart should be greater than 0,
       please check the style of container, or the props width(100%) and height(100%),
       or add a minWidth(0) or minHeight(undefined) or use aspect(undefined) to control the
       height and width. @ http://localhost:5173/node_modules/.vite/deps/recharts.js?v=50834b21:8838
[     927ms] [WARNING] i18next::languageUtils: rejecting language code not found in supportedLngs: zh @ http://localhost:5173/node_modules/.vite/deps/chunk-RCACHFWD.js?v=69e9bbea:204
[     927ms] [WARNING] i18next::languageUtils: rejecting language code not found in supportedLngs: zh @ http://localhost:5173/node_modules/.vite/deps/chunk-RCACHFWD.js?v=69e9bbea:204
[     927ms] [WARNING] i18next::languageUtils: rejecting language code not found in supportedLngs: zh @ http://localhost:5173/node_modules/.vite/deps/chunk-RCACHFWD.js?v=69e9bbea:204
[     928ms] [WARNING] i18next::languageUtils: rejecting language code not found in supportedLngs: zh @ http://localhost:5173/node_modules/.vite/deps/chunk-RCACHFWD.js?v=69e9bbea:204
[     928ms] [WARNING] i18next::languageUtils: rejecting language code not found in supportedLngs: zh @ http://localhost:5173/node_modules/.vite/deps/chunk-RCACHFWD.js?v=69e9bbea:204
[     928ms] [WARNING] i18next::languageUtils: rejecting language code not found in supportedLngs: zh @ http://localhost:5173/node_modules/.vite/deps/chunk-RCACHFWD.js?v=69e9bbea:204
[     928ms] [WARNING] i18next::languageUtils: rejecting language code not found in supportedLngs: zh @ http://localhost:5173/node_modules/.vite/deps/chunk-RCACHFWD.js?v=69e9bbea:204
[     928ms] [WARNING] i18next::languageUtils: rejecting language code not found in supportedLngs: zh @ http://localhost:5173/node_modules/.vite/deps/chunk-RCACHFWD.js?v=69e9bbea:204
[    2686ms] [ERROR] Failed to load resource: net::ERR_CONNECTION_REFUSED @ http://localhost:4567/health:0
[   39443ms] [WARNING] i18next::languageUtils: rejecting language code not found in supportedLngs: zh @ http://localhost:5173/node_modules/.vite/deps/chunk-RCACHFWD.js?v=69e9bbea:204
[   39443ms] [WARNING] i18next::languageUtils: rejecting language code not found in supportedLngs: zh @ http://localhost:5173/node_modules/.vite/deps/chunk-RCACHFWD.js?v=69e9bbea:204
[   39443ms] [WARNING] i18next::languageUtils: rejecting language code not found in supportedLngs: zh @ http://localhost:5173/node_modules/.vite/deps/chunk-RCACHFWD.js?v=69e9bbea:204
[   39444ms] [WARNING] i18next::languageUtils: rejecting language code not found in supportedLngs: zh @ http://localhost:5173/node_modules/.vite/deps/chunk-RCACHFWD.js?v=69e9bbea:204
[   39444ms] [WARNING] i18next::languageUtils: rejecting language code not found in supportedLngs: zh @ http://localhost:5173/node_modules/.vite/deps/chunk-RCACHFWD.js?v=69e9bbea:204
[   39444ms] [WARNING] i18next::languageUtils: rejecting language code not found in supportedLngs: zh @ http://localhost:5173/node_modules/.vite/deps/chunk-RCACHFWD.js?v=69e9bbea:204
[   39444ms] [WARNING] i18next::languageUtils: rejecting language code not found in supportedLngs: zh @ http://localhost:5173/node_modules/.vite/deps/chunk-RCACHFWD.js?v=69e9bbea:204
[   39445ms] [WARNING] i18next::languageUtils: rejecting language code not found in supportedLngs: zh @ http://localhost:5173/node_modules/.vite/deps/chunk-RCACHFWD.js?v=69e9bbea:204
[   39445ms] [WARNING] i18next::languageUtils: rejecting language code not found in supportedLngs: zh @ http://localhost:5173/node_modules/.vite/deps/chunk-RCACHFWD.js?v=69e9bbea:204
[   39445ms] [WARNING] i18next::languageUtils: rejecting language code not found in supportedLngs: zh @ http://localhost:5173/node_modules/.vite/deps/chunk-RCACHFWD.js?v=69e9bbea:204
[   39445ms] [WARNING] i18next::languageUtils: rejecting language code not found in supportedLngs: zh @ http://localhost:5173/node_modules/.vite/deps/chunk-RCACHFWD.js?v=69e9bbea:204
[   39445ms] [WARNING] i18next::languageUtils: rejecting language code not found in supportedLngs: zh @ http://localhost:5173/node_modules/.vite/deps/chunk-RCACHFWD.js?v=69e9bbea:204
[   39449ms] [WARNING] i18next::languageUtils: rejecting language code not found in supportedLngs: zh @ http://localhost:5173/node_modules/.vite/deps/chunk-RCACHFWD.js?v=69e9bbea:204
[   39449ms] [WARNING] i18next::languageUtils: rejecting language code not found in supportedLngs: zh @ http://localhost:5173/node_modules/.vite/deps/chunk-RCACHFWD.js?v=69e9bbea:204
[   39455ms] [WARNING] i18next::languageUtils: rejecting language code not found in supportedLngs: zh @ http://localhost:5173/node_modules/.vite/deps/chunk-RCACHFWD.js?v=69e9bbea:204
[   39466ms] [WARNING] i18next::languageUtils: rejecting language code not found in supportedLngs: zh @ http://localhost:5173/node_modules/.vite/deps/chunk-RCACHFWD.js?v=69e9bbea:204
[   39466ms] [WARNING] i18next::languageUtils: rejecting language code not found in supportedLngs: zh @ http://localhost:5173/node_modules/.vite/deps/chunk-RCACHFWD.js?v=69e9bbea:204
[   39467ms] [WARNING] i18next::languageUtils: rejecting language code not found in supportedLngs: zh @ http://localhost:5173/node_modules/.vite/deps/chunk-RCACHFWD.js?v=69e9bbea:204
[   39467ms] [WARNING] i18next::languageUtils: rejecting language code not found in supportedLngs: zh @ http://localhost:5173/node_modules/.vite/deps/chunk-RCACHFWD.js?v=69e9bbea:204
[   39467ms] [WARNING] i18next::languageUtils: rejecting language code not found in supportedLngs: zh @ http://localhost:5173/node_modules/.vite/deps/chunk-RCACHFWD.js?v=69e9bbea:204
[   39467ms] [WARNING] i18next::languageUtils: rejecting language code not found in supportedLngs: zh @ http://localhost:5173/node_modules/.vite/deps/chunk-RCACHFWD.js?v=69e9bbea:204
[   39468ms] [WARNING] i18next::languageUtils: rejecting language code not found in supportedLngs: zh @ http://localhost:5173/node_modules/.vite/deps/chunk-RCACHFWD.js?v=69e9bbea:204
[   39468ms] [WARNING] i18next::languageUtils: rejecting language code not found in supportedLngs: zh @ http://localhost:5173/node_modules/.vite/deps/chunk-RCACHFWD.js?v=69e9bbea:204
[   39468ms] [WARNING] i18next::languageUtils: rejecting language code not found in supportedLngs: zh @ http://localhost:5173/node_modules/.vite/deps/chunk-RCACHFWD.js?v=69e9bbea:204
[   39468ms] [WARNING] i18next::languageUtils: rejecting language code not found in supportedLngs: zh @ http://localhost:5173/node_modules/.vite/deps/chunk-RCACHFWD.js?v=69e9bbea:204
[   39468ms] [WARNING] i18next::languageUtils: rejecting language code not found in supportedLngs: zh @ http://localhost:5173/node_modules/.vite/deps/chunk-RCACHFWD.js?v=69e9bbea:204
[   39469ms] [WARNING] i18next::languageUtils: rejecting language code not found in supportedLngs: zh @ http://localhost:5173/node_modules/.vite/deps/chunk-RCACHFWD.js?v=69e9bbea:204
[   39474ms] [WARNING] i18next::languageUtils: rejecting language code not found in supportedLngs: zh @ http://localhost:5173/node_modules/.vite/deps/chunk-RCACHFWD.js?v=69e9bbea:204
[   39475ms] [WARNING] i18next::languageUtils: rejecting language code not found in supportedLngs: zh @ http://localhost:5173/node_modules/.vite/deps/chunk-RCACHFWD.js?v=69e9bbea:204
[   39479ms] [WARNING] i18next::languageUtils: rejecting language code not found in supportedLngs: zh @ http://localhost:5173/node_modules/.vite/deps/chunk-RCACHFWD.js?v=69e9bbea:204
[   39480ms] [WARNING] i18next::languageUtils: rejecting language code not found in supportedLngs: zh @ http://localhost:5173/node_modules/.vite/deps/chunk-RCACHFWD.js?v=69e9bbea:204
[   39480ms] [WARNING] i18next::languageUtils: rejecting language code not found in supportedLngs: zh @ http://localhost:5173/node_modules/.vite/deps/chunk-RCACHFWD.js?v=69e9bbea:204
[   39480ms] [WARNING] i18next::languageUtils: rejecting language code not found in supportedLngs: zh @ http://localhost:5173/node_modules/.vite/deps/chunk-RCACHFWD.js?v=69e9bbea:204
[   39480ms] [WARNING] i18next::languageUtils: rejecting language code not found in supportedLngs: zh @ http://localhost:5173/node_modules/.vite/deps/chunk-RCACHFWD.js?v=69e9bbea:204
[   39481ms] [WARNING] i18next::languageUtils: rejecting language code not found in supportedLngs: zh @ http://localhost:5173/node_modules/.vite/deps/chunk-RCACHFWD.js?v=69e9bbea:204
[   39481ms] [WARNING] i18next::languageUtils: rejecting language code not found in supportedLngs: zh @ http://localhost:5173/node_modules/.vite/deps/chunk-RCACHFWD.js?v=69e9bbea:204
[   39481ms] [WARNING] i18next::languageUtils: rejecting language code not found in supportedLngs: zh @ http://localhost:5173/node_modules/.vite/deps/chunk-RCACHFWD.js?v=69e9bbea:204
[   39481ms] [WARNING] i18next::languageUtils: rejecting language code not found in supportedLngs: zh @ http://localhost:5173/node_modules/.vite/deps/chunk-RCACHFWD.js?v=69e9bbea:204
[   39481ms] [WARNING] i18next::languageUtils: rejecting language code not found in supportedLngs: zh @ http://localhost:5173/node_modules/.vite/deps/chunk-RCACHFWD.js?v=69e9bbea:204
[   39481ms] [WARNING] i18next::languageUtils: rejecting language code not found in supportedLngs: zh @ http://localhost:5173/node_modules/.vite/deps/chunk-RCACHFWD.js?v=69e9bbea:204
[   39482ms] [WARNING] i18next::languageUtils: rejecting language code not found in supportedLngs: zh @ http://localhost:5173/node_modules/.vite/deps/chunk-RCACHFWD.js?v=69e9bbea:204
[   39482ms] [WARNING] i18next::languageUtils: rejecting language code not found in supportedLngs: zh @ http://localhost:5173/node_modules/.vite/deps/chunk-RCACHFWD.js?v=69e9bbea:204
[   39482ms] [WARNING] i18next::languageUtils: rejecting language code not found in supportedLngs: zh @ http://localhost:5173/node_modules/.vite/deps/chunk-RCACHFWD.js?v=69e9bbea:204
[   39482ms] [WARNING] i18next::languageUtils: rejecting language code not found in supportedLngs: zh @ http://localhost:5173/node_modules/.vite/deps/chunk-RCACHFWD.js?v=69e9bbea:204
[   39482ms] [WARNING] i18next::languageUtils: rejecting language code not found in supportedLngs: zh @ http://localhost:5173/node_modules/.vite/deps/chunk-RCACHFWD.js?v=69e9bbea:204
[   39483ms] [WARNING] i18next::languageUtils: rejecting language code not found in supportedLngs: zh @ http://localhost:5173/node_modules/.vite/deps/chunk-RCACHFWD.js?v=69e9bbea:204
[   39484ms] [WARNING] i18next::languageUtils: rejecting language code not found in supportedLngs: zh @ http://localhost:5173/node_modules/.vite/deps/chunk-RCACHFWD.js?v=69e9bbea:204
[   39484ms] [WARNING] i18next::languageUtils: rejecting language code not found in supportedLngs: zh @ http://localhost:5173/node_modules/.vite/deps/chunk-RCACHFWD.js?v=69e9bbea:204
[   39484ms] [WARNING] i18next::languageUtils: rejecting language code not found in supportedLngs: zh @ http://localhost:5173/node_modules/.vite/deps/chunk-RCACHFWD.js?v=69e9bbea:204
[   39484ms] [WARNING] i18next::languageUtils: rejecting language code not found in supportedLngs: zh @ http://localhost:5173/node_modules/.vite/deps/chunk-RCACHFWD.js?v=69e9bbea:204
[   39484ms] [WARNING] i18next::languageUtils: rejecting language code not found in supportedLngs: zh @ http://localhost:5173/node_modules/.vite/deps/chunk-RCACHFWD.js?v=69e9bbea:204
[   39484ms] [WARNING] i18next::languageUtils: rejecting language code not found in supportedLngs: zh @ http://localhost:5173/node_modules/.vite/deps/chunk-RCACHFWD.js?v=69e9bbea:204
[   39485ms] [WARNING] i18next::languageUtils: rejecting language code not found in supportedLngs: zh @ http://localhost:5173/node_modules/.vite/deps/chunk-RCACHFWD.js?v=69e9bbea:204
[   39485ms] [WARNING] i18next::languageUtils: rejecting language code not found in supportedLngs: zh @ http://localhost:5173/node_modules/.vite/deps/chunk-RCACHFWD.js?v=69e9bbea:204
[   39485ms] [WARNING] i18next::languageUtils: rejecting language code not found in supportedLngs: zh @ http://localhost:5173/node_modules/.vite/deps/chunk-RCACHFWD.js?v=69e9bbea:204
[   39485ms] [WARNING] i18next::languageUtils: rejecting language code not found in supportedLngs: zh @ http://localhost:5173/node_modules/.vite/deps/chunk-RCACHFWD.js?v=69e9bbea:204
[   39485ms] [WARNING] i18next::languageUtils: rejecting language code not found in supportedLngs: zh @ http://localhost:5173/node_modules/.vite/deps/chunk-RCACHFWD.js?v=69e9bbea:204
[   39485ms] [WARNING] i18next::languageUtils: rejecting language code not found in supportedLngs: zh @ http://localhost:5173/node_modules/.vite/deps/chunk-RCACHFWD.js?v=69e9bbea:204
[   39485ms] [WARNING] i18next::languageUtils: rejecting language code not found in supportedLngs: zh @ http://localhost:5173/node_modules/.vite/deps/chunk-RCACHFWD.js?v=69e9bbea:204
[   39485ms] [WARNING] i18next::languageUtils: rejecting language code not found in supportedLngs: zh @ http://localhost:5173/node_modules/.vite/deps/chunk-RCACHFWD.js?v=69e9bbea:204
[   39486ms] [WARNING] i18next::languageUtils: rejecting language code not found in supportedLngs: zh @ http://localhost:5173/node_modules/.vite/deps/chunk-RCACHFWD.js?v=69e9bbea:204
[   39486ms] [WARNING] i18next::languageUtils: rejecting language code not found in supportedLngs: zh @ http://localhost:5173/node_modules/.vite/deps/chunk-RCACHFWD.js?v=69e9bbea:204
[   39486ms] [WARNING] i18next::languageUtils: rejecting language code not found in supportedLngs: zh @ http://localhost:5173/node_modules/.vite/deps/chunk-RCACHFWD.js?v=69e9bbea:204
[   45873ms] [WARNING] i18next::languageUtils: rejecting language code not found in supportedLngs: zh @ http://localhost:5173/node_modules/.vite/deps/chunk-RCACHFWD.js?v=69e9bbea:204
[   45873ms] [WARNING] i18next::languageUtils: rejecting language code not found in supportedLngs: zh @ http://localhost:5173/node_modules/.vite/deps/chunk-RCACHFWD.js?v=69e9bbea:204
[   45874ms] [WARNING] i18next::languageUtils: rejecting language code not found in supportedLngs: zh @ http://localhost:5173/node_modules/.vite/deps/chunk-RCACHFWD.js?v=69e9bbea:204
[   45874ms] [WARNING] i18next::languageUtils: rejecting language code not found in supportedLngs: zh @ http://localhost:5173/node_modules/.vite/deps/chunk-RCACHFWD.js?v=69e9bbea:204
[   45874ms] [WARNING] i18next::languageUtils: rejecting language code not found in supportedLngs: zh @ http://localhost:5173/node_modules/.vite/deps/chunk-RCACHFWD.js?v=69e9bbea:204
[   45874ms] [WARNING] i18next::languageUtils: rejecting language code not found in supportedLngs: zh @ http://localhost:5173/node_modules/.vite/deps/chunk-RCACHFWD.js?v=69e9bbea:204
[   45875ms] [WARNING] i18next::languageUtils: rejecting language code not found in supportedLngs: zh @ http://localhost:5173/node_modules/.vite/deps/chunk-RCACHFWD.js?v=69e9bbea:204
[   45875ms] [WARNING] i18next::languageUtils: rejecting language code not found in supportedLngs: zh @ http://localhost:5173/node_modules/.vite/deps/chunk-RCACHFWD.js?v=69e9bbea:204
[   45875ms] [WARNING] i18next::languageUtils: rejecting language code not found in supportedLngs: zh @ http://localhost:5173/node_modules/.vite/deps/chunk-RCACHFWD.js?v=69e9bbea:204
[   45875ms] [WARNING] i18next::languageUtils: rejecting language code not found in supportedLngs: zh @ http://localhost:5173/node_modules/.vite/deps/chunk-RCACHFWD.js?v=69e9bbea:204
[   45876ms] [WARNING] i18next::languageUtils: rejecting language code not found in supportedLngs: zh @ http://localhost:5173/node_modules/.vite/deps/chunk-RCACHFWD.js?v=69e9bbea:204
[   45876ms] [WARNING] i18next::languageUtils: rejecting language code not found in supportedLngs: zh @ http://localhost:5173/node_modules/.vite/deps/chunk-RCACHFWD.js?v=69e9bbea:204
[   45879ms] [WARNING] i18next::languageUtils: rejecting language code not found in supportedLngs: zh @ http://localhost:5173/node_modules/.vite/deps/chunk-RCACHFWD.js?v=69e9bbea:204
[   45880ms] [WARNING] i18next::languageUtils: rejecting language code not found in supportedLngs: zh @ http://localhost:5173/node_modules/.vite/deps/chunk-RCACHFWD.js?v=69e9bbea:204
[   45885ms] [WARNING] i18next::languageUtils: rejecting language code not found in supportedLngs: zh @ http://localhost:5173/node_modules/.vite/deps/chunk-RCACHFWD.js?v=69e9bbea:204
[   45885ms] [WARNING] i18next::languageUtils: rejecting language code not found in supportedLngs: zh @ http://localhost:5173/node_modules/.vite/deps/chunk-RCACHFWD.js?v=69e9bbea:204
[   45886ms] [WARNING] i18next::languageUtils: rejecting language code not found in supportedLngs: zh @ http://localhost:5173/node_modules/.vite/deps/chunk-RCACHFWD.js?v=69e9bbea:204
[   45886ms] [WARNING] i18next::languageUtils: rejecting language code not found in supportedLngs: zh @ http://localhost:5173/node_modules/.vite/deps/chunk-RCACHFWD.js?v=69e9bbea:204
[   45886ms] [WARNING] i18next::languageUtils: rejecting language code not found in supportedLngs: zh @ http://localhost:5173/node_modules/.vite/deps/chunk-RCACHFWD.js?v=69e9bbea:204
[   45886ms] [WARNING] i18next::languageUtils: rejecting language code not found in supportedLngs: zh @ http://localhost:5173/node_modules/.vite/deps/chunk-RCACHFWD.js?v=69e9bbea:204
[   45886ms] [WARNING] i18next::languageUtils: rejecting language code not found in supportedLngs: zh @ http://localhost:5173/node_modules/.vite/deps/chunk-RCACHFWD.js?v=69e9bbea:204
[   45886ms] [WARNING] i18next::languageUtils: rejecting language code not found in supportedLngs: zh @ http://localhost:5173/node_modules/.vite/deps/chunk-RCACHFWD.js?v=69e9bbea:204
[   45887ms] [WARNING] i18next::languageUtils: rejecting language code not found in supportedLngs: zh @ http://localhost:5173/node_modules/.vite/deps/chunk-RCACHFWD.js?v=69e9bbea:204
[   45887ms] [WARNING] i18next::languageUtils: rejecting language code not found in supportedLngs: zh @ http://localhost:5173/node_modules/.vite/deps/chunk-RCACHFWD.js?v=69e9bbea:204
[   45887ms] [WARNING] i18next::languageUtils: rejecting language code not found in supportedLngs: zh @ http://localhost:5173/node_modules/.vite/deps/chunk-RCACHFWD.js?v=69e9bbea:204
[   45887ms] [WARNING] i18next::languageUtils: rejecting language code not found in supportedLngs: zh @ http://localhost:5173/node_modules/.vite/deps/chunk-RCACHFWD.js?v=69e9bbea:204
[   45887ms] [WARNING] i18next::languageUtils: rejecting language code not found in supportedLngs: zh @ http://localhost:5173/node_modules/.vite/deps/chunk-RCACHFWD.js?v=69e9bbea:204
[   45887ms] [WARNING] i18next::languageUtils: rejecting language code not found in supportedLngs: zh @ http://localhost:5173/node_modules/.vite/deps/chunk-RCACHFWD.js?v=69e9bbea:204
[   45888ms] [WARNING] i18next::languageUtils: rejecting language code not found in supportedLngs: zh @ http://localhost:5173/node_modules/.vite/deps/chunk-RCACHFWD.js?v=69e9bbea:204
[   45888ms] [WARNING] i18next::languageUtils: rejecting language code not found in supportedLngs: zh @ http://localhost:5173/node_modules/.vite/deps/chunk-RCACHFWD.js?v=69e9bbea:204
[   45888ms] [WARNING] i18next::languageUtils: rejecting language code not found in supportedLngs: zh @ http://localhost:5173/node_modules/.vite/deps/chunk-RCACHFWD.js?v=69e9bbea:204
[   45888ms] [WARNING] i18next::languageUtils: rejecting language code not found in supportedLngs: zh @ http://localhost:5173/node_modules/.vite/deps/chunk-RCACHFWD.js?v=69e9bbea:204
[   45888ms] [WARNING] i18next::languageUtils: rejecting language code not found in supportedLngs: zh @ http://localhost:5173/node_modules/.vite/deps/chunk-RCACHFWD.js?v=69e9bbea:204
[   45888ms] [WARNING] i18next::languageUtils: rejecting language code not found in supportedLngs: zh @ http://localhost:5173/node_modules/.vite/deps/chunk-RCACHFWD.js?v=69e9bbea:204
[   45889ms] [WARNING] i18next::languageUtils: rejecting language code not found in supportedLngs: zh @ http://localhost:5173/node_modules/.vite/deps/chunk-RCACHFWD.js?v=69e9bbea:204
[   45889ms] [WARNING] i18next::languageUtils: rejecting language code not found in supportedLngs: zh @ http://localhost:5173/node_modules/.vite/deps/chunk-RCACHFWD.js?v=69e9bbea:204
[   45889ms] [WARNING] i18next::languageUtils: rejecting language code not found in supportedLngs: zh @ http://localhost:5173/node_modules/.vite/deps/chunk-RCACHFWD.js?v=69e9bbea:204
[   45889ms] [WARNING] i18next::languageUtils: rejecting language code not found in supportedLngs: zh @ http://localhost:5173/node_modules/.vite/deps/chunk-RCACHFWD.js?v=69e9bbea:204
[   45889ms] [WARNING] i18next::languageUtils: rejecting language code not found in supportedLngs: zh @ http://localhost:5173/node_modules/.vite/deps/chunk-RCACHFWD.js?v=69e9bbea:204
[   45890ms] [WARNING] i18next::languageUtils: rejecting language code not found in supportedLngs: zh @ http://localhost:5173/node_modules/.vite/deps/chunk-RCACHFWD.js?v=69e9bbea:204
[   45890ms] [WARNING] i18next::languageUtils: rejecting language code not found in supportedLngs: zh @ http://localhost:5173/node_modules/.vite/deps/chunk-RCACHFWD.js?v=69e9bbea:204
[   45890ms] [WARNING] i18next::languageUtils: rejecting language code not found in supportedLngs: zh @ http://localhost:5173/node_modules/.vite/deps/chunk-RCACHFWD.js?v=69e9bbea:204
[   45890ms] [WARNING] i18next::languageUtils: rejecting language code not found in supportedLngs: zh @ http://localhost:5173/node_modules/.vite/deps/chunk-RCACHFWD.js?v=69e9bbea:204
[   45890ms] [WARNING] i18next::languageUtils: rejecting language code not found in supportedLngs: zh @ http://localhost:5173/node_modules/.vite/deps/chunk-RCACHFWD.js?v=69e9bbea:204
[   45890ms] [WARNING] i18next::languageUtils: rejecting language code not found in supportedLngs: zh @ http://localhost:5173/node_modules/.vite/deps/chunk-RCACHFWD.js?v=69e9bbea:204
[   45891ms] [WARNING] i18next::languageUtils: rejecting language code not found in supportedLngs: zh @ http://localhost:5173/node_modules/.vite/deps/chunk-RCACHFWD.js?v=69e9bbea:204
[   45891ms] [WARNING] i18next::languageUtils: rejecting language code not found in supportedLngs: zh @ http://localhost:5173/node_modules/.vite/deps/chunk-RCACHFWD.js?v=69e9bbea:204
[   45891ms] [WARNING] i18next::languageUtils: rejecting language code not found in supportedLngs: zh @ http://localhost:5173/node_modules/.vite/deps/chunk-RCACHFWD.js?v=69e9bbea:204
[   45891ms] [WARNING] i18next::languageUtils: rejecting language code not found in supportedLngs: zh @ http://localhost:5173/node_modules/.vite/deps/chunk-RCACHFWD.js?v=69e9bbea:204
[   45892ms] [WARNING] i18next::languageUtils: rejecting language code not found in supportedLngs: zh @ http://localhost:5173/node_modules/.vite/deps/chunk-RCACHFWD.js?v=69e9bbea:204
[   45892ms] [WARNING] i18next::languageUtils: rejecting language code not found in supportedLngs: zh @ http://localhost:5173/node_modules/.vite/deps/chunk-RCACHFWD.js?v=69e9bbea:204
[   45892ms] [WARNING] i18next::languageUtils: rejecting language code not found in supportedLngs: zh @ http://localhost:5173/node_modules/.vite/deps/chunk-RCACHFWD.js?v=69e9bbea:204
[   45892ms] [WARNING] i18next::languageUtils: rejecting language code not found in supportedLngs: zh @ http://localhost:5173/node_modules/.vite/deps/chunk-RCACHFWD.js?v=69e9bbea:204
[   45892ms] [WARNING] i18next::languageUtils: rejecting language code not found in supportedLngs: zh @ http://localhost:5173/node_modules/.vite/deps/chunk-RCACHFWD.js?v=69e9bbea:204
[   45892ms] [WARNING] i18next::languageUtils: rejecting language code not found in supportedLngs: zh @ http://localhost:5173/node_modules/.vite/deps/chunk-RCACHFWD.js?v=69e9bbea:204
[   45892ms] [WARNING] i18next::languageUtils: rejecting language code not found in supportedLngs: zh @ http://localhost:5173/node_modules/.vite/deps/chunk-RCACHFWD.js?v=69e9bbea:204
[   45893ms] [WARNING] i18next::languageUtils: rejecting language code not found in supportedLngs: zh @ http://localhost:5173/node_modules/.vite/deps/chunk-RCACHFWD.js?v=69e9bbea:204
[   45893ms] [WARNING] i18next::languageUtils: rejecting language code not found in supportedLngs: zh @ http://localhost:5173/node_modules/.vite/deps/chunk-RCACHFWD.js?v=69e9bbea:204
[   45893ms] [WARNING] i18next::languageUtils: rejecting language code not found in supportedLngs: zh @ http://localhost:5173/node_modules/.vite/deps/chunk-RCACHFWD.js?v=69e9bbea:204
[   45893ms] [WARNING] i18next::languageUtils: rejecting language code not found in supportedLngs: zh @ http://localhost:5173/node_modules/.vite/deps/chunk-RCACHFWD.js?v=69e9bbea:204
[   45893ms] [WARNING] i18next::languageUtils: rejecting language code not found in supportedLngs: zh @ http://localhost:5173/node_modules/.vite/deps/chunk-RCACHFWD.js?v=69e9bbea:204
[   45893ms] [WARNING] i18next::languageUtils: rejecting language code not found in supportedLngs: zh @ http://localhost:5173/node_modules/.vite/deps/chunk-RCACHFWD.js?v=69e9bbea:204
[   45894ms] [WARNING] i18next::languageUtils: rejecting language code not found in supportedLngs: zh @ http://localhost:5173/node_modules/.vite/deps/chunk-RCACHFWD.js?v=69e9bbea:204
[   45894ms] [WARNING] i18next::languageUtils: rejecting language code not found in supportedLngs: zh @ http://localhost:5173/node_modules/.vite/deps/chunk-RCACHFWD.js?v=69e9bbea:204
[   45894ms] [WARNING] i18next::languageUtils: rejecting language code not found in supportedLngs: zh @ http://localhost:5173/node_modules/.vite/deps/chunk-RCACHFWD.js?v=69e9bbea:204
[   45894ms] [WARNING] i18next::languageUtils: rejecting language code not found in supportedLngs: zh @ http://localhost:5173/node_modules/.vite/deps/chunk-RCACHFWD.js?v=69e9bbea:204
[   45894ms] [WARNING] i18next::languageUtils: rejecting language code not found in supportedLngs: zh @ http://localhost:5173/node_modules/.vite/deps/chunk-RCACHFWD.js?v=69e9bbea:204
[   45894ms] [WARNING] i18next::languageUtils: rejecting language code not found in supportedLngs: zh @ http://localhost:5173/node_modules/.vite/deps/chunk-RCACHFWD.js?v=69e9bbea:204
[   45895ms] [WARNING] i18next::languageUtils: rejecting language code not found in supportedLngs: zh @ http://localhost:5173/node_modules/.vite/deps/chunk-RCACHFWD.js?v=69e9bbea:204
[   45895ms] [WARNING] i18next::languageUtils: rejecting language code not found in supportedLngs: zh @ http://localhost:5173/node_modules/.vite/deps/chunk-RCACHFWD.js?v=69e9bbea:204
[   45895ms] [WARNING] i18next::languageUtils: rejecting language code not found in supportedLngs: zh @ http://localhost:5173/node_modules/.vite/deps/chunk-RCACHFWD.js?v=69e9bbea:204
[   45895ms] [WARNING] i18next::languageUtils: rejecting language code not found in supportedLngs: zh @ http://localhost:5173/node_modules/.vite/deps/chunk-RCACHFWD.js?v=69e9bbea:204
[   45895ms] [WARNING] i18next::languageUtils: rejecting language code not found in supportedLngs: zh @ http://localhost:5173/node_modules/.vite/deps/chunk-RCACHFWD.js?v=69e9bbea:204
[   45895ms] [WARNING] i18next::languageUtils: rejecting language code not found in supportedLngs: zh @ http://localhost:5173/node_modules/.vite/deps/chunk-RCACHFWD.js?v=69e9bbea:204
[   45896ms] [WARNING] i18next::languageUtils: rejecting language code not found in supportedLngs: zh @ http://localhost:5173/node_modules/.vite/deps/chunk-RCACHFWD.js?v=69e9bbea:204
[   45896ms] [WARNING] i18next::languageUtils: rejecting language code not found in supportedLngs: zh @ http://localhost:5173/node_modules/.vite/deps/chunk-RCACHFWD.js?v=69e9bbea:204
[   45900ms] [WARNING] i18next::languageUtils: rejecting language code not found in supportedLngs: zh @ http://localhost:5173/node_modules/.vite/deps/chunk-RCACHFWD.js?v=69e9bbea:204
[   45900ms] [WARNING] i18next::languageUtils: rejecting language code not found in supportedLngs: zh @ http://localhost:5173/node_modules/.vite/deps/chunk-RCACHFWD.js?v=69e9bbea:204
[   45900ms] [WARNING] i18next::languageUtils: rejecting language code not found in supportedLngs: zh @ http://localhost:5173/node_modules/.vite/deps/chunk-RCACHFWD.js?v=69e9bbea:204
[   45900ms] [WARNING] i18next::languageUtils: rejecting language code not found in supportedLngs: zh @ http://localhost:5173/node_modules/.vite/deps/chunk-RCACHFWD.js?v=69e9bbea:204
[   45900ms] [WARNING] i18next::languageUtils: rejecting language code not found in supportedLngs: zh @ http://localhost:5173/node_modules/.vite/deps/chunk-RCACHFWD.js?v=69e9bbea:204
[   45900ms] [WARNING] i18next::languageUtils: rejecting language code not found in supportedLngs: zh @ http://localhost:5173/node_modules/.vite/deps/chunk-RCACHFWD.js?v=69e9bbea:204
[   59436ms] [WARNING] i18next::languageUtils: rejecting language code not found in supportedLngs: zh @ http://localhost:5173/node_modules/.vite/deps/chunk-RCACHFWD.js?v=69e9bbea:204
[   59437ms] [WARNING] i18next::languageUtils: rejecting language code not found in supportedLngs: zh @ http://localhost:5173/node_modules/.vite/deps/chunk-RCACHFWD.js?v=69e9bbea:204
[   59437ms] [WARNING] i18next::languageUtils: rejecting language code not found in supportedLngs: zh @ http://localhost:5173/node_modules/.vite/deps/chunk-RCACHFWD.js?v=69e9bbea:204
[   59437ms] [WARNING] i18next::languageUtils: rejecting language code not found in supportedLngs: zh @ http://localhost:5173/node_modules/.vite/deps/chunk-RCACHFWD.js?v=69e9bbea:204
[   59437ms] [WARNING] i18next::languageUtils: rejecting language code not found in supportedLngs: zh @ http://localhost:5173/node_modules/.vite/deps/chunk-RCACHFWD.js?v=69e9bbea:204
[   59437ms] [WARNING] i18next::languageUtils: rejecting language code not found in supportedLngs: zh @ http://localhost:5173/node_modules/.vite/deps/chunk-RCACHFWD.js?v=69e9bbea:204
[   59437ms] [WARNING] i18next::languageUtils: rejecting language code not found in supportedLngs: zh @ http://localhost:5173/node_modules/.vite/deps/chunk-RCACHFWD.js?v=69e9bbea:204
[   59438ms] [WARNING] i18next::languageUtils: rejecting language code not found in supportedLngs: zh @ http://localhost:5173/node_modules/.vite/deps/chunk-RCACHFWD.js?v=69e9bbea:204
[   59438ms] [WARNING] i18next::languageUtils: rejecting language code not found in supportedLngs: zh @ http://localhost:5173/node_modules/.vite/deps/chunk-RCACHFWD.js?v=69e9bbea:204
[   59438ms] [WARNING] i18next::languageUtils: rejecting language code not found in supportedLngs: zh @ http://localhost:5173/node_modules/.vite/deps/chunk-RCACHFWD.js?v=69e9bbea:204
[   59438ms] [WARNING] i18next::languageUtils: rejecting language code not found in supportedLngs: zh @ http://localhost:5173/node_modules/.vite/deps/chunk-RCACHFWD.js?v=69e9bbea:204
[   59439ms] [WARNING] i18next::languageUtils: rejecting language code not found in supportedLngs: zh @ http://localhost:5173/node_modules/.vite/deps/chunk-RCACHFWD.js?v=69e9bbea:204
[   59439ms] [WARNING] i18next::languageUtils: rejecting language code not found in supportedLngs: zh @ http://localhost:5173/node_modules/.vite/deps/chunk-RCACHFWD.js?v=69e9bbea:204
[   59439ms] [WARNING] i18next::languageUtils: rejecting language code not found in supportedLngs: zh @ http://localhost:5173/node_modules/.vite/deps/chunk-RCACHFWD.js?v=69e9bbea:204
[   59439ms] [WARNING] i18next::languageUtils: rejecting language code not found in supportedLngs: zh @ http://localhost:5173/node_modules/.vite/deps/chunk-RCACHFWD.js?v=69e9bbea:204
[   59440ms] [WARNING] i18next::languageUtils: rejecting language code not found in supportedLngs: zh @ http://localhost:5173/node_modules/.vite/deps/chunk-RCACHFWD.js?v=69e9bbea:204
[   59440ms] [WARNING] i18next::languageUtils: rejecting language code not found in supportedLngs: zh @ http://localhost:5173/node_modules/.vite/deps/chunk-RCACHFWD.js?v=69e9bbea:204
[   59440ms] [WARNING] i18next::languageUtils: rejecting language code not found in supportedLngs: zh @ http://localhost:5173/node_modules/.vite/deps/chunk-RCACHFWD.js?v=69e9bbea:204
[   59441ms] [WARNING] i18next::languageUtils: rejecting language code not found in supportedLngs: zh @ http://localhost:5173/node_modules/.vite/deps/chunk-RCACHFWD.js?v=69e9bbea:204
[   59441ms] [WARNING] i18next::languageUtils: rejecting language code not found in supportedLngs: zh @ http://localhost:5173/node_modules/.vite/deps/chunk-RCACHFWD.js?v=69e9bbea:204
[   59441ms] [WARNING] i18next::languageUtils: rejecting language code not found in supportedLngs: zh @ http://localhost:5173/node_modules/.vite/deps/chunk-RCACHFWD.js?v=69e9bbea:204
[   59441ms] [WARNING] i18next::languageUtils: rejecting language code not found in supportedLngs: zh @ http://localhost:5173/node_modules/.vite/deps/chunk-RCACHFWD.js?v=69e9bbea:204
[   59441ms] [WARNING] i18next::languageUtils: rejecting language code not found in supportedLngs: zh @ http://localhost:5173/node_modules/.vite/deps/chunk-RCACHFWD.js?v=69e9bbea:204
[   59441ms] [WARNING] i18next::languageUtils: rejecting language code not found in supportedLngs: zh @ http://localhost:5173/node_modules/.vite/deps/chunk-RCACHFWD.js?v=69e9bbea:204
[   59442ms] [WARNING] i18next::languageUtils: rejecting language code not found in supportedLngs: zh @ http://localhost:5173/node_modules/.vite/deps/chunk-RCACHFWD.js?v=69e9bbea:204
[   59442ms] [WARNING] i18next::languageUtils: rejecting language code not found in supportedLngs: zh @ http://localhost:5173/node_modules/.vite/deps/chunk-RCACHFWD.js?v=69e9bbea:204
[   59442ms] [WARNING] i18next::languageUtils: rejecting language code not found in supportedLngs: zh @ http://localhost:5173/node_modules/.vite/deps/chunk-RCACHFWD.js?v=69e9bbea:204
[   59442ms] [WARNING] i18next::languageUtils: rejecting language code not found in supportedLngs: zh @ http://localhost:5173/node_modules/.vite/deps/chunk-RCACHFWD.js?v=69e9bbea:204
[   59442ms] [WARNING] i18next::languageUtils: rejecting language code not found in supportedLngs: zh @ http://localhost:5173/node_modules/.vite/deps/chunk-RCACHFWD.js?v=69e9bbea:204
[   59442ms] [WARNING] i18next::languageUtils: rejecting language code not found in supportedLngs: zh @ http://localhost:5173/node_modules/.vite/deps/chunk-RCACHFWD.js?v=69e9bbea:204
[   59443ms] [WARNING] i18next::languageUtils: rejecting language code not found in supportedLngs: zh @ http://localhost:5173/node_modules/.vite/deps/chunk-RCACHFWD.js?v=69e9bbea:204
[   59443ms] [WARNING] i18next::languageUtils: rejecting language code not found in supportedLngs: zh @ http://localhost:5173/node_modules/.vite/deps/chunk-RCACHFWD.js?v=69e9bbea:204
[   59443ms] [WARNING] i18next::languageUtils: rejecting language code not found in supportedLngs: zh @ http://localhost:5173/node_modules/.vite/deps/chunk-RCACHFWD.js?v=69e9bbea:204
[   59443ms] [WARNING] i18next::languageUtils: rejecting language code not found in supportedLngs: zh @ http://localhost:5173/node_modules/.vite/deps/chunk-RCACHFWD.js?v=69e9bbea:204
[   59444ms] [WARNING] i18next::languageUtils: rejecting language code not found in supportedLngs: zh @ http://localhost:5173/node_modules/.vite/deps/chunk-RCACHFWD.js?v=69e9bbea:204
[   59444ms] [WARNING] i18next::languageUtils: rejecting language code not found in supportedLngs: zh @ http://localhost:5173/node_modules/.vite/deps/chunk-RCACHFWD.js?v=69e9bbea:204
[   59444ms] [WARNING] i18next::languageUtils: rejecting language code not found in supportedLngs: zh @ http://localhost:5173/node_modules/.vite/deps/chunk-RCACHFWD.js?v=69e9bbea:204
[   59444ms] [WARNING] i18next::languageUtils: rejecting language code not found in supportedLngs: zh @ http://localhost:5173/node_modules/.vite/deps/chunk-RCACHFWD.js?v=69e9bbea:204
[   59444ms] [WARNING] i18next::languageUtils: rejecting language code not found in supportedLngs: zh @ http://localhost:5173/node_modules/.vite/deps/chunk-RCACHFWD.js?v=69e9bbea:204
[   59445ms] [WARNING] i18next::languageUtils: rejecting language code not found in supportedLngs: zh @ http://localhost:5173/node_modules/.vite/deps/chunk-RCACHFWD.js?v=69e9bbea:204
[   59445ms] [WARNING] i18next::languageUtils: rejecting language code not found in supportedLngs: zh @ http://localhost:5173/node_modules/.vite/deps/chunk-RCACHFWD.js?v=69e9bbea:204
[   59445ms] [WARNING] i18next::languageUtils: rejecting language code not found in supportedLngs: zh @ http://localhost:5173/node_modules/.vite/deps/chunk-RCACHFWD.js?v=69e9bbea:204
[   59445ms] [WARNING] i18next::languageUtils: rejecting language code not found in supportedLngs: zh @ http://localhost:5173/node_modules/.vite/deps/chunk-RCACHFWD.js?v=69e9bbea:204
[   59445ms] [WARNING] i18next::languageUtils: rejecting language code not found in supportedLngs: zh @ http://localhost:5173/node_modules/.vite/deps/chunk-RCACHFWD.js?v=69e9bbea:204
[   59445ms] [WARNING] i18next::languageUtils: rejecting language code not found in supportedLngs: zh @ http://localhost:5173/node_modules/.vite/deps/chunk-RCACHFWD.js?v=69e9bbea:204
[   59446ms] [WARNING] i18next::languageUtils: rejecting language code not found in supportedLngs: zh @ http://localhost:5173/node_modules/.vite/deps/chunk-RCACHFWD.js?v=69e9bbea:204
[   59446ms] [WARNING] i18next::languageUtils: rejecting language code not found in supportedLngs: zh @ http://localhost:5173/node_modules/.vite/deps/chunk-RCACHFWD.js?v=69e9bbea:204
[   59446ms] [WARNING] i18next::languageUtils: rejecting language code not found in supportedLngs: zh @ http://localhost:5173/node_modules/.vite/deps/chunk-RCACHFWD.js?v=69e9bbea:204
[   59446ms] [WARNING] i18next::languageUtils: rejecting language code not found in supportedLngs: zh @ http://localhost:5173/node_modules/.vite/deps/chunk-RCACHFWD.js?v=69e9bbea:204
[   59446ms] [WARNING] i18next::languageUtils: rejecting language code not found in supportedLngs: zh @ http://localhost:5173/node_modules/.vite/deps/chunk-RCACHFWD.js?v=69e9bbea:204
[   59447ms] [WARNING] i18next::languageUtils: rejecting language code not found in supportedLngs: zh @ http://localhost:5173/node_modules/.vite/deps/chunk-RCACHFWD.js?v=69e9bbea:204
[   59447ms] [WARNING] i18next::languageUtils: rejecting language code not found in supportedLngs: zh @ http://localhost:5173/node_modules/.vite/deps/chunk-RCACHFWD.js?v=69e9bbea:204
[   59447ms] [WARNING] i18next::languageUtils: rejecting language code not found in supportedLngs: zh @ http://localhost:5173/node_modules/.vite/deps/chunk-RCACHFWD.js?v=69e9bbea:204
[   59447ms] [WARNING] i18next::languageUtils: rejecting language code not found in supportedLngs: zh @ http://localhost:5173/node_modules/.vite/deps/chunk-RCACHFWD.js?v=69e9bbea:204
[   59447ms] [WARNING] i18next::languageUtils: rejecting language code not found in supportedLngs: zh @ http://localhost:5173/node_modules/.vite/deps/chunk-RCACHFWD.js?v=69e9bbea:204
[   59448ms] [WARNING] i18next::languageUtils: rejecting language code not found in supportedLngs: zh @ http://localhost:5173/node_modules/.vite/deps/chunk-RCACHFWD.js?v=69e9bbea:204
[   59448ms] [WARNING] i18next::languageUtils: rejecting language code not found in supportedLngs: zh @ http://localhost:5173/node_modules/.vite/deps/chunk-RCACHFWD.js?v=69e9bbea:204
[   59448ms] [WARNING] i18next::languageUtils: rejecting language code not found in supportedLngs: zh @ http://localhost:5173/node_modules/.vite/deps/chunk-RCACHFWD.js?v=69e9bbea:204
[   59448ms] [WARNING] i18next::languageUtils: rejecting language code not found in supportedLngs: zh @ http://localhost:5173/node_modules/.vite/deps/chunk-RCACHFWD.js?v=69e9bbea:204
[   59448ms] [WARNING] i18next::languageUtils: rejecting language code not found in supportedLngs: zh @ http://localhost:5173/node_modules/.vite/deps/chunk-RCACHFWD.js?v=69e9bbea:204
[   59448ms] [WARNING] i18next::languageUtils: rejecting language code not found in supportedLngs: zh @ http://localhost:5173/node_modules/.vite/deps/chunk-RCACHFWD.js?v=69e9bbea:204
[   59448ms] [WARNING] i18next::languageUtils: rejecting language code not found in supportedLngs: zh @ http://localhost:5173/node_modules/.vite/deps/chunk-RCACHFWD.js?v=69e9bbea:204
[   59450ms] [WARNING] i18next::languageUtils: rejecting language code not found in supportedLngs: zh @ http://localhost:5173/node_modules/.vite/deps/chunk-RCACHFWD.js?v=69e9bbea:204
[   59450ms] [WARNING] i18next::languageUtils: rejecting language code not found in supportedLngs: zh @ http://localhost:5173/node_modules/.vite/deps/chunk-RCACHFWD.js?v=69e9bbea:204
[   59450ms] [WARNING] i18next::languageUtils: rejecting language code not found in supportedLngs: zh @ http://localhost:5173/node_modules/.vite/deps/chunk-RCACHFWD.js?v=69e9bbea:204
[   59450ms] [WARNING] i18next::languageUtils: rejecting language code not found in supportedLngs: zh @ http://localhost:5173/node_modules/.vite/deps/chunk-RCACHFWD.js?v=69e9bbea:204
[   59450ms] [WARNING] i18next::languageUtils: rejecting language code not found in supportedLngs: zh @ http://localhost:5173/node_modules/.vite/deps/chunk-RCACHFWD.js?v=69e9bbea:204
[   59451ms] [WARNING] i18next::languageUtils: rejecting language code not found in supportedLngs: zh @ http://localhost:5173/node_modules/.vite/deps/chunk-RCACHFWD.js?v=69e9bbea:204
[   78604ms] [WARNING] i18next::languageUtils: rejecting language code not found in supportedLngs: zh @ http://localhost:5173/node_modules/.vite/deps/chunk-RCACHFWD.js?v=69e9bbea:204
[   78604ms] [WARNING] i18next::languageUtils: rejecting language code not found in supportedLngs: zh @ http://localhost:5173/node_modules/.vite/deps/chunk-RCACHFWD.js?v=69e9bbea:204
[   78604ms] [WARNING] i18next::languageUtils: rejecting language code not found in supportedLngs: zh @ http://localhost:5173/node_modules/.vite/deps/chunk-RCACHFWD.js?v=69e9bbea:204
[   78605ms] [WARNING] i18next::languageUtils: rejecting language code not found in supportedLngs: zh @ http://localhost:5173/node_modules/.vite/deps/chunk-RCACHFWD.js?v=69e9bbea:204
[   78605ms] [WARNING] i18next::languageUtils: rejecting language code not found in supportedLngs: zh @ http://localhost:5173/node_modules/.vite/deps/chunk-RCACHFWD.js?v=69e9bbea:204
[   78605ms] [WARNING] i18next::languageUtils: rejecting language code not found in supportedLngs: zh @ http://localhost:5173/node_modules/.vite/deps/chunk-RCACHFWD.js?v=69e9bbea:204
[   78605ms] [WARNING] i18next::languageUtils: rejecting language code not found in supportedLngs: zh @ http://localhost:5173/node_modules/.vite/deps/chunk-RCACHFWD.js?v=69e9bbea:204
[   78605ms] [WARNING] i18next::languageUtils: rejecting language code not found in supportedLngs: zh @ http://localhost:5173/node_modules/.vite/deps/chunk-RCACHFWD.js?v=69e9bbea:204
[   78606ms] [WARNING] i18next::languageUtils: rejecting language code not found in supportedLngs: zh @ http://localhost:5173/node_modules/.vite/deps/chunk-RCACHFWD.js?v=69e9bbea:204
[   78606ms] [WARNING] i18next::languageUtils: rejecting language code not found in supportedLngs: zh @ http://localhost:5173/node_modules/.vite/deps/chunk-RCACHFWD.js?v=69e9bbea:204
[   78606ms] [WARNING] i18next::languageUtils: rejecting language code not found in supportedLngs: zh @ http://localhost:5173/node_modules/.vite/deps/chunk-RCACHFWD.js?v=69e9bbea:204
[   78606ms] [WARNING] i18next::languageUtils: rejecting language code not found in supportedLngs: zh @ http://localhost:5173/node_modules/.vite/deps/chunk-RCACHFWD.js?v=69e9bbea:204
[   78606ms] [WARNING] i18next::languageUtils: rejecting language code not found in supportedLngs: zh @ http://localhost:5173/node_modules/.vite/deps/chunk-RCACHFWD.js?v=69e9bbea:204
[   78606ms] [WARNING] i18next::languageUtils: rejecting language code not found in supportedLngs: zh @ http://localhost:5173/node_modules/.vite/deps/chunk-RCACHFWD.js?v=69e9bbea:204
[   78607ms] [WARNING] i18next::languageUtils: rejecting language code not found in supportedLngs: zh @ http://localhost:5173/node_modules/.vite/deps/chunk-RCACHFWD.js?v=69e9bbea:204
[   78607ms] [WARNING] i18next::languageUtils: rejecting language code not found in supportedLngs: zh @ http://localhost:5173/node_modules/.vite/deps/chunk-RCACHFWD.js?v=69e9bbea:204
[   78607ms] [WARNING] i18next::languageUtils: rejecting language code not found in supportedLngs: zh @ http://localhost:5173/node_modules/.vite/deps/chunk-RCACHFWD.js?v=69e9bbea:204
[   78608ms] [WARNING] i18next::languageUtils: rejecting language code not found in supportedLngs: zh @ http://localhost:5173/node_modules/.vite/deps/chunk-RCACHFWD.js?v=69e9bbea:204
[   78608ms] [WARNING] i18next::languageUtils: rejecting language code not found in supportedLngs: zh @ http://localhost:5173/node_modules/.vite/deps/chunk-RCACHFWD.js?v=69e9bbea:204
[   78608ms] [WARNING] i18next::languageUtils: rejecting language code not found in supportedLngs: zh @ http://localhost:5173/node_modules/.vite/deps/chunk-RCACHFWD.js?v=69e9bbea:204
[   78608ms] [WARNING] i18next::languageUtils: rejecting language code not found in supportedLngs: zh @ http://localhost:5173/node_modules/.vite/deps/chunk-RCACHFWD.js?v=69e9bbea:204
[   78608ms] [WARNING] i18next::languageUtils: rejecting language code not found in supportedLngs: zh @ http://localhost:5173/node_modules/.vite/deps/chunk-RCACHFWD.js?v=69e9bbea:204
[   78609ms] [WARNING] i18next::languageUtils: rejecting language code not found in supportedLngs: zh @ http://localhost:5173/node_modules/.vite/deps/chunk-RCACHFWD.js?v=69e9bbea:204
[   78609ms] [WARNING] i18next::languageUtils: rejecting language code not found in supportedLngs: zh @ http://localhost:5173/node_modules/.vite/deps/chunk-RCACHFWD.js?v=69e9bbea:204
[   78609ms] [WARNING] i18next::languageUtils: rejecting language code not found in supportedLngs: zh @ http://localhost:5173/node_modules/.vite/deps/chunk-RCACHFWD.js?v=69e9bbea:204
[   78609ms] [WARNING] i18next::languageUtils: rejecting language code not found in supportedLngs: zh @ http://localhost:5173/node_modules/.vite/deps/chunk-RCACHFWD.js?v=69e9bbea:204
[   78609ms] [WARNING] i18next::languageUtils: rejecting language code not found in supportedLngs: zh @ http://localhost:5173/node_modules/.vite/deps/chunk-RCACHFWD.js?v=69e9bbea:204
[   78609ms] [WARNING] i18next::languageUtils: rejecting language code not found in supportedLngs: zh @ http://localhost:5173/node_modules/.vite/deps/chunk-RCACHFWD.js?v=69e9bbea:204
[   78610ms] [WARNING] i18next::languageUtils: rejecting language code not found in supportedLngs: zh @ http://localhost:5173/node_modules/.vite/deps/chunk-RCACHFWD.js?v=69e9bbea:204
[   78610ms] [WARNING] i18next::languageUtils: rejecting language code not found in supportedLngs: zh @ http://localhost:5173/node_modules/.vite/deps/chunk-RCACHFWD.js?v=69e9bbea:204
[   78610ms] [WARNING] i18next::languageUtils: rejecting language code not found in supportedLngs: zh @ http://localhost:5173/node_modules/.vite/deps/chunk-RCACHFWD.js?v=69e9bbea:204
[   78610ms] [WARNING] i18next::languageUtils: rejecting language code not found in supportedLngs: zh @ http://localhost:5173/node_modules/.vite/deps/chunk-RCACHFWD.js?v=69e9bbea:204
[   78610ms] [WARNING] i18next::languageUtils: rejecting language code not found in supportedLngs: zh @ http://localhost:5173/node_modules/.vite/deps/chunk-RCACHFWD.js?v=69e9bbea:204
[   78610ms] [WARNING] i18next::languageUtils: rejecting language code not found in supportedLngs: zh @ http://localhost:5173/node_modules/.vite/deps/chunk-RCACHFWD.js?v=69e9bbea:204
[   78611ms] [WARNING] i18next::languageUtils: rejecting language code not found in supportedLngs: zh @ http://localhost:5173/node_modules/.vite/deps/chunk-RCACHFWD.js?v=69e9bbea:204
[   78611ms] [WARNING] i18next::languageUtils: rejecting language code not found in supportedLngs: zh @ http://localhost:5173/node_modules/.vite/deps/chunk-RCACHFWD.js?v=69e9bbea:204
[   78611ms] [WARNING] i18next::languageUtils: rejecting language code not found in supportedLngs: zh @ http://localhost:5173/node_modules/.vite/deps/chunk-RCACHFWD.js?v=69e9bbea:204
[   78611ms] [WARNING] i18next::languageUtils: rejecting language code not found in supportedLngs: zh @ http://localhost:5173/node_modules/.vite/deps/chunk-RCACHFWD.js?v=69e9bbea:204
[   78611ms] [WARNING] i18next::languageUtils: rejecting language code not found in supportedLngs: zh @ http://localhost:5173/node_modules/.vite/deps/chunk-RCACHFWD.js?v=69e9bbea:204
[   78611ms] [WARNING] i18next::languageUtils: rejecting language code not found in supportedLngs: zh @ http://localhost:5173/node_modules/.vite/deps/chunk-RCACHFWD.js?v=69e9bbea:204
[   78611ms] [WARNING] i18next::languageUtils: rejecting language code not found in supportedLngs: zh @ http://localhost:5173/node_modules/.vite/deps/chunk-RCACHFWD.js?v=69e9bbea:204
[   78612ms] [WARNING] i18next::languageUtils: rejecting language code not found in supportedLngs: zh @ http://localhost:5173/node_modules/.vite/deps/chunk-RCACHFWD.js?v=69e9bbea:204
[   78612ms] [WARNING] i18next::languageUtils: rejecting language code not found in supportedLngs: zh @ http://localhost:5173/node_modules/.vite/deps/chunk-RCACHFWD.js?v=69e9bbea:204
[   78612ms] [WARNING] i18next::languageUtils: rejecting language code not found in supportedLngs: zh @ http://localhost:5173/node_modules/.vite/deps/chunk-RCACHFWD.js?v=69e9bbea:204
[   78612ms] [WARNING] i18next::languageUtils: rejecting language code not found in supportedLngs: zh @ http://localhost:5173/node_modules/.vite/deps/chunk-RCACHFWD.js?v=69e9bbea:204
[   78612ms] [WARNING] i18next::languageUtils: rejecting language code not found in supportedLngs: zh @ http://localhost:5173/node_modules/.vite/deps/chunk-RCACHFWD.js?v=69e9bbea:204
[   78612ms] [WARNING] i18next::languageUtils: rejecting language code not found in supportedLngs: zh @ http://localhost:5173/node_modules/.vite/deps/chunk-RCACHFWD.js?v=69e9bbea:204
[   78613ms] [WARNING] i18next::languageUtils: rejecting language code not found in supportedLngs: zh @ http://localhost:5173/node_modules/.vite/deps/chunk-RCACHFWD.js?v=69e9bbea:204
[   78613ms] [WARNING] i18next::languageUtils: rejecting language code not found in supportedLngs: zh @ http://localhost:5173/node_modules/.vite/deps/chunk-RCACHFWD.js?v=69e9bbea:204
[   78613ms] [WARNING] i18next::languageUtils: rejecting language code not found in supportedLngs: zh @ http://localhost:5173/node_modules/.vite/deps/chunk-RCACHFWD.js?v=69e9bbea:204
[   78613ms] [WARNING] i18next::languageUtils: rejecting language code not found in supportedLngs: zh @ http://localhost:5173/node_modules/.vite/deps/chunk-RCACHFWD.js?v=69e9bbea:204
[   78613ms] [WARNING] i18next::languageUtils: rejecting language code not found in supportedLngs: zh @ http://localhost:5173/node_modules/.vite/deps/chunk-RCACHFWD.js?v=69e9bbea:204
[   78613ms] [WARNING] i18next::languageUtils: rejecting language code not found in supportedLngs: zh @ http://localhost:5173/node_modules/.vite/deps/chunk-RCACHFWD.js?v=69e9bbea:204
[   78613ms] [WARNING] i18next::languageUtils: rejecting language code not found in supportedLngs: zh @ http://localhost:5173/node_modules/.vite/deps/chunk-RCACHFWD.js?v=69e9bbea:204
[   78614ms] [WARNING] i18next::languageUtils: rejecting language code not found in supportedLngs: zh @ http://localhost:5173/node_modules/.vite/deps/chunk-RCACHFWD.js?v=69e9bbea:204
[   78614ms] [WARNING] i18next::languageUtils: rejecting language code not found in supportedLngs: zh @ http://localhost:5173/node_modules/.vite/deps/chunk-RCACHFWD.js?v=69e9bbea:204
[   78614ms] [WARNING] i18next::languageUtils: rejecting language code not found in supportedLngs: zh @ http://localhost:5173/node_modules/.vite/deps/chunk-RCACHFWD.js?v=69e9bbea:204
[   78614ms] [WARNING] i18next::languageUtils: rejecting language code not found in supportedLngs: zh @ http://localhost:5173/node_modules/.vite/deps/chunk-RCACHFWD.js?v=69e9bbea:204
[   78614ms] [WARNING] i18next::languageUtils: rejecting language code not found in supportedLngs: zh @ http://localhost:5173/node_modules/.vite/deps/chunk-RCACHFWD.js?v=69e9bbea:204
[   78615ms] [WARNING] i18next::languageUtils: rejecting language code not found in supportedLngs: zh @ http://localhost:5173/node_modules/.vite/deps/chunk-RCACHFWD.js?v=69e9bbea:204
[   78615ms] [WARNING] i18next::languageUtils: rejecting language code not found in supportedLngs: zh @ http://localhost:5173/node_modules/.vite/deps/chunk-RCACHFWD.js?v=69e9bbea:204
[   78615ms] [WARNING] i18next::languageUtils: rejecting language code not found in supportedLngs: zh @ http://localhost:5173/node_modules/.vite/deps/chunk-RCACHFWD.js?v=69e9bbea:204
[   78616ms] [WARNING] i18next::languageUtils: rejecting language code not found in supportedLngs: zh @ http://localhost:5173/node_modules/.vite/deps/chunk-RCACHFWD.js?v=69e9bbea:204
[   78616ms] [WARNING] i18next::languageUtils: rejecting language code not found in supportedLngs: zh @ http://localhost:5173/node_modules/.vite/deps/chunk-RCACHFWD.js?v=69e9bbea:204
[   78616ms] [WARNING] i18next::languageUtils: rejecting language code not found in supportedLngs: zh @ http://localhost:5173/node_modules/.vite/deps/chunk-RCACHFWD.js?v=69e9bbea:204
[   78617ms] [WARNING] i18next::languageUtils: rejecting language code not found in supportedLngs: zh @ http://localhost:5173/node_modules/.vite/deps/chunk-RCACHFWD.js?v=69e9bbea:204
[   78617ms] [WARNING] i18next::languageUtils: rejecting language code not found in supportedLngs: zh @ http://localhost:5173/node_modules/.vite/deps/chunk-RCACHFWD.js?v=69e9bbea:204
[   78617ms] [WARNING] i18next::languageUtils: rejecting language code not found in supportedLngs: zh @ http://localhost:5173/node_modules/.vite/deps/chunk-RCACHFWD.js?v=69e9bbea:204
[   92383ms] [WARNING] i18next::languageUtils: rejecting language code not found in supportedLngs: zh @ http://localhost:5173/node_modules/.vite/deps/chunk-RCACHFWD.js?v=69e9bbea:204
[   92383ms] [WARNING] i18next::languageUtils: rejecting language code not found in supportedLngs: zh @ http://localhost:5173/node_modules/.vite/deps/chunk-RCACHFWD.js?v=69e9bbea:204
[   92383ms] [WARNING] i18next::languageUtils: rejecting language code not found in supportedLngs: zh @ http://localhost:5173/node_modules/.vite/deps/chunk-RCACHFWD.js?v=69e9bbea:204
[   92383ms] [WARNING] i18next::languageUtils: rejecting language code not found in supportedLngs: zh @ http://localhost:5173/node_modules/.vite/deps/chunk-RCACHFWD.js?v=69e9bbea:204
[   92383ms] [WARNING] i18next::languageUtils: rejecting language code not found in supportedLngs: zh @ http://localhost:5173/node_modules/.vite/deps/chunk-RCACHFWD.js?v=69e9bbea:204
[   92383ms] [WARNING] i18next::languageUtils: rejecting language code not found in supportedLngs: zh @ http://localhost:5173/node_modules/.vite/deps/chunk-RCACHFWD.js?v=69e9bbea:204
[   92384ms] [WARNING] i18next::languageUtils: rejecting language code not found in supportedLngs: zh @ http://localhost:5173/node_modules/.vite/deps/chunk-RCACHFWD.js?v=69e9bbea:204
[   92384ms] [WARNING] i18next::languageUtils: rejecting language code not found in supportedLngs: zh @ http://localhost:5173/node_modules/.vite/deps/chunk-RCACHFWD.js?v=69e9bbea:204
[   92384ms] [WARNING] i18next::languageUtils: rejecting language code not found in supportedLngs: zh @ http://localhost:5173/node_modules/.vite/deps/chunk-RCACHFWD.js?v=69e9bbea:204
[   92384ms] [WARNING] i18next::languageUtils: rejecting language code not found in supportedLngs: zh @ http://localhost:5173/node_modules/.vite/deps/chunk-RCACHFWD.js?v=69e9bbea:204
[   92384ms] [WARNING] i18next::languageUtils: rejecting language code not found in supportedLngs: zh @ http://localhost:5173/node_modules/.vite/deps/chunk-RCACHFWD.js?v=69e9bbea:204
[   92384ms] [WARNING] i18next::languageUtils: rejecting language code not found in supportedLngs: zh @ http://localhost:5173/node_modules/.vite/deps/chunk-RCACHFWD.js?v=69e9bbea:204
[   92385ms] [WARNING] i18next::languageUtils: rejecting language code not found in supportedLngs: zh @ http://localhost:5173/node_modules/.vite/deps/chunk-RCACHFWD.js?v=69e9bbea:204
[   92385ms] [WARNING] i18next::languageUtils: rejecting language code not found in supportedLngs: zh @ http://localhost:5173/node_modules/.vite/deps/chunk-RCACHFWD.js?v=69e9bbea:204
[   92385ms] [WARNING] i18next::languageUtils: rejecting language code not found in supportedLngs: zh @ http://localhost:5173/node_modules/.vite/deps/chunk-RCACHFWD.js?v=69e9bbea:204
[   92385ms] [WARNING] i18next::languageUtils: rejecting language code not found in supportedLngs: zh @ http://localhost:5173/node_modules/.vite/deps/chunk-RCACHFWD.js?v=69e9bbea:204
[   92385ms] [WARNING] i18next::languageUtils: rejecting language code not found in supportedLngs: zh @ http://localhost:5173/node_modules/.vite/deps/chunk-RCACHFWD.js?v=69e9bbea:204
[   92386ms] [WARNING] i18next::languageUtils: rejecting language code not found in supportedLngs: zh @ http://localhost:5173/node_modules/.vite/deps/chunk-RCACHFWD.js?v=69e9bbea:204
[   92386ms] [WARNING] i18next::languageUtils: rejecting language code not found in supportedLngs: zh @ http://localhost:5173/node_modules/.vite/deps/chunk-RCACHFWD.js?v=69e9bbea:204
[   92386ms] [WARNING] i18next::languageUtils: rejecting language code not found in supportedLngs: zh @ http://localhost:5173/node_modules/.vite/deps/chunk-RCACHFWD.js?v=69e9bbea:204
[   92386ms] [WARNING] i18next::languageUtils: rejecting language code not found in supportedLngs: zh @ http://localhost:5173/node_modules/.vite/deps/chunk-RCACHFWD.js?v=69e9bbea:204
[   92386ms] [WARNING] i18next::languageUtils: rejecting language code not found in supportedLngs: zh @ http://localhost:5173/node_modules/.vite/deps/chunk-RCACHFWD.js?v=69e9bbea:204
[   92386ms] [WARNING] i18next::languageUtils: rejecting language code not found in supportedLngs: zh @ http://localhost:5173/node_modules/.vite/deps/chunk-RCACHFWD.js?v=69e9bbea:204
[   92387ms] [WARNING] i18next::languageUtils: rejecting language code not found in supportedLngs: zh @ http://localhost:5173/node_modules/.vite/deps/chunk-RCACHFWD.js?v=69e9bbea:204
[   92387ms] [WARNING] i18next::languageUtils: rejecting language code not found in supportedLngs: zh @ http://localhost:5173/node_modules/.vite/deps/chunk-RCACHFWD.js?v=69e9bbea:204
[   92387ms] [WARNING] i18next::languageUtils: rejecting language code not found in supportedLngs: zh @ http://localhost:5173/node_modules/.vite/deps/chunk-RCACHFWD.js?v=69e9bbea:204
[   92387ms] [WARNING] i18next::languageUtils: rejecting language code not found in supportedLngs: zh @ http://localhost:5173/node_modules/.vite/deps/chunk-RCACHFWD.js?v=69e9bbea:204
[   92387ms] [WARNING] i18next::languageUtils: rejecting language code not found in supportedLngs: zh @ http://localhost:5173/node_modules/.vite/deps/chunk-RCACHFWD.js?v=69e9bbea:204
[   92388ms] [WARNING] i18next::languageUtils: rejecting language code not found in supportedLngs: zh @ http://localhost:5173/node_modules/.vite/deps/chunk-RCACHFWD.js?v=69e9bbea:204
[   92388ms] [WARNING] i18next::languageUtils: rejecting language code not found in supportedLngs: zh @ http://localhost:5173/node_modules/.vite/deps/chunk-RCACHFWD.js?v=69e9bbea:204
[   92388ms] [WARNING] i18next::languageUtils: rejecting language code not found in supportedLngs: zh @ http://localhost:5173/node_modules/.vite/deps/chunk-RCACHFWD.js?v=69e9bbea:204
[   92388ms] [WARNING] i18next::languageUtils: rejecting language code not found in supportedLngs: zh @ http://localhost:5173/node_modules/.vite/deps/chunk-RCACHFWD.js?v=69e9bbea:204
[   92388ms] [WARNING] i18next::languageUtils: rejecting language code not found in supportedLngs: zh @ http://localhost:5173/node_modules/.vite/deps/chunk-RCACHFWD.js?v=69e9bbea:204
[   92389ms] [WARNING] i18next::languageUtils: rejecting language code not found in supportedLngs: zh @ http://localhost:5173/node_modules/.vite/deps/chunk-RCACHFWD.js?v=69e9bbea:204
[   92389ms] [WARNING] i18next::languageUtils: rejecting language code not found in supportedLngs: zh @ http://localhost:5173/node_modules/.vite/deps/chunk-RCACHFWD.js?v=69e9bbea:204
[   92389ms] [WARNING] i18next::languageUtils: rejecting language code not found in supportedLngs: zh @ http://localhost:5173/node_modules/.vite/deps/chunk-RCACHFWD.js?v=69e9bbea:204
[   92389ms] [WARNING] i18next::languageUtils: rejecting language code not found in supportedLngs: zh @ http://localhost:5173/node_modules/.vite/deps/chunk-RCACHFWD.js?v=69e9bbea:204
[   92389ms] [WARNING] i18next::languageUtils: rejecting language code not found in supportedLngs: zh @ http://localhost:5173/node_modules/.vite/deps/chunk-RCACHFWD.js?v=69e9bbea:204
[   92390ms] [WARNING] i18next::languageUtils: rejecting language code not found in supportedLngs: zh @ http://localhost:5173/node_modules/.vite/deps/chunk-RCACHFWD.js?v=69e9bbea:204
[   92390ms] [WARNING] i18next::languageUtils: rejecting language code not found in supportedLngs: zh @ http://localhost:5173/node_modules/.vite/deps/chunk-RCACHFWD.js?v=69e9bbea:204
[   92390ms] [WARNING] i18next::languageUtils: rejecting language code not found in supportedLngs: zh @ http://localhost:5173/node_modules/.vite/deps/chunk-RCACHFWD.js?v=69e9bbea:204
[   92390ms] [WARNING] i18next::languageUtils: rejecting language code not found in supportedLngs: zh @ http://localhost:5173/node_modules/.vite/deps/chunk-RCACHFWD.js?v=69e9bbea:204
[   92390ms] [WARNING] i18next::languageUtils: rejecting language code not found in supportedLngs: zh @ http://localhost:5173/node_modules/.vite/deps/chunk-RCACHFWD.js?v=69e9bbea:204
[   92391ms] [WARNING] i18next::languageUtils: rejecting language code not found in supportedLngs: zh @ http://localhost:5173/node_modules/.vite/deps/chunk-RCACHFWD.js?v=69e9bbea:204
[   92391ms] [WARNING] i18next::languageUtils: rejecting language code not found in supportedLngs: zh @ http://localhost:5173/node_modules/.vite/deps/chunk-RCACHFWD.js?v=69e9bbea:204
[   92391ms] [WARNING] i18next::languageUtils: rejecting language code not found in supportedLngs: zh @ http://localhost:5173/node_modules/.vite/deps/chunk-RCACHFWD.js?v=69e9bbea:204
[   92391ms] [WARNING] i18next::languageUtils: rejecting language code not found in supportedLngs: zh @ http://localhost:5173/node_modules/.vite/deps/chunk-RCACHFWD.js?v=69e9bbea:204
[   92391ms] [WARNING] i18next::languageUtils: rejecting language code not found in supportedLngs: zh @ http://localhost:5173/node_modules/.vite/deps/chunk-RCACHFWD.js?v=69e9bbea:204
[   92392ms] [WARNING] i18next::languageUtils: rejecting language code not found in supportedLngs: zh @ http://localhost:5173/node_modules/.vite/deps/chunk-RCACHFWD.js?v=69e9bbea:204
[   92392ms] [WARNING] i18next::languageUtils: rejecting language code not found in supportedLngs: zh @ http://localhost:5173/node_modules/.vite/deps/chunk-RCACHFWD.js?v=69e9bbea:204
[   92392ms] [WARNING] i18next::languageUtils: rejecting language code not found in supportedLngs: zh @ http://localhost:5173/node_modules/.vite/deps/chunk-RCACHFWD.js?v=69e9bbea:204
[   92392ms] [WARNING] i18next::languageUtils: rejecting language code not found in supportedLngs: zh @ http://localhost:5173/node_modules/.vite/deps/chunk-RCACHFWD.js?v=69e9bbea:204
[   92392ms] [WARNING] i18next::languageUtils: rejecting language code not found in supportedLngs: zh @ http://localhost:5173/node_modules/.vite/deps/chunk-RCACHFWD.js?v=69e9bbea:204
[   92393ms] [WARNING] i18next::languageUtils: rejecting language code not found in supportedLngs: zh @ http://localhost:5173/node_modules/.vite/deps/chunk-RCACHFWD.js?v=69e9bbea:204
[   92393ms] [WARNING] i18next::languageUtils: rejecting language code not found in supportedLngs: zh @ http://localhost:5173/node_modules/.vite/deps/chunk-RCACHFWD.js?v=69e9bbea:204
[   92393ms] [WARNING] i18next::languageUtils: rejecting language code not found in supportedLngs: zh @ http://localhost:5173/node_modules/.vite/deps/chunk-RCACHFWD.js?v=69e9bbea:204
[   92394ms] [WARNING] i18next::languageUtils: rejecting language code not found in supportedLngs: zh @ http://localhost:5173/node_modules/.vite/deps/chunk-RCACHFWD.js?v=69e9bbea:204
[   92394ms] [WARNING] i18next::languageUtils: rejecting language code not found in supportedLngs: zh @ http://localhost:5173/node_modules/.vite/deps/chunk-RCACHFWD.js?v=69e9bbea:204
[   92394ms] [WARNING] i18next::languageUtils: rejecting language code not found in supportedLngs: zh @ http://localhost:5173/node_modules/.vite/deps/chunk-RCACHFWD.js?v=69e9bbea:204
[   92394ms] [WARNING] i18next::languageUtils: rejecting language code not found in supportedLngs: zh @ http://localhost:5173/node_modules/.vite/deps/chunk-RCACHFWD.js?v=69e9bbea:204
[   92394ms] [WARNING] i18next::languageUtils: rejecting language code not found in supportedLngs: zh @ http://localhost:5173/node_modules/.vite/deps/chunk-RCACHFWD.js?v=69e9bbea:204
[   92394ms] [WARNING] i18next::languageUtils: rejecting language code not found in supportedLngs: zh @ http://localhost:5173/node_modules/.vite/deps/chunk-RCACHFWD.js?v=69e9bbea:204
[   92396ms] [WARNING] i18next::languageUtils: rejecting language code not found in supportedLngs: zh @ http://localhost:5173/node_modules/.vite/deps/chunk-RCACHFWD.js?v=69e9bbea:204
[   92396ms] [WARNING] i18next::languageUtils: rejecting language code not found in supportedLngs: zh @ http://localhost:5173/node_modules/.vite/deps/chunk-RCACHFWD.js?v=69e9bbea:204
[   92396ms] [WARNING] i18next::languageUtils: rejecting language code not found in supportedLngs: zh @ http://localhost:5173/node_modules/.vite/deps/chunk-RCACHFWD.js?v=69e9bbea:204
[   92397ms] [WARNING] i18next::languageUtils: rejecting language code not found in supportedLngs: zh @ http://localhost:5173/node_modules/.vite/deps/chunk-RCACHFWD.js?v=69e9bbea:204
[   92397ms] [WARNING] i18next::languageUtils: rejecting language code not found in supportedLngs: zh @ http://localhost:5173/node_modules/.vite/deps/chunk-RCACHFWD.js?v=69e9bbea:204
[   92397ms] [WARNING] i18next::languageUtils: rejecting language code not found in supportedLngs: zh @ http://localhost:5173/node_modules/.vite/deps/chunk-RCACHFWD.js?v=69e9bbea:204
