[     127ms] [WARNING] i18next is maintained with support from locize.com — consider powering your project with managed localization (AI, CDN, integrations): https://locize.com @ http://localhost:5173/node_modules/.vite/deps/chunk-RCACHFWD.js?v=69e9bbea:1744
[     164ms] [WARNING] i18next::languageUtils: rejecting language code not found in supportedLngs: zh @ http://localhost:5173/node_modules/.vite/deps/chunk-RCACHFWD.js?v=69e9bbea:204
[     165ms] [WARNING] i18next::languageUtils: rejecting language code not found in supportedLngs: zh @ http://localhost:5173/node_modules/.vite/deps/chunk-RCACHFWD.js?v=69e9bbea:204
[     232ms] [WARNING] i18next::languageUtils: rejecting language code not found in supportedLngs: zh @ http://localhost:5173/node_modules/.vite/deps/chunk-RCACHFWD.js?v=69e9bbea:204
[     246ms] [WARNING] i18next::languageUtils: rejecting language code not found in supportedLngs: zh @ http://localhost:5173/node_modules/.vite/deps/chunk-RCACHFWD.js?v=69e9bbea:204
[     246ms] [WARNING] i18next::languageUtils: rejecting language code not found in supportedLngs: zh @ http://localhost:5173/node_modules/.vite/deps/chunk-RCACHFWD.js?v=69e9bbea:204
[     248ms] [WARNING] i18next::languageUtils: rejecting language code not found in supportedLngs: zh @ http://localhost:5173/node_modules/.vite/deps/chunk-RCACHFWD.js?v=69e9bbea:204
[     262ms] [WARNING] i18next::languageUtils: rejecting language code not found in supportedLngs: zh @ http://localhost:5173/node_modules/.vite/deps/chunk-RCACHFWD.js?v=69e9bbea:204
[     271ms] [WARNING] i18next::languageUtils: rejecting language code not found in supportedLngs: zh @ http://localhost:5173/node_modules/.vite/deps/chunk-RCACHFWD.js?v=69e9bbea:204
[     274ms] [WARNING] i18next::languageUtils: rejecting language code not found in supportedLngs: zh @ http://localhost:5173/node_modules/.vite/deps/chunk-RCACHFWD.js?v=69e9bbea:204
[     274ms] [WARNING] i18next::languageUtils: rejecting language code not found in supportedLngs: zh @ http://localhost:5173/node_modules/.vite/deps/chunk-RCACHFWD.js?v=69e9bbea:204
[     275ms] [WARNING] i18next::languageUtils: rejecting language code not found in supportedLngs: zh @ http://localhost:5173/node_modules/.vite/deps/chunk-RCACHFWD.js?v=69e9bbea:204
[     275ms] [WARNING] i18next::languageUtils: rejecting language code not found in supportedLngs: zh @ http://localhost:5173/node_modules/.vite/deps/chunk-RCACHFWD.js?v=69e9bbea:204
[     275ms] [WARNING] i18next::languageUtils: rejecting language code not found in supportedLngs: zh @ http://localhost:5173/node_modules/.vite/deps/chunk-RCACHFWD.js?v=69e9bbea:204
[     275ms] [WARNING] i18next::languageUtils: rejecting language code not found in supportedLngs: zh @ http://localhost:5173/node_modules/.vite/deps/chunk-RCACHFWD.js?v=69e9bbea:204
[     275ms] [WARNING] i18next::languageUtils: rejecting language code not found in supportedLngs: zh @ http://localhost:5173/node_modules/.vite/deps/chunk-RCACHFWD.js?v=69e9bbea:204
[     276ms] [WARNING] i18next::languageUtils: rejecting language code not found in supportedLngs: zh @ http://localhost:5173/node_modules/.vite/deps/chunk-RCACHFWD.js?v=69e9bbea:204
[     276ms] [WARNING] i18next::languageUtils: rejecting language code not found in supportedLngs: zh @ http://localhost:5173/node_modules/.vite/deps/chunk-RCACHFWD.js?v=69e9bbea:204
[     276ms] [WARNING] i18next::languageUtils: rejecting language code not found in supportedLngs: zh @ http://localhost:5173/node_modules/.vite/deps/chunk-RCACHFWD.js?v=69e9bbea:204
[     276ms] [WARNING] i18next::languageUtils: rejecting language code not found in supportedLngs: zh @ http://localhost:5173/node_modules/.vite/deps/chunk-RCACHFWD.js?v=69e9bbea:204
[     283ms] [WARNING] i18next::languageUtils: rejecting language code not found in supportedLngs: zh @ http://localhost:5173/node_modules/.vite/deps/chunk-RCACHFWD.js?v=69e9bbea:204
[     284ms] [WARNING] i18next::languageUtils: rejecting language code not found in supportedLngs: zh @ http://localhost:5173/node_modules/.vite/deps/chunk-RCACHFWD.js?v=69e9bbea:204
[     288ms] [WARNING] i18next::languageUtils: rejecting language code not found in supportedLngs: zh @ http://localhost:5173/node_modules/.vite/deps/chunk-RCACHFWD.js?v=69e9bbea:204
[     288ms] [WARNING] i18next::languageUtils: rejecting language code not found in supportedLngs: zh @ http://localhost:5173/node_modules/.vite/deps/chunk-RCACHFWD.js?v=69e9bbea:204
[     288ms] [WARNING] i18next::languageUtils: rejecting language code not found in supportedLngs: zh @ http://localhost:5173/node_modules/.vite/deps/chunk-RCACHFWD.js?v=69e9bbea:204
[     288ms] [WARNING] i18next::languageUtils: rejecting language code not found in supportedLngs: zh @ http://localhost:5173/node_modules/.vite/deps/chunk-RCACHFWD.js?v=69e9bbea:204
[     288ms] [WARNING] i18next::languageUtils: rejecting language code not found in supportedLngs: zh @ http://localhost:5173/node_modules/.vite/deps/chunk-RCACHFWD.js?v=69e9bbea:204
[     289ms] [WARNING] i18next::languageUtils: rejecting language code not found in supportedLngs: zh @ http://localhost:5173/node_modules/.vite/deps/chunk-RCACHFWD.js?v=69e9bbea:204
[     289ms] [WARNING] i18next::languageUtils: rejecting language code not found in supportedLngs: zh @ http://localhost:5173/node_modules/.vite/deps/chunk-RCACHFWD.js?v=69e9bbea:204
[     289ms] [WARNING] i18next::languageUtils: rejecting language code not found in supportedLngs: zh @ http://localhost:5173/node_modules/.vite/deps/chunk-RCACHFWD.js?v=69e9bbea:204
[     289ms] [WARNING] i18next::languageUtils: rejecting language code not found in supportedLngs: zh @ http://localhost:5173/node_modules/.vite/deps/chunk-RCACHFWD.js?v=69e9bbea:204
[     289ms] [WARNING] i18next::languageUtils: rejecting language code not found in supportedLngs: zh @ http://localhost:5173/node_modules/.vite/deps/chunk-RCACHFWD.js?v=69e9bbea:204
[     289ms] [WARNING] i18next::languageUtils: rejecting language code not found in supportedLngs: zh @ http://localhost:5173/node_modules/.vite/deps/chunk-RCACHFWD.js?v=69e9bbea:204
[     289ms] [WARNING] i18next::languageUtils: rejecting language code not found in supportedLngs: zh @ http://localhost:5173/node_modules/.vite/deps/chunk-RCACHFWD.js?v=69e9bbea:204
[     289ms] [WARNING] i18next::languageUtils: rejecting language code not found in supportedLngs: zh @ http://localhost:5173/node_modules/.vite/deps/chunk-RCACHFWD.js?v=69e9bbea:204
[     290ms] [WARNING] i18next::languageUtils: rejecting language code not found in supportedLngs: zh @ http://localhost:5173/node_modules/.vite/deps/chunk-RCACHFWD.js?v=69e9bbea:204
[     290ms] [WARNING] i18next::languageUtils: rejecting language code not found in supportedLngs: zh @ http://localhost:5173/node_modules/.vite/deps/chunk-RCACHFWD.js?v=69e9bbea:204
[     290ms] [WARNING] i18next::languageUtils: rejecting language code not found in supportedLngs: zh @ http://localhost:5173/node_modules/.vite/deps/chunk-RCACHFWD.js?v=69e9bbea:204
[     290ms] [WARNING] i18next::languageUtils: rejecting language code not found in supportedLngs: zh @ http://localhost:5173/node_modules/.vite/deps/chunk-RCACHFWD.js?v=69e9bbea:204
[     290ms] [WARNING] i18next::languageUtils: rejecting language code not found in supportedLngs: zh @ http://localhost:5173/node_modules/.vite/deps/chunk-RCACHFWD.js?v=69e9bbea:204
[     290ms] [WARNING] i18next::languageUtils: rejecting language code not found in supportedLngs: zh @ http://localhost:5173/node_modules/.vite/deps/chunk-RCACHFWD.js?v=69e9bbea:204
[     290ms] [WARNING] i18next::languageUtils: rejecting language code not found in supportedLngs: zh @ http://localhost:5173/node_modules/.vite/deps/chunk-RCACHFWD.js?v=69e9bbea:204
[     291ms] [WARNING] i18next::languageUtils: rejecting language code not found in supportedLngs: zh @ http://localhost:5173/node_modules/.vite/deps/chunk-RCACHFWD.js?v=69e9bbea:204
[     291ms] [WARNING] i18next::languageUtils: rejecting language code not found in supportedLngs: zh @ http://localhost:5173/node_modules/.vite/deps/chunk-RCACHFWD.js?v=69e9bbea:204
[     291ms] [WARNING] i18next::languageUtils: rejecting language code not found in supportedLngs: zh @ http://localhost:5173/node_modules/.vite/deps/chunk-RCACHFWD.js?v=69e9bbea:204
[     291ms] [WARNING] i18next::languageUtils: rejecting language code not found in supportedLngs: zh @ http://localhost:5173/node_modules/.vite/deps/chunk-RCACHFWD.js?v=69e9bbea:204
[     291ms] [WARNING] i18next::languageUtils: rejecting language code not found in supportedLngs: zh @ http://localhost:5173/node_modules/.vite/deps/chunk-RCACHFWD.js?v=69e9bbea:204
[     291ms] [WARNING] i18next::languageUtils: rejecting language code not found in supportedLngs: zh @ http://localhost:5173/node_modules/.vite/deps/chunk-RCACHFWD.js?v=69e9bbea:204
[     291ms] [WARNING] i18next::languageUtils: rejecting language code not found in supportedLngs: zh @ http://localhost:5173/node_modules/.vite/deps/chunk-RCACHFWD.js?v=69e9bbea:204
[     292ms] [WARNING] i18next::languageUtils: rejecting language code not found in supportedLngs: zh @ http://localhost:5173/node_modules/.vite/deps/chunk-RCACHFWD.js?v=69e9bbea:204
[     292ms] [WARNING] i18next::languageUtils: rejecting language code not found in supportedLngs: zh @ http://localhost:5173/node_modules/.vite/deps/chunk-RCACHFWD.js?v=69e9bbea:204
[     292ms] [WARNING] i18next::languageUtils: rejecting language code not found in supportedLngs: zh @ http://localhost:5173/node_modules/.vite/deps/chunk-RCACHFWD.js?v=69e9bbea:204
[     292ms] [WARNING] i18next::languageUtils: rejecting language code not found in supportedLngs: zh @ http://localhost:5173/node_modules/.vite/deps/chunk-RCACHFWD.js?v=69e9bbea:204
[     292ms] [WARNING] i18next::languageUtils: rejecting language code not found in supportedLngs: zh @ http://localhost:5173/node_modules/.vite/deps/chunk-RCACHFWD.js?v=69e9bbea:204
[     292ms] [WARNING] i18next::languageUtils: rejecting language code not found in supportedLngs: zh @ http://localhost:5173/node_modules/.vite/deps/chunk-RCACHFWD.js?v=69e9bbea:204
[     292ms] [WARNING] i18next::languageUtils: rejecting language code not found in supportedLngs: zh @ http://localhost:5173/node_modules/.vite/deps/chunk-RCACHFWD.js?v=69e9bbea:204
[     293ms] [WARNING] i18next::languageUtils: rejecting language code not found in supportedLngs: zh @ http://localhost:5173/node_modules/.vite/deps/chunk-RCACHFWD.js?v=69e9bbea:204
[     293ms] [WARNING] i18next::languageUtils: rejecting language code not found in supportedLngs: zh @ http://localhost:5173/node_modules/.vite/deps/chunk-RCACHFWD.js?v=69e9bbea:204
[     293ms] [WARNING] i18next::languageUtils: rejecting language code not found in supportedLngs: zh @ http://localhost:5173/node_modules/.vite/deps/chunk-RCACHFWD.js?v=69e9bbea:204
[     293ms] [WARNING] i18next::languageUtils: rejecting language code not found in supportedLngs: zh @ http://localhost:5173/node_modules/.vite/deps/chunk-RCACHFWD.js?v=69e9bbea:204
[     293ms] [WARNING] i18next::languageUtils: rejecting language code not found in supportedLngs: zh @ http://localhost:5173/node_modules/.vite/deps/chunk-RCACHFWD.js?v=69e9bbea:204
[     293ms] [WARNING] i18next::languageUtils: rejecting language code not found in supportedLngs: zh @ http://localhost:5173/node_modules/.vite/deps/chunk-RCACHFWD.js?v=69e9bbea:204
[     293ms] [WARNING] i18next::languageUtils: rejecting language code not found in supportedLngs: zh @ http://localhost:5173/node_modules/.vite/deps/chunk-RCACHFWD.js?v=69e9bbea:204
[     293ms] [WARNING] i18next::languageUtils: rejecting language code not found in supportedLngs: zh @ http://localhost:5173/node_modules/.vite/deps/chunk-RCACHFWD.js?v=69e9bbea:204
[     294ms] [WARNING] i18next::languageUtils: rejecting language code not found in supportedLngs: zh @ http://localhost:5173/node_modules/.vite/deps/chunk-RCACHFWD.js?v=69e9bbea:204
[     294ms] [WARNING] i18next::languageUtils: rejecting language code not found in supportedLngs: zh @ http://localhost:5173/node_modules/.vite/deps/chunk-RCACHFWD.js?v=69e9bbea:204
[     294ms] [WARNING] i18next::languageUtils: rejecting language code not found in supportedLngs: zh @ http://localhost:5173/node_modules/.vite/deps/chunk-RCACHFWD.js?v=69e9bbea:204
[     294ms] [WARNING] i18next::languageUtils: rejecting language code not found in supportedLngs: zh @ http://localhost:5173/node_modules/.vite/deps/chunk-RCACHFWD.js?v=69e9bbea:204
[     295ms] [WARNING] i18next::languageUtils: rejecting language code not found in supportedLngs: zh @ http://localhost:5173/node_modules/.vite/deps/chunk-RCACHFWD.js?v=69e9bbea:204
[     296ms] [WARNING] i18next::languageUtils: rejecting language code not found in supportedLngs: zh @ http://localhost:5173/node_modules/.vite/deps/chunk-RCACHFWD.js?v=69e9bbea:204
[     296ms] [WARNING] i18next::languageUtils: rejecting language code not found in supportedLngs: zh @ http://localhost:5173/node_modules/.vite/deps/chunk-RCACHFWD.js?v=69e9bbea:204
[     296ms] [WARNING] i18next::languageUtils: rejecting language code not found in supportedLngs: zh @ http://localhost:5173/node_modules/.vite/deps/chunk-RCACHFWD.js?v=69e9bbea:204
[     296ms] [WARNING] i18next::languageUtils: rejecting language code not found in supportedLngs: zh @ http://localhost:5173/node_modules/.vite/deps/chunk-RCACHFWD.js?v=69e9bbea:204
[     296ms] [WARNING] i18next::languageUtils: rejecting language code not found in supportedLngs: zh @ http://localhost:5173/node_modules/.vite/deps/chunk-RCACHFWD.js?v=69e9bbea:204
[     296ms] [WARNING] i18next::languageUtils: rejecting language code not found in supportedLngs: zh @ http://localhost:5173/node_modules/.vite/deps/chunk-RCACHFWD.js?v=69e9bbea:204
[     297ms] [WARNING] i18next::languageUtils: rejecting language code not found in supportedLngs: zh @ http://localhost:5173/node_modules/.vite/deps/chunk-RCACHFWD.js?v=69e9bbea:204
[     297ms] [WARNING] i18next::languageUtils: rejecting language code not found in supportedLngs: zh @ http://localhost:5173/node_modules/.vite/deps/chunk-RCACHFWD.js?v=69e9bbea:204
[     297ms] [WARNING] i18next::languageUtils: rejecting language code not found in supportedLngs: zh @ http://localhost:5173/node_modules/.vite/deps/chunk-RCACHFWD.js?v=69e9bbea:204
[     297ms] [WARNING] i18next::languageUtils: rejecting language code not found in supportedLngs: zh @ http://localhost:5173/node_modules/.vite/deps/chunk-RCACHFWD.js?v=69e9bbea:204
[     298ms] [WARNING] i18next::languageUtils: rejecting language code not found in supportedLngs: zh @ http://localhost:5173/node_modules/.vite/deps/chunk-RCACHFWD.js?v=69e9bbea:204
[     298ms] [WARNING] i18next::languageUtils: rejecting language code not found in supportedLngs: zh @ http://localhost:5173/node_modules/.vite/deps/chunk-RCACHFWD.js?v=69e9bbea:204
[     298ms] [WARNING] i18next::languageUtils: rejecting language code not found in supportedLngs: zh @ http://localhost:5173/node_modules/.vite/deps/chunk-RCACHFWD.js?v=69e9bbea:204
[     298ms] [WARNING] i18next::languageUtils: rejecting language code not found in supportedLngs: zh @ http://localhost:5173/node_modules/.vite/deps/chunk-RCACHFWD.js?v=69e9bbea:204
[     298ms] [WARNING] i18next::languageUtils: rejecting language code not found in supportedLngs: zh @ http://localhost:5173/node_modules/.vite/deps/chunk-RCACHFWD.js?v=69e9bbea:204
[     304ms] [WARNING] i18next::languageUtils: rejecting language code not found in supportedLngs: zh @ http://localhost:5173/node_modules/.vite/deps/chunk-RCACHFWD.js?v=69e9bbea:204
[     304ms] [WARNING] i18next::languageUtils: rejecting language code not found in supportedLngs: zh @ http://localhost:5173/node_modules/.vite/deps/chunk-RCACHFWD.js?v=69e9bbea:204
[     304ms] [WARNING] i18next::languageUtils: rejecting language code not found in supportedLngs: zh @ http://localhost:5173/node_modules/.vite/deps/chunk-RCACHFWD.js?v=69e9bbea:204
[     305ms] [WARNING] i18next::languageUtils: rejecting language code not found in supportedLngs: zh @ http://localhost:5173/node_modules/.vite/deps/chunk-RCACHFWD.js?v=69e9bbea:204
[     305ms] [WARNING] i18next::languageUtils: rejecting language code not found in supportedLngs: zh @ http://localhost:5173/node_modules/.vite/deps/chunk-RCACHFWD.js?v=69e9bbea:204
[     305ms] [WARNING] i18next::languageUtils: rejecting language code not found in supportedLngs: zh @ http://localhost:5173/node_modules/.vite/deps/chunk-RCACHFWD.js?v=69e9bbea:204
[     335ms] [WARNING] [React Grab] v0.0.98 is outdated (latest: v0.1.11) @ http://localhost:5173/node_modules/.vite/deps/react-grab.js?v=51019f38:3589
[     339ms] [WARNING] i18next::languageUtils: rejecting language code not found in supportedLngs: zh @ http://localhost:5173/node_modules/.vite/deps/chunk-RCACHFWD.js?v=69e9bbea:204
[     340ms] [WARNING] i18next::languageUtils: rejecting language code not found in supportedLngs: zh @ http://localhost:5173/node_modules/.vite/deps/chunk-RCACHFWD.js?v=69e9bbea:204
[     340ms] [WARNING] i18next::languageUtils: rejecting language code not found in supportedLngs: zh @ http://localhost:5173/node_modules/.vite/deps/chunk-RCACHFWD.js?v=69e9bbea:204
[     340ms] [WARNING] i18next::languageUtils: rejecting language code not found in supportedLngs: zh @ http://localhost:5173/node_modules/.vite/deps/chunk-RCACHFWD.js?v=69e9bbea:204
[     340ms] [WARNING] i18next::languageUtils: rejecting language code not found in supportedLngs: zh @ http://localhost:5173/node_modules/.vite/deps/chunk-RCACHFWD.js?v=69e9bbea:204
[     340ms] [WARNING] i18next::languageUtils: rejecting language code not found in supportedLngs: zh @ http://localhost:5173/node_modules/.vite/deps/chunk-RCACHFWD.js?v=69e9bbea:204
[     341ms] [WARNING] i18next::languageUtils: rejecting language code not found in supportedLngs: zh @ http://localhost:5173/node_modules/.vite/deps/chunk-RCACHFWD.js?v=69e9bbea:204
[     341ms] [WARNING] i18next::languageUtils: rejecting language code not found in supportedLngs: zh @ http://localhost:5173/node_modules/.vite/deps/chunk-RCACHFWD.js?v=69e9bbea:204
[     341ms] [WARNING] i18next::languageUtils: rejecting language code not found in supportedLngs: zh @ http://localhost:5173/node_modules/.vite/deps/chunk-RCACHFWD.js?v=69e9bbea:204
[     341ms] [WARNING] i18next::languageUtils: rejecting language code not found in supportedLngs: zh @ http://localhost:5173/node_modules/.vite/deps/chunk-RCACHFWD.js?v=69e9bbea:204
[     341ms] [WARNING] i18next::languageUtils: rejecting language code not found in supportedLngs: zh @ http://localhost:5173/node_modules/.vite/deps/chunk-RCACHFWD.js?v=69e9bbea:204
[     342ms] [WARNING] i18next::languageUtils: rejecting language code not found in supportedLngs: zh @ http://localhost:5173/node_modules/.vite/deps/chunk-RCACHFWD.js?v=69e9bbea:204
[     346ms] [WARNING] i18next::languageUtils: rejecting language code not found in supportedLngs: zh @ http://localhost:5173/node_modules/.vite/deps/chunk-RCACHFWD.js?v=69e9bbea:204
[     347ms] [WARNING] i18next::languageUtils: rejecting language code not found in supportedLngs: zh @ http://localhost:5173/node_modules/.vite/deps/chunk-RCACHFWD.js?v=69e9bbea:204
[     351ms] [WARNING] i18next::languageUtils: rejecting language code not found in supportedLngs: zh @ http://localhost:5173/node_modules/.vite/deps/chunk-RCACHFWD.js?v=69e9bbea:204
[     351ms] [WARNING] i18next::languageUtils: rejecting language code not found in supportedLngs: zh @ http://localhost:5173/node_modules/.vite/deps/chunk-RCACHFWD.js?v=69e9bbea:204
[     352ms] [WARNING] i18next::languageUtils: rejecting language code not found in supportedLngs: zh @ http://localhost:5173/node_modules/.vite/deps/chunk-RCACHFWD.js?v=69e9bbea:204
[     352ms] [WARNING] i18next::languageUtils: rejecting language code not found in supportedLngs: zh @ http://localhost:5173/node_modules/.vite/deps/chunk-RCACHFWD.js?v=69e9bbea:204
[     352ms] [WARNING] i18next::languageUtils: rejecting language code not found in supportedLngs: zh @ http://localhost:5173/node_modules/.vite/deps/chunk-RCACHFWD.js?v=69e9bbea:204
[     352ms] [WARNING] i18next::languageUtils: rejecting language code not found in supportedLngs: zh @ http://localhost:5173/node_modules/.vite/deps/chunk-RCACHFWD.js?v=69e9bbea:204
[     352ms] [WARNING] i18next::languageUtils: rejecting language code not found in supportedLngs: zh @ http://localhost:5173/node_modules/.vite/deps/chunk-RCACHFWD.js?v=69e9bbea:204
[     352ms] [WARNING] i18next::languageUtils: rejecting language code not found in supportedLngs: zh @ http://localhost:5173/node_modules/.vite/deps/chunk-RCACHFWD.js?v=69e9bbea:204
[     352ms] [WARNING] i18next::languageUtils: rejecting language code not found in supportedLngs: zh @ http://localhost:5173/node_modules/.vite/deps/chunk-RCACHFWD.js?v=69e9bbea:204
[     353ms] [WARNING] i18next::languageUtils: rejecting language code not found in supportedLngs: zh @ http://localhost:5173/node_modules/.vite/deps/chunk-RCACHFWD.js?v=69e9bbea:204
[     353ms] [WARNING] i18next::languageUtils: rejecting language code not found in supportedLngs: zh @ http://localhost:5173/node_modules/.vite/deps/chunk-RCACHFWD.js?v=69e9bbea:204
[     353ms] [WARNING] i18next::languageUtils: rejecting language code not found in supportedLngs: zh @ http://localhost:5173/node_modules/.vite/deps/chunk-RCACHFWD.js?v=69e9bbea:204
[     353ms] [WARNING] i18next::languageUtils: rejecting language code not found in supportedLngs: zh @ http://localhost:5173/node_modules/.vite/deps/chunk-RCACHFWD.js?v=69e9bbea:204
[     353ms] [WARNING] i18next::languageUtils: rejecting language code not found in supportedLngs: zh @ http://localhost:5173/node_modules/.vite/deps/chunk-RCACHFWD.js?v=69e9bbea:204
[     353ms] [WARNING] i18next::languageUtils: rejecting language code not found in supportedLngs: zh @ http://localhost:5173/node_modules/.vite/deps/chunk-RCACHFWD.js?v=69e9bbea:204
[     353ms] [WARNING] i18next::languageUtils: rejecting language code not found in supportedLngs: zh @ http://localhost:5173/node_modules/.vite/deps/chunk-RCACHFWD.js?v=69e9bbea:204
[     354ms] [WARNING] i18next::languageUtils: rejecting language code not found in supportedLngs: zh @ http://localhost:5173/node_modules/.vite/deps/chunk-RCACHFWD.js?v=69e9bbea:204
[     354ms] [WARNING] i18next::languageUtils: rejecting language code not found in supportedLngs: zh @ http://localhost:5173/node_modules/.vite/deps/chunk-RCACHFWD.js?v=69e9bbea:204
[     354ms] [WARNING] i18next::languageUtils: rejecting language code not found in supportedLngs: zh @ http://localhost:5173/node_modules/.vite/deps/chunk-RCACHFWD.js?v=69e9bbea:204
[     354ms] [WARNING] i18next::languageUtils: rejecting language code not found in supportedLngs: zh @ http://localhost:5173/node_modules/.vite/deps/chunk-RCACHFWD.js?v=69e9bbea:204
[     354ms] [WARNING] i18next::languageUtils: rejecting language code not found in supportedLngs: zh @ http://localhost:5173/node_modules/.vite/deps/chunk-RCACHFWD.js?v=69e9bbea:204
[     354ms] [WARNING] i18next::languageUtils: rejecting language code not found in supportedLngs: zh @ http://localhost:5173/node_modules/.vite/deps/chunk-RCACHFWD.js?v=69e9bbea:204
[     354ms] [WARNING] i18next::languageUtils: rejecting language code not found in supportedLngs: zh @ http://localhost:5173/node_modules/.vite/deps/chunk-RCACHFWD.js?v=69e9bbea:204
[     355ms] [WARNING] i18next::languageUtils: rejecting language code not found in supportedLngs: zh @ http://localhost:5173/node_modules/.vite/deps/chunk-RCACHFWD.js?v=69e9bbea:204
[     355ms] [WARNING] i18next::languageUtils: rejecting language code not found in supportedLngs: zh @ http://localhost:5173/node_modules/.vite/deps/chunk-RCACHFWD.js?v=69e9bbea:204
[     355ms] [WARNING] i18next::languageUtils: rejecting language code not found in supportedLngs: zh @ http://localhost:5173/node_modules/.vite/deps/chunk-RCACHFWD.js?v=69e9bbea:204
[     355ms] [WARNING] i18next::languageUtils: rejecting language code not found in supportedLngs: zh @ http://localhost:5173/node_modules/.vite/deps/chunk-RCACHFWD.js?v=69e9bbea:204
[     355ms] [WARNING] i18next::languageUtils: rejecting language code not found in supportedLngs: zh @ http://localhost:5173/node_modules/.vite/deps/chunk-RCACHFWD.js?v=69e9bbea:204
[     355ms] [WARNING] i18next::languageUtils: rejecting language code not found in supportedLngs: zh @ http://localhost:5173/node_modules/.vite/deps/chunk-RCACHFWD.js?v=69e9bbea:204
[     356ms] [WARNING] i18next::languageUtils: rejecting language code not found in supportedLngs: zh @ http://localhost:5173/node_modules/.vite/deps/chunk-RCACHFWD.js?v=69e9bbea:204
[     356ms] [WARNING] i18next::languageUtils: rejecting language code not found in supportedLngs: zh @ http://localhost:5173/node_modules/.vite/deps/chunk-RCACHFWD.js?v=69e9bbea:204
[     356ms] [WARNING] i18next::languageUtils: rejecting language code not found in supportedLngs: zh @ http://localhost:5173/node_modules/.vite/deps/chunk-RCACHFWD.js?v=69e9bbea:204
[     356ms] [WARNING] i18next::languageUtils: rejecting language code not found in supportedLngs: zh @ http://localhost:5173/node_modules/.vite/deps/chunk-RCACHFWD.js?v=69e9bbea:204
[     357ms] [WARNING] i18next::languageUtils: rejecting language code not found in supportedLngs: zh @ http://localhost:5173/node_modules/.vite/deps/chunk-RCACHFWD.js?v=69e9bbea:204
[     357ms] [WARNING] i18next::languageUtils: rejecting language code not found in supportedLngs: zh @ http://localhost:5173/node_modules/.vite/deps/chunk-RCACHFWD.js?v=69e9bbea:204
[     357ms] [WARNING] i18next::languageUtils: rejecting language code not found in supportedLngs: zh @ http://localhost:5173/node_modules/.vite/deps/chunk-RCACHFWD.js?v=69e9bbea:204
[     357ms] [WARNING] i18next::languageUtils: rejecting language code not found in supportedLngs: zh @ http://localhost:5173/node_modules/.vite/deps/chunk-RCACHFWD.js?v=69e9bbea:204
[     357ms] [WARNING] i18next::languageUtils: rejecting language code not found in supportedLngs: zh @ http://localhost:5173/node_modules/.vite/deps/chunk-RCACHFWD.js?v=69e9bbea:204
[     358ms] [WARNING] i18next::languageUtils: rejecting language code not found in supportedLngs: zh @ http://localhost:5173/node_modules/.vite/deps/chunk-RCACHFWD.js?v=69e9bbea:204
[     358ms] [WARNING] i18next::languageUtils: rejecting language code not found in supportedLngs: zh @ http://localhost:5173/node_modules/.vite/deps/chunk-RCACHFWD.js?v=69e9bbea:204
[     358ms] [WARNING] i18next::languageUtils: rejecting language code not found in supportedLngs: zh @ http://localhost:5173/node_modules/.vite/deps/chunk-RCACHFWD.js?v=69e9bbea:204
[     358ms] [WARNING] i18next::languageUtils: rejecting language code not found in supportedLngs: zh @ http://localhost:5173/node_modules/.vite/deps/chunk-RCACHFWD.js?v=69e9bbea:204
[     358ms] [WARNING] i18next::languageUtils: rejecting language code not found in supportedLngs: zh @ http://localhost:5173/node_modules/.vite/deps/chunk-RCACHFWD.js?v=69e9bbea:204
[     358ms] [WARNING] i18next::languageUtils: rejecting language code not found in supportedLngs: zh @ http://localhost:5173/node_modules/.vite/deps/chunk-RCACHFWD.js?v=69e9bbea:204
[     359ms] [WARNING] i18next::languageUtils: rejecting language code not found in supportedLngs: zh @ http://localhost:5173/node_modules/.vite/deps/chunk-RCACHFWD.js?v=69e9bbea:204
[     359ms] [WARNING] i18next::languageUtils: rejecting language code not found in supportedLngs: zh @ http://localhost:5173/node_modules/.vite/deps/chunk-RCACHFWD.js?v=69e9bbea:204
[     359ms] [WARNING] i18next::languageUtils: rejecting language code not found in supportedLngs: zh @ http://localhost:5173/node_modules/.vite/deps/chunk-RCACHFWD.js?v=69e9bbea:204
[     359ms] [WARNING] i18next::languageUtils: rejecting language code not found in supportedLngs: zh @ http://localhost:5173/node_modules/.vite/deps/chunk-RCACHFWD.js?v=69e9bbea:204
[     359ms] [WARNING] i18next::languageUtils: rejecting language code not found in supportedLngs: zh @ http://localhost:5173/node_modules/.vite/deps/chunk-RCACHFWD.js?v=69e9bbea:204
[     359ms] [WARNING] i18next::languageUtils: rejecting language code not found in supportedLngs: zh @ http://localhost:5173/node_modules/.vite/deps/chunk-RCACHFWD.js?v=69e9bbea:204
[     359ms] [WARNING] i18next::languageUtils: rejecting language code not found in supportedLngs: zh @ http://localhost:5173/node_modules/.vite/deps/chunk-RCACHFWD.js?v=69e9bbea:204
[     360ms] [WARNING] i18next::languageUtils: rejecting language code not found in supportedLngs: zh @ http://localhost:5173/node_modules/.vite/deps/chunk-RCACHFWD.js?v=69e9bbea:204
[     360ms] [WARNING] i18next::languageUtils: rejecting language code not found in supportedLngs: zh @ http://localhost:5173/node_modules/.vite/deps/chunk-RCACHFWD.js?v=69e9bbea:204
[     360ms] [WARNING] i18next::languageUtils: rejecting language code not found in supportedLngs: zh @ http://localhost:5173/node_modules/.vite/deps/chunk-RCACHFWD.js?v=69e9bbea:204
[     360ms] [WARNING] i18next::languageUtils: rejecting language code not found in supportedLngs: zh @ http://localhost:5173/node_modules/.vite/deps/chunk-RCACHFWD.js?v=69e9bbea:204
[     360ms] [WARNING] i18next::languageUtils: rejecting language code not found in supportedLngs: zh @ http://localhost:5173/node_modules/.vite/deps/chunk-RCACHFWD.js?v=69e9bbea:204
[     360ms] [WARNING] i18next::languageUtils: rejecting language code not found in supportedLngs: zh @ http://localhost:5173/node_modules/.vite/deps/chunk-RCACHFWD.js?v=69e9bbea:204
[     360ms] [WARNING] i18next::languageUtils: rejecting language code not found in supportedLngs: zh @ http://localhost:5173/node_modules/.vite/deps/chunk-RCACHFWD.js?v=69e9bbea:204
[     361ms] [WARNING] i18next::languageUtils: rejecting language code not found in supportedLngs: zh @ http://localhost:5173/node_modules/.vite/deps/chunk-RCACHFWD.js?v=69e9bbea:204
[     361ms] [WARNING] i18next::languageUtils: rejecting language code not found in supportedLngs: zh @ http://localhost:5173/node_modules/.vite/deps/chunk-RCACHFWD.js?v=69e9bbea:204
[     361ms] [WARNING] i18next::languageUtils: rejecting language code not found in supportedLngs: zh @ http://localhost:5173/node_modules/.vite/deps/chunk-RCACHFWD.js?v=69e9bbea:204
[     361ms] [WARNING] i18next::languageUtils: rejecting language code not found in supportedLngs: zh @ http://localhost:5173/node_modules/.vite/deps/chunk-RCACHFWD.js?v=69e9bbea:204
[     365ms] [WARNING] i18next::languageUtils: rejecting language code not found in supportedLngs: zh @ http://localhost:5173/node_modules/.vite/deps/chunk-RCACHFWD.js?v=69e9bbea:204
[     365ms] [WARNING] i18next::languageUtils: rejecting language code not found in supportedLngs: zh @ http://localhost:5173/node_modules/.vite/deps/chunk-RCACHFWD.js?v=69e9bbea:204
[     365ms] [WARNING] i18next::languageUtils: rejecting language code not found in supportedLngs: zh @ http://localhost:5173/node_modules/.vite/deps/chunk-RCACHFWD.js?v=69e9bbea:204
[     365ms] [WARNING] i18next::languageUtils: rejecting language code not found in supportedLngs: zh @ http://localhost:5173/node_modules/.vite/deps/chunk-RCACHFWD.js?v=69e9bbea:204
[     366ms] [WARNING] i18next::languageUtils: rejecting language code not found in supportedLngs: zh @ http://localhost:5173/node_modules/.vite/deps/chunk-RCACHFWD.js?v=69e9bbea:204
[     366ms] [WARNING] i18next::languageUtils: rejecting language code not found in supportedLngs: zh @ http://localhost:5173/node_modules/.vite/deps/chunk-RCACHFWD.js?v=69e9bbea:204
[     572ms] [WARNING] i18next::languageUtils: rejecting language code not found in supportedLngs: zh @ http://localhost:5173/node_modules/.vite/deps/chunk-RCACHFWD.js?v=69e9bbea:204
[     573ms] [WARNING] i18next::languageUtils: rejecting language code not found in supportedLngs: zh @ http://localhost:5173/node_modules/.vite/deps/chunk-RCACHFWD.js?v=69e9bbea:204
[    2411ms] [ERROR] Failed to load resource: net::ERR_CONNECTION_REFUSED @ http://localhost:4567/health:0
[   17310ms] [WARNING] i18next::languageUtils: rejecting language code not found in supportedLngs: zh @ http://localhost:5173/node_modules/.vite/deps/chunk-RCACHFWD.js?v=69e9bbea:204
[   17310ms] [WARNING] i18next::languageUtils: rejecting language code not found in supportedLngs: zh @ http://localhost:5173/node_modules/.vite/deps/chunk-RCACHFWD.js?v=69e9bbea:204
[   17311ms] [WARNING] i18next::languageUtils: rejecting language code not found in supportedLngs: zh @ http://localhost:5173/node_modules/.vite/deps/chunk-RCACHFWD.js?v=69e9bbea:204
[   17311ms] [WARNING] i18next::languageUtils: rejecting language code not found in supportedLngs: zh @ http://localhost:5173/node_modules/.vite/deps/chunk-RCACHFWD.js?v=69e9bbea:204
[   17311ms] [WARNING] i18next::languageUtils: rejecting language code not found in supportedLngs: zh @ http://localhost:5173/node_modules/.vite/deps/chunk-RCACHFWD.js?v=69e9bbea:204
[   17311ms] [WARNING] i18next::languageUtils: rejecting language code not found in supportedLngs: zh @ http://localhost:5173/node_modules/.vite/deps/chunk-RCACHFWD.js?v=69e9bbea:204
[   17311ms] [WARNING] i18next::languageUtils: rejecting language code not found in supportedLngs: zh @ http://localhost:5173/node_modules/.vite/deps/chunk-RCACHFWD.js?v=69e9bbea:204
[   17311ms] [WARNING] i18next::languageUtils: rejecting language code not found in supportedLngs: zh @ http://localhost:5173/node_modules/.vite/deps/chunk-RCACHFWD.js?v=69e9bbea:204
[   17312ms] [WARNING] i18next::languageUtils: rejecting language code not found in supportedLngs: zh @ http://localhost:5173/node_modules/.vite/deps/chunk-RCACHFWD.js?v=69e9bbea:204
[   17312ms] [WARNING] i18next::languageUtils: rejecting language code not found in supportedLngs: zh @ http://localhost:5173/node_modules/.vite/deps/chunk-RCACHFWD.js?v=69e9bbea:204
[   17312ms] [WARNING] i18next::languageUtils: rejecting language code not found in supportedLngs: zh @ http://localhost:5173/node_modules/.vite/deps/chunk-RCACHFWD.js?v=69e9bbea:204
[   17312ms] [WARNING] i18next::languageUtils: rejecting language code not found in supportedLngs: zh @ http://localhost:5173/node_modules/.vite/deps/chunk-RCACHFWD.js?v=69e9bbea:204
[   17312ms] [WARNING] i18next::languageUtils: rejecting language code not found in supportedLngs: zh @ http://localhost:5173/node_modules/.vite/deps/chunk-RCACHFWD.js?v=69e9bbea:204
[   17312ms] [WARNING] i18next::languageUtils: rejecting language code not found in supportedLngs: zh @ http://localhost:5173/node_modules/.vite/deps/chunk-RCACHFWD.js?v=69e9bbea:204
[   17313ms] [WARNING] i18next::languageUtils: rejecting language code not found in supportedLngs: zh @ http://localhost:5173/node_modules/.vite/deps/chunk-RCACHFWD.js?v=69e9bbea:204
[   17313ms] [WARNING] i18next::languageUtils: rejecting language code not found in supportedLngs: zh @ http://localhost:5173/node_modules/.vite/deps/chunk-RCACHFWD.js?v=69e9bbea:204
[   17313ms] [WARNING] i18next::languageUtils: rejecting language code not found in supportedLngs: zh @ http://localhost:5173/node_modules/.vite/deps/chunk-RCACHFWD.js?v=69e9bbea:204
[   17313ms] [WARNING] i18next::languageUtils: rejecting language code not found in supportedLngs: zh @ http://localhost:5173/node_modules/.vite/deps/chunk-RCACHFWD.js?v=69e9bbea:204
[   17313ms] [WARNING] i18next::languageUtils: rejecting language code not found in supportedLngs: zh @ http://localhost:5173/node_modules/.vite/deps/chunk-RCACHFWD.js?v=69e9bbea:204
[   17313ms] [WARNING] i18next::languageUtils: rejecting language code not found in supportedLngs: zh @ http://localhost:5173/node_modules/.vite/deps/chunk-RCACHFWD.js?v=69e9bbea:204
[   17314ms] [WARNING] i18next::languageUtils: rejecting language code not found in supportedLngs: zh @ http://localhost:5173/node_modules/.vite/deps/chunk-RCACHFWD.js?v=69e9bbea:204
[   17314ms] [WARNING] i18next::languageUtils: rejecting language code not found in supportedLngs: zh @ http://localhost:5173/node_modules/.vite/deps/chunk-RCACHFWD.js?v=69e9bbea:204
[   17314ms] [WARNING] i18next::languageUtils: rejecting language code not found in supportedLngs: zh @ http://localhost:5173/node_modules/.vite/deps/chunk-RCACHFWD.js?v=69e9bbea:204
[   17314ms] [WARNING] i18next::languageUtils: rejecting language code not found in supportedLngs: zh @ http://localhost:5173/node_modules/.vite/deps/chunk-RCACHFWD.js?v=69e9bbea:204
[   17314ms] [WARNING] i18next::languageUtils: rejecting language code not found in supportedLngs: zh @ http://localhost:5173/node_modules/.vite/deps/chunk-RCACHFWD.js?v=69e9bbea:204
[   17315ms] [WARNING] i18next::languageUtils: rejecting language code not found in supportedLngs: zh @ http://localhost:5173/node_modules/.vite/deps/chunk-RCACHFWD.js?v=69e9bbea:204
[   17315ms] [WARNING] i18next::languageUtils: rejecting language code not found in supportedLngs: zh @ http://localhost:5173/node_modules/.vite/deps/chunk-RCACHFWD.js?v=69e9bbea:204
[   17315ms] [WARNING] i18next::languageUtils: rejecting language code not found in supportedLngs: zh @ http://localhost:5173/node_modules/.vite/deps/chunk-RCACHFWD.js?v=69e9bbea:204
[   17315ms] [WARNING] i18next::languageUtils: rejecting language code not found in supportedLngs: zh @ http://localhost:5173/node_modules/.vite/deps/chunk-RCACHFWD.js?v=69e9bbea:204
[   17315ms] [WARNING] i18next::languageUtils: rejecting language code not found in supportedLngs: zh @ http://localhost:5173/node_modules/.vite/deps/chunk-RCACHFWD.js?v=69e9bbea:204
[   17315ms] [WARNING] i18next::languageUtils: rejecting language code not found in supportedLngs: zh @ http://localhost:5173/node_modules/.vite/deps/chunk-RCACHFWD.js?v=69e9bbea:204
[   17316ms] [WARNING] i18next::languageUtils: rejecting language code not found in supportedLngs: zh @ http://localhost:5173/node_modules/.vite/deps/chunk-RCACHFWD.js?v=69e9bbea:204
[   17316ms] [WARNING] i18next::languageUtils: rejecting language code not found in supportedLngs: zh @ http://localhost:5173/node_modules/.vite/deps/chunk-RCACHFWD.js?v=69e9bbea:204
[   17316ms] [WARNING] i18next::languageUtils: rejecting language code not found in supportedLngs: zh @ http://localhost:5173/node_modules/.vite/deps/chunk-RCACHFWD.js?v=69e9bbea:204
[   17316ms] [WARNING] i18next::languageUtils: rejecting language code not found in supportedLngs: zh @ http://localhost:5173/node_modules/.vite/deps/chunk-RCACHFWD.js?v=69e9bbea:204
[   17316ms] [WARNING] i18next::languageUtils: rejecting language code not found in supportedLngs: zh @ http://localhost:5173/node_modules/.vite/deps/chunk-RCACHFWD.js?v=69e9bbea:204
[   17316ms] [WARNING] i18next::languageUtils: rejecting language code not found in supportedLngs: zh @ http://localhost:5173/node_modules/.vite/deps/chunk-RCACHFWD.js?v=69e9bbea:204
[   17317ms] [WARNING] i18next::languageUtils: rejecting language code not found in supportedLngs: zh @ http://localhost:5173/node_modules/.vite/deps/chunk-RCACHFWD.js?v=69e9bbea:204
[   17317ms] [WARNING] i18next::languageUtils: rejecting language code not found in supportedLngs: zh @ http://localhost:5173/node_modules/.vite/deps/chunk-RCACHFWD.js?v=69e9bbea:204
[   17317ms] [WARNING] i18next::languageUtils: rejecting language code not found in supportedLngs: zh @ http://localhost:5173/node_modules/.vite/deps/chunk-RCACHFWD.js?v=69e9bbea:204
[   17317ms] [WARNING] i18next::languageUtils: rejecting language code not found in supportedLngs: zh @ http://localhost:5173/node_modules/.vite/deps/chunk-RCACHFWD.js?v=69e9bbea:204
[   17317ms] [WARNING] i18next::languageUtils: rejecting language code not found in supportedLngs: zh @ http://localhost:5173/node_modules/.vite/deps/chunk-RCACHFWD.js?v=69e9bbea:204
[   17317ms] [WARNING] i18next::languageUtils: rejecting language code not found in supportedLngs: zh @ http://localhost:5173/node_modules/.vite/deps/chunk-RCACHFWD.js?v=69e9bbea:204
[   17318ms] [WARNING] i18next::languageUtils: rejecting language code not found in supportedLngs: zh @ http://localhost:5173/node_modules/.vite/deps/chunk-RCACHFWD.js?v=69e9bbea:204
[   17318ms] [WARNING] i18next::languageUtils: rejecting language code not found in supportedLngs: zh @ http://localhost:5173/node_modules/.vite/deps/chunk-RCACHFWD.js?v=69e9bbea:204
[   17318ms] [WARNING] i18next::languageUtils: rejecting language code not found in supportedLngs: zh @ http://localhost:5173/node_modules/.vite/deps/chunk-RCACHFWD.js?v=69e9bbea:204
[   17318ms] [WARNING] i18next::languageUtils: rejecting language code not found in supportedLngs: zh @ http://localhost:5173/node_modules/.vite/deps/chunk-RCACHFWD.js?v=69e9bbea:204
[   17318ms] [WARNING] i18next::languageUtils: rejecting language code not found in supportedLngs: zh @ http://localhost:5173/node_modules/.vite/deps/chunk-RCACHFWD.js?v=69e9bbea:204
[   17319ms] [WARNING] i18next::languageUtils: rejecting language code not found in supportedLngs: zh @ http://localhost:5173/node_modules/.vite/deps/chunk-RCACHFWD.js?v=69e9bbea:204
[   17319ms] [WARNING] i18next::languageUtils: rejecting language code not found in supportedLngs: zh @ http://localhost:5173/node_modules/.vite/deps/chunk-RCACHFWD.js?v=69e9bbea:204
[   17319ms] [WARNING] i18next::languageUtils: rejecting language code not found in supportedLngs: zh @ http://localhost:5173/node_modules/.vite/deps/chunk-RCACHFWD.js?v=69e9bbea:204
[   17319ms] [WARNING] i18next::languageUtils: rejecting language code not found in supportedLngs: zh @ http://localhost:5173/node_modules/.vite/deps/chunk-RCACHFWD.js?v=69e9bbea:204
[   17319ms] [WARNING] i18next::languageUtils: rejecting language code not found in supportedLngs: zh @ http://localhost:5173/node_modules/.vite/deps/chunk-RCACHFWD.js?v=69e9bbea:204
[   17320ms] [WARNING] i18next::languageUtils: rejecting language code not found in supportedLngs: zh @ http://localhost:5173/node_modules/.vite/deps/chunk-RCACHFWD.js?v=69e9bbea:204
[   17320ms] [WARNING] i18next::languageUtils: rejecting language code not found in supportedLngs: zh @ http://localhost:5173/node_modules/.vite/deps/chunk-RCACHFWD.js?v=69e9bbea:204
[   17320ms] [WARNING] i18next::languageUtils: rejecting language code not found in supportedLngs: zh @ http://localhost:5173/node_modules/.vite/deps/chunk-RCACHFWD.js?v=69e9bbea:204
[   17320ms] [WARNING] i18next::languageUtils: rejecting language code not found in supportedLngs: zh @ http://localhost:5173/node_modules/.vite/deps/chunk-RCACHFWD.js?v=69e9bbea:204
[   17320ms] [WARNING] i18next::languageUtils: rejecting language code not found in supportedLngs: zh @ http://localhost:5173/node_modules/.vite/deps/chunk-RCACHFWD.js?v=69e9bbea:204
[   17320ms] [WARNING] i18next::languageUtils: rejecting language code not found in supportedLngs: zh @ http://localhost:5173/node_modules/.vite/deps/chunk-RCACHFWD.js?v=69e9bbea:204
[   17321ms] [WARNING] i18next::languageUtils: rejecting language code not found in supportedLngs: zh @ http://localhost:5173/node_modules/.vite/deps/chunk-RCACHFWD.js?v=69e9bbea:204
[   17321ms] [WARNING] i18next::languageUtils: rejecting language code not found in supportedLngs: zh @ http://localhost:5173/node_modules/.vite/deps/chunk-RCACHFWD.js?v=69e9bbea:204
[   17321ms] [WARNING] i18next::languageUtils: rejecting language code not found in supportedLngs: zh @ http://localhost:5173/node_modules/.vite/deps/chunk-RCACHFWD.js?v=69e9bbea:204
[   17322ms] [WARNING] i18next::languageUtils: rejecting language code not found in supportedLngs: zh @ http://localhost:5173/node_modules/.vite/deps/chunk-RCACHFWD.js?v=69e9bbea:204
[   17322ms] [WARNING] i18next::languageUtils: rejecting language code not found in supportedLngs: zh @ http://localhost:5173/node_modules/.vite/deps/chunk-RCACHFWD.js?v=69e9bbea:204
[   17323ms] [WARNING] i18next::languageUtils: rejecting language code not found in supportedLngs: zh @ http://localhost:5173/node_modules/.vite/deps/chunk-RCACHFWD.js?v=69e9bbea:204
[   17323ms] [WARNING] i18next::languageUtils: rejecting language code not found in supportedLngs: zh @ http://localhost:5173/node_modules/.vite/deps/chunk-RCACHFWD.js?v=69e9bbea:204
[   17323ms] [WARNING] i18next::languageUtils: rejecting language code not found in supportedLngs: zh @ http://localhost:5173/node_modules/.vite/deps/chunk-RCACHFWD.js?v=69e9bbea:204
[   17323ms] [WARNING] i18next::languageUtils: rejecting language code not found in supportedLngs: zh @ http://localhost:5173/node_modules/.vite/deps/chunk-RCACHFWD.js?v=69e9bbea:204
